#
# There is insufficient memory for the Java Runtime Environment to continue.
# Native memory allocation (mmap) failed to map 845152256 bytes for G1 virtual space
# Possible reasons:
#   The system is out of physical RAM or swap space
#   The process is running with CompressedOops enabled, and the Java Heap may be blocking the growth of the native heap
# Possible solutions:
#   Reduce memory load on the system
#   Increase physical memory or swap space
#   Check if swap backing store is full
#   Decrease Java heap size (-Xmx/-Xms)
#   Decrease number of Java threads
#   Decrease Java thread stack sizes (-Xss)
#   Set larger code cache with -XX:ReservedCodeCacheSize=
#   JVM is running with Zero Based Compressed Oops mode in which the Java heap is
#     placed in the first 32GB address space. The Java Heap base address is the
#     maximum limit for the native heap growth. Please use -XX:HeapBaseMinAddress
#     to set the Java Heap base and to place the Java Heap above 32GB virtual address.
# This output file may be truncated or incomplete.
#
#  Out of Memory Error (os_windows.cpp:3532), pid=13328, tid=7564
#
# JRE version: Java(TM) SE Runtime Environment (17.0.2+8) (build 17.0.2+8-LTS-86)
# Java VM: Java HotSpot(TM) 64-Bit Server VM (17.0.2+8-LTS-86, mixed mode, sharing, tiered, compressed oops, compressed class ptrs, g1 gc, windows-amd64)
# No core dump will be written. Minidumps are not enabled by default on client versions of Windows
#

---------------  S U M M A R Y ------------

Command Line: -Dfile.encoding=windows-1252 -Duser.country=US -Duser.language=en -Duser.variant --module-path=D:\study\Sfour\POO\TP\build\libs\tp-1.0-SNAPSHOT.jar;D:\study\Sfour\POO\TP\build\classes\java\main;C:\Users\pc\.gradle\caches\modules-2\files-2.1\org.openjfx\javafx-fxml\17.0.1\3c4928d8de8e84617b28d370ac1115a1a2267c68\javafx-fxml-17.0.1-win.jar;C:\Users\pc\.gradle\caches\modules-2\files-2.1\org.openjfx\javafx-controls\17.0.1\dd2e517c9638c07325836d17557a365b484fd6c7\javafx-controls-17.0.1-win.jar;C:\Users\pc\.gradle\caches\modules-2\files-2.1\org.openjfx\javafx-controls\17.0.1\4aa202089425f7b3bac4566e98da4b94ad10ee00\javafx-controls-17.0.1.jar;C:\Users\pc\.gradle\caches\modules-2\files-2.1\org.openjfx\javafx-graphics\17.0.1\5e29de2d1e6320c2c8c4af9fef186d82f3953155\javafx-graphics-17.0.1-win.jar;C:\Users\pc\.gradle\caches\modules-2\files-2.1\org.openjfx\javafx-graphics\17.0.1\324fd0f6c9c55330fc64a44dde0887d9646e800a\javafx-graphics-17.0.1.jar;C:\Users\pc\.gradle\caches\modules-2\files-2.1\org.openjfx\javafx-base\17.0.1\174ca1357249f26d154583886cda6f20ba1b7887\javafx-base-17.0.1-win.jar;C:\Users\pc\.gradle\caches\modules-2\files-2.1\org.openjfx\javafx-base\17.0.1\2c53dcf0d89ff42a63b09d941cab75c5a052ef32\javafx-base-17.0.1.jar -Djdk.module.main=com.company.tp com.company.tp/com.company.tp.HelloApplication

Host: Intel(R) Core(TM) i7-7500U CPU @ 2.70GHz, 4 cores, 11G,  Windows 10 , 64 bit Build 17763 (10.0.17763.2803)
Time: Wed May 11 00:55:22 2022 W. Central Africa Standard Time elapsed time: 2.601859 seconds (0d 0h 0m 2s)

---------------  T H R E A D  ---------------

Current thread (0x000002877ea41f50):  VMThread "VM Thread" [stack: 0x000000921af00000,0x000000921b000000] [id=7564]

Stack: [0x000000921af00000,0x000000921b000000]
Native frames: (J=compiled Java code, j=interpreted, Vv=VM code, C=native code)
V  [jvm.dll+0x670baa]
V  [jvm.dll+0x7cfcb4]
V  [jvm.dll+0x7d145e]
V  [jvm.dll+0x7d1ac3]
V  [jvm.dll+0x242bc5]
V  [jvm.dll+0x66dac9]
V  [jvm.dll+0x662412]
V  [jvm.dll+0x300c0b]
V  [jvm.dll+0x3081a6]
V  [jvm.dll+0x357d0e]
V  [jvm.dll+0x357f3f]
V  [jvm.dll+0x2d7ec8]
V  [jvm.dll+0x2d6194]
V  [jvm.dll+0x2d579c]
V  [jvm.dll+0x3190eb]
V  [jvm.dll+0x7d5f9b]
V  [jvm.dll+0x7d6cd4]
V  [jvm.dll+0x7d71ec]
V  [jvm.dll+0x7d75c4]
V  [jvm.dll+0x7d7690]
V  [jvm.dll+0x77ff7a]
V  [jvm.dll+0x66fa35]
C  [ucrtbase.dll+0x2268a]
C  [KERNEL32.DLL+0x17974]
C  [ntdll.dll+0x5a2f1]

VM_Operation (0x000000921c2fe0e0): G1CollectForAllocation, mode: safepoint, requested by thread 0x000002877fbeb730


---------------  P R O C E S S  ---------------

Threads class SMR info:
_java_thread_list=0x000002877fd87930, length=18, elements={
0x000002875ec334c0, 0x000002877ea465f0, 0x000002877ea48380, 0x000002877ea595d0,
0x000002877ea5b0a0, 0x000002877ea5da70, 0x000002877ea5e330, 0x000002877ea5efd0,
0x000002877ea5f980, 0x000002877ea64a40, 0x000002875ecfc890, 0x000002877f4b4cf0,
0x000002877f7fe510, 0x000002877f968230, 0x000002877fbd45f0, 0x000002877fbeb730,
0x000002877fd44930, 0x000002877fd45210
}

Java Threads: ( => current thread )
  0x000002875ec334c0 JavaThread "main" [_thread_blocked, id=14156, stack(0x000000921a900000,0x000000921aa00000)]
  0x000002877ea465f0 JavaThread "Reference Handler" daemon [_thread_blocked, id=9664, stack(0x000000921b000000,0x000000921b100000)]
  0x000002877ea48380 JavaThread "Finalizer" daemon [_thread_blocked, id=14736, stack(0x000000921b100000,0x000000921b200000)]
  0x000002877ea595d0 JavaThread "Signal Dispatcher" daemon [_thread_blocked, id=16528, stack(0x000000921b200000,0x000000921b300000)]
  0x000002877ea5b0a0 JavaThread "Attach Listener" daemon [_thread_blocked, id=7468, stack(0x000000921b300000,0x000000921b400000)]
  0x000002877ea5da70 JavaThread "Service Thread" daemon [_thread_blocked, id=16232, stack(0x000000921b400000,0x000000921b500000)]
  0x000002877ea5e330 JavaThread "Monitor Deflation Thread" daemon [_thread_blocked, id=1804, stack(0x000000921b500000,0x000000921b600000)]
  0x000002877ea5efd0 JavaThread "C2 CompilerThread0" daemon [_thread_blocked, id=10548, stack(0x000000921b600000,0x000000921b700000)]
  0x000002877ea5f980 JavaThread "C1 CompilerThread0" daemon [_thread_blocked, id=15332, stack(0x000000921b700000,0x000000921b800000)]
  0x000002877ea64a40 JavaThread "Sweeper thread" daemon [_thread_blocked, id=3872, stack(0x000000921b800000,0x000000921b900000)]
  0x000002875ecfc890 JavaThread "Common-Cleaner" daemon [_thread_blocked, id=9660, stack(0x000000921b900000,0x000000921ba00000)]
  0x000002877f4b4cf0 JavaThread "C2 CompilerThread1" daemon [_thread_blocked, id=10404, stack(0x000000921ba00000,0x000000921bb00000)]
  0x000002877f7fe510 JavaThread "Notification Thread" daemon [_thread_blocked, id=15376, stack(0x000000921bb00000,0x000000921bc00000)]
  0x000002877f968230 JavaThread "QuantumRenderer-0" daemon [_thread_blocked, id=15788, stack(0x000000921c000000,0x000000921c100000)]
  0x000002877fbd45f0 JavaThread "InvokeLaterDispatcher" daemon [_thread_blocked, id=8284, stack(0x000000921c100000,0x000000921c200000)]
  0x000002877fbeb730 JavaThread "JavaFX Application Thread" [_thread_blocked, id=7256, stack(0x000000921c200000,0x000000921c300000)]
  0x000002877fd44930 JavaThread "Thread-1" daemon [_thread_blocked, id=15136, stack(0x000000921c600000,0x000000921c700000)]
  0x000002877fd45210 JavaThread "JavaFX-Launcher" [_thread_blocked, id=8888, stack(0x000000921c700000,0x000000921c800000)]

Other Threads:
=>0x000002877ea41f50 VMThread "VM Thread" [stack: 0x000000921af00000,0x000000921b000000] [id=7564]
  0x000002877f68a0d0 WatcherThread [stack: 0x000000921bc00000,0x000000921bd00000] [id=11512]
  0x000002875ec76d60 GCTaskThread "GC Thread#0" [stack: 0x000000921aa00000,0x000000921ab00000] [id=11268]
  0x000002877f9707c0 GCTaskThread "GC Thread#1" [stack: 0x000000921bd00000,0x000000921be00000] [id=11860]
  0x000002877f970a70 GCTaskThread "GC Thread#2" [stack: 0x000000921be00000,0x000000921bf00000] [id=14236]
  0x000002877f970d20 GCTaskThread "GC Thread#3" [stack: 0x000000921bf00000,0x000000921c000000] [id=13420]
  0x000002875ec85a10 ConcurrentGCThread "G1 Main Marker" [stack: 0x000000921ab00000,0x000000921ac00000] [id=13904]
  0x000002875ec86ef0 ConcurrentGCThread "G1 Conc#0" [stack: 0x000000921ac00000,0x000000921ad00000] [id=3228]
  0x000002875ecea780 ConcurrentGCThread "G1 Refine#0" [stack: 0x000000921ad00000,0x000000921ae00000] [id=10596]
  0x0000028708af25d0 ConcurrentGCThread "G1 Refine#1" [stack: 0x000000921c800000,0x000000921c900000] [id=14280]
  0x0000028708af1d30 ConcurrentGCThread "G1 Refine#2" [stack: 0x000000921c900000,0x000000921ca00000] [id=7600]
  0x000002875eceb0b0 ConcurrentGCThread "G1 Service" [stack: 0x000000921ae00000,0x000000921af00000] [id=13728]

Threads with active compile tasks:

VM state: at safepoint (normal execution)

VM Mutex/Monitor currently owned by a thread:  ([mutex/lock_event])
[0x000002875ec2f460] Threads_lock - owner thread: 0x000002877ea41f50
[0x000002875ec304b0] Heap_lock - owner thread: 0x000002877fbeb730

Heap address: 0x0000000741c00000, size: 3044 MB, Compressed Oops mode: Zero based, Oop shift amount: 3

CDS archive(s) mapped at: [0x0000000800000000-0x0000000800bc0000-0x0000000800bc0000), size 12320768, SharedBaseAddress: 0x0000000800000000, ArchiveRelocationMode: 0.
Compressed class space mapped at: 0x0000000800c00000-0x0000000840c00000, reserved size: 1073741824
Narrow klass base: 0x0000000800000000, Narrow klass shift: 0, Narrow klass range: 0x100000000

GC Precious Log:
 CPUs: 4 total, 4 available
 Memory: 12169M
 Large Page Support: Disabled
 NUMA Support: Disabled
 Compressed Oops: Enabled (Zero based)
 Heap Region Size: 2M
 Heap Min Capacity: 8M
 Heap Initial Capacity: 192M
 Heap Max Capacity: 3044M
 Pre-touch: Disabled
 Parallel Workers: 4
 Concurrent Workers: 1
 Concurrent Refinement Workers: 4
 Periodic GC: Disabled

Heap:
 garbage-first heap   total 630784K, used 287744K [0x0000000741c00000, 0x0000000800000000)
  region size 2048K, 6 young (12288K), 6 survivors (12288K)
 Metaspace       used 8871K, committed 9152K, reserved 1064960K
  class space    used 1154K, committed 1280K, reserved 1048576K

Heap Regions: E=young(eden), S=young(survivor), O=old, HS=humongous(starts), HC=humongous(continues), CS=collection set, F=free, OA=open archive, CA=closed archive, TAMS=top-at-mark-start (previous, next)
|   0|0x0000000741c00000, 0x0000000741e00000, 0x0000000741e00000|100%| O|  |TAMS 0x0000000741e00000, 0x0000000741c00000| Untracked 
|   1|0x0000000741e00000, 0x0000000742000000, 0x0000000742000000|100%| O|  |TAMS 0x0000000742000000, 0x0000000741e00000| Untracked 
|   2|0x0000000742000000, 0x0000000742200000, 0x0000000742200000|100%| O|  |TAMS 0x0000000742200000, 0x0000000742000000| Untracked 
|   3|0x0000000742200000, 0x0000000742400000, 0x0000000742400000|100%| O|  |TAMS 0x0000000742400000, 0x0000000742200000| Untracked 
|   4|0x0000000742400000, 0x0000000742600000, 0x0000000742600000|100%| O|  |TAMS 0x0000000742600000, 0x0000000742400000| Untracked 
|   5|0x0000000742600000, 0x0000000742800000, 0x0000000742800000|100%| O|  |TAMS 0x0000000742800000, 0x0000000742600000| Untracked 
|   6|0x0000000742800000, 0x0000000742a00000, 0x0000000742a00000|100%| O|  |TAMS 0x0000000742a00000, 0x0000000742800000| Untracked 
|   7|0x0000000742a00000, 0x0000000742c00000, 0x0000000742c00000|100%| O|  |TAMS 0x0000000742c00000, 0x0000000742a00000| Untracked 
|   8|0x0000000742c00000, 0x0000000742e00000, 0x0000000742e00000|100%| O|  |TAMS 0x0000000742e00000, 0x0000000742c00000| Untracked 
|   9|0x0000000742e00000, 0x0000000743000000, 0x0000000743000000|100%| O|  |TAMS 0x0000000743000000, 0x0000000742e00000| Untracked 
|  10|0x0000000743000000, 0x0000000743200000, 0x0000000743200000|100%| O|  |TAMS 0x0000000743200000, 0x0000000743000000| Untracked 
|  11|0x0000000743200000, 0x0000000743400000, 0x0000000743400000|100%| O|  |TAMS 0x0000000743400000, 0x0000000743200000| Untracked 
|  12|0x0000000743400000, 0x0000000743600000, 0x0000000743600000|100%| O|  |TAMS 0x0000000743600000, 0x0000000743400000| Untracked 
|  13|0x0000000743600000, 0x0000000743800000, 0x0000000743800000|100%| O|  |TAMS 0x0000000743800000, 0x0000000743600000| Untracked 
|  14|0x0000000743800000, 0x0000000743a00000, 0x0000000743a00000|100%| O|  |TAMS 0x0000000743a00000, 0x0000000743800000| Untracked 
|  15|0x0000000743a00000, 0x0000000743c00000, 0x0000000743c00000|100%| O|  |TAMS 0x0000000743c00000, 0x0000000743a00000| Untracked 
|  16|0x0000000743c00000, 0x0000000743e00000, 0x0000000743e00000|100%| O|  |TAMS 0x0000000743e00000, 0x0000000743c00000| Untracked 
|  17|0x0000000743e00000, 0x0000000744000000, 0x0000000744000000|100%| O|  |TAMS 0x0000000744000000, 0x0000000743e00000| Untracked 
|  18|0x0000000744000000, 0x0000000744200000, 0x0000000744200000|100%| O|  |TAMS 0x0000000744200000, 0x0000000744000000| Untracked 
|  19|0x0000000744200000, 0x0000000744400000, 0x0000000744400000|100%| O|  |TAMS 0x0000000744400000, 0x0000000744200000| Untracked 
|  20|0x0000000744400000, 0x0000000744600000, 0x0000000744600000|100%| O|  |TAMS 0x0000000744600000, 0x0000000744400000| Untracked 
|  21|0x0000000744600000, 0x0000000744800000, 0x0000000744800000|100%| O|  |TAMS 0x0000000744800000, 0x0000000744600000| Untracked 
|  22|0x0000000744800000, 0x0000000744a00000, 0x0000000744a00000|100%| O|  |TAMS 0x0000000744a00000, 0x0000000744800000| Untracked 
|  23|0x0000000744a00000, 0x0000000744c00000, 0x0000000744c00000|100%| O|  |TAMS 0x0000000744c00000, 0x0000000744a00000| Untracked 
|  24|0x0000000744c00000, 0x0000000744e00000, 0x0000000744e00000|100%| O|  |TAMS 0x0000000744e00000, 0x0000000744c00000| Untracked 
|  25|0x0000000744e00000, 0x0000000745000000, 0x0000000745000000|100%| O|  |TAMS 0x0000000745000000, 0x0000000744e00000| Untracked 
|  26|0x0000000745000000, 0x0000000745200000, 0x0000000745200000|100%| O|  |TAMS 0x0000000745200000, 0x0000000745000000| Untracked 
|  27|0x0000000745200000, 0x0000000745400000, 0x0000000745400000|100%| O|  |TAMS 0x0000000745400000, 0x0000000745200000| Untracked 
|  28|0x0000000745400000, 0x0000000745600000, 0x0000000745600000|100%| O|  |TAMS 0x0000000745600000, 0x0000000745400000| Untracked 
|  29|0x0000000745600000, 0x0000000745800000, 0x0000000745800000|100%| O|  |TAMS 0x0000000745800000, 0x0000000745600000| Untracked 
|  30|0x0000000745800000, 0x0000000745a00000, 0x0000000745a00000|100%| O|  |TAMS 0x0000000745a00000, 0x0000000745800000| Untracked 
|  31|0x0000000745a00000, 0x0000000745c00000, 0x0000000745c00000|100%| O|  |TAMS 0x0000000745a00000, 0x0000000745a00000| Untracked 
|  32|0x0000000745c00000, 0x0000000745e00000, 0x0000000745e00000|100%| O|  |TAMS 0x0000000745c00000, 0x0000000745c00000| Untracked 
|  33|0x0000000745e00000, 0x0000000746000000, 0x0000000746000000|100%| O|  |TAMS 0x0000000745e00000, 0x0000000745e00000| Untracked 
|  34|0x0000000746000000, 0x0000000746200000, 0x0000000746200000|100%| O|  |TAMS 0x0000000746000000, 0x0000000746000000| Untracked 
|  35|0x0000000746200000, 0x0000000746400000, 0x0000000746400000|100%| O|  |TAMS 0x0000000746200000, 0x0000000746200000| Untracked 
|  36|0x0000000746400000, 0x0000000746600000, 0x0000000746600000|100%| O|  |TAMS 0x0000000746400000, 0x0000000746400000| Untracked 
|  37|0x0000000746600000, 0x0000000746800000, 0x0000000746800000|100%| O|  |TAMS 0x0000000746600000, 0x0000000746600000| Untracked 
|  38|0x0000000746800000, 0x0000000746a00000, 0x0000000746a00000|100%| O|  |TAMS 0x0000000746800000, 0x0000000746800000| Untracked 
|  39|0x0000000746a00000, 0x0000000746c00000, 0x0000000746c00000|100%| O|  |TAMS 0x0000000746c00000, 0x0000000746a00000| Untracked 
|  40|0x0000000746c00000, 0x0000000746e00000, 0x0000000746e00000|100%| O|  |TAMS 0x0000000746e00000, 0x0000000746c00000| Untracked 
|  41|0x0000000746e00000, 0x0000000747000000, 0x0000000747000000|100%| O|  |TAMS 0x0000000747000000, 0x0000000746e00000| Updating 
|  42|0x0000000747000000, 0x0000000747200000, 0x0000000747200000|100%| O|  |TAMS 0x0000000747200000, 0x0000000747000000| Untracked 
|  43|0x0000000747200000, 0x0000000747400000, 0x0000000747400000|100%| O|  |TAMS 0x0000000747400000, 0x0000000747200000| Untracked 
|  44|0x0000000747400000, 0x0000000747600000, 0x0000000747600000|100%| O|  |TAMS 0x0000000747600000, 0x0000000747400000| Untracked 
|  45|0x0000000747600000, 0x0000000747800000, 0x0000000747800000|100%| O|  |TAMS 0x0000000747800000, 0x0000000747600000| Untracked 
|  46|0x0000000747800000, 0x0000000747a00000, 0x0000000747a00000|100%| O|  |TAMS 0x0000000747a00000, 0x0000000747800000| Untracked 
|  47|0x0000000747a00000, 0x0000000747c00000, 0x0000000747c00000|100%| O|  |TAMS 0x0000000747c00000, 0x0000000747a00000| Untracked 
|  48|0x0000000747c00000, 0x0000000747e00000, 0x0000000747e00000|100%| O|  |TAMS 0x0000000747e00000, 0x0000000747c00000| Untracked 
|  49|0x0000000747e00000, 0x0000000748000000, 0x0000000748000000|100%| O|  |TAMS 0x0000000748000000, 0x0000000747e00000| Untracked 
|  50|0x0000000748000000, 0x0000000748200000, 0x0000000748200000|100%| O|  |TAMS 0x0000000748200000, 0x0000000748000000| Untracked 
|  51|0x0000000748200000, 0x0000000748400000, 0x0000000748400000|100%| O|  |TAMS 0x0000000748400000, 0x0000000748200000| Untracked 
|  52|0x0000000748400000, 0x0000000748600000, 0x0000000748600000|100%| O|  |TAMS 0x0000000748600000, 0x0000000748400000| Updating 
|  53|0x0000000748600000, 0x0000000748800000, 0x0000000748800000|100%| O|  |TAMS 0x0000000748700000, 0x0000000748600000| Updating 
|  54|0x0000000748800000, 0x0000000748a00000, 0x0000000748a00000|100%| O|  |TAMS 0x0000000748800000, 0x0000000748800000| Untracked 
|  55|0x0000000748a00000, 0x0000000748c00000, 0x0000000748c00000|100%| O|  |TAMS 0x0000000748a00000, 0x0000000748a00000| Untracked 
|  56|0x0000000748c00000, 0x0000000748e00000, 0x0000000748e00000|100%| O|  |TAMS 0x0000000748c00000, 0x0000000748c00000| Untracked 
|  57|0x0000000748e00000, 0x0000000749000000, 0x0000000749000000|100%| O|  |TAMS 0x0000000748e00000, 0x0000000748e00000| Untracked 
|  58|0x0000000749000000, 0x0000000749200000, 0x0000000749200000|100%| O|  |TAMS 0x0000000749000000, 0x0000000749000000| Untracked 
|  59|0x0000000749200000, 0x0000000749400000, 0x0000000749400000|100%| O|  |TAMS 0x0000000749200000, 0x0000000749200000| Untracked 
|  60|0x0000000749400000, 0x0000000749600000, 0x0000000749600000|100%| O|  |TAMS 0x0000000749400000, 0x0000000749400000| Untracked 
|  61|0x0000000749600000, 0x0000000749800000, 0x0000000749800000|100%| O|  |TAMS 0x0000000749600000, 0x0000000749600000| Untracked 
|  62|0x0000000749800000, 0x0000000749a00000, 0x0000000749a00000|100%| O|  |TAMS 0x0000000749800000, 0x0000000749800000| Untracked 
|  63|0x0000000749a00000, 0x0000000749c00000, 0x0000000749c00000|100%| O|  |TAMS 0x0000000749a00000, 0x0000000749a00000| Untracked 
|  64|0x0000000749c00000, 0x0000000749e00000, 0x0000000749e00000|100%| O|  |TAMS 0x0000000749c00000, 0x0000000749c00000| Untracked 
|  65|0x0000000749e00000, 0x000000074a000000, 0x000000074a000000|100%| O|  |TAMS 0x0000000749e00000, 0x0000000749e00000| Untracked 
|  66|0x000000074a000000, 0x000000074a200000, 0x000000074a200000|100%| O|  |TAMS 0x000000074a000000, 0x000000074a000000| Untracked 
|  67|0x000000074a200000, 0x000000074a400000, 0x000000074a400000|100%| O|  |TAMS 0x000000074a200000, 0x000000074a200000| Untracked 
|  68|0x000000074a400000, 0x000000074a600000, 0x000000074a600000|100%| O|  |TAMS 0x000000074a400000, 0x000000074a400000| Untracked 
|  69|0x000000074a600000, 0x000000074a800000, 0x000000074a800000|100%| O|  |TAMS 0x000000074a600000, 0x000000074a600000| Untracked 
|  70|0x000000074a800000, 0x000000074aa00000, 0x000000074aa00000|100%| O|  |TAMS 0x000000074a800000, 0x000000074a800000| Untracked 
|  71|0x000000074aa00000, 0x000000074ac00000, 0x000000074ac00000|100%| O|  |TAMS 0x000000074aa00000, 0x000000074aa00000| Untracked 
|  72|0x000000074ac00000, 0x000000074ae00000, 0x000000074ae00000|100%| O|  |TAMS 0x000000074ac00000, 0x000000074ac00000| Untracked 
|  73|0x000000074ae00000, 0x000000074b000000, 0x000000074b000000|100%| O|  |TAMS 0x000000074ae00000, 0x000000074ae00000| Untracked 
|  74|0x000000074b000000, 0x000000074b200000, 0x000000074b200000|100%| O|  |TAMS 0x000000074b000000, 0x000000074b000000| Untracked 
|  75|0x000000074b200000, 0x000000074b400000, 0x000000074b400000|100%| O|  |TAMS 0x000000074b200000, 0x000000074b200000| Untracked 
|  76|0x000000074b400000, 0x000000074b600000, 0x000000074b600000|100%| O|  |TAMS 0x000000074b400000, 0x000000074b400000| Untracked 
|  77|0x000000074b600000, 0x000000074b800000, 0x000000074b800000|100%| O|  |TAMS 0x000000074b600000, 0x000000074b600000| Untracked 
|  78|0x000000074b800000, 0x000000074ba00000, 0x000000074ba00000|100%| O|  |TAMS 0x000000074b800000, 0x000000074b800000| Untracked 
|  79|0x000000074ba00000, 0x000000074bc00000, 0x000000074bc00000|100%| O|  |TAMS 0x000000074ba00000, 0x000000074ba00000| Untracked 
|  80|0x000000074bc00000, 0x000000074be00000, 0x000000074be00000|100%| O|  |TAMS 0x000000074bc00000, 0x000000074bc00000| Untracked 
|  81|0x000000074be00000, 0x000000074c000000, 0x000000074c000000|100%| O|  |TAMS 0x000000074be00000, 0x000000074be00000| Untracked 
|  82|0x000000074c000000, 0x000000074c200000, 0x000000074c200000|100%| O|  |TAMS 0x000000074c000000, 0x000000074c000000| Untracked 
|  83|0x000000074c200000, 0x000000074c400000, 0x000000074c400000|100%| O|  |TAMS 0x000000074c200000, 0x000000074c200000| Untracked 
|  84|0x000000074c400000, 0x000000074c600000, 0x000000074c600000|100%| O|  |TAMS 0x000000074c400000, 0x000000074c400000| Untracked 
|  85|0x000000074c600000, 0x000000074c800000, 0x000000074c800000|100%| O|  |TAMS 0x000000074c600000, 0x000000074c600000| Untracked 
|  86|0x000000074c800000, 0x000000074ca00000, 0x000000074ca00000|100%| O|  |TAMS 0x000000074c800000, 0x000000074c800000| Untracked 
|  87|0x000000074ca00000, 0x000000074cc00000, 0x000000074cc00000|100%| O|  |TAMS 0x000000074ca00000, 0x000000074ca00000| Untracked 
|  88|0x000000074cc00000, 0x000000074ce00000, 0x000000074ce00000|100%| O|  |TAMS 0x000000074cc00000, 0x000000074cc00000| Untracked 
|  89|0x000000074ce00000, 0x000000074d000000, 0x000000074d000000|100%| O|  |TAMS 0x000000074ce00000, 0x000000074ce00000| Untracked 
|  90|0x000000074d000000, 0x000000074d200000, 0x000000074d200000|100%| O|  |TAMS 0x000000074d000000, 0x000000074d000000| Untracked 
|  91|0x000000074d200000, 0x000000074d400000, 0x000000074d400000|100%| O|  |TAMS 0x000000074d200000, 0x000000074d200000| Untracked 
|  92|0x000000074d400000, 0x000000074d600000, 0x000000074d600000|100%| O|  |TAMS 0x000000074d400000, 0x000000074d400000| Untracked 
|  93|0x000000074d600000, 0x000000074d800000, 0x000000074d800000|100%| O|  |TAMS 0x000000074d600000, 0x000000074d600000| Untracked 
|  94|0x000000074d800000, 0x000000074da00000, 0x000000074da00000|100%| O|  |TAMS 0x000000074d800000, 0x000000074d800000| Untracked 
|  95|0x000000074da00000, 0x000000074dc00000, 0x000000074dc00000|100%| O|  |TAMS 0x000000074da00000, 0x000000074da00000| Untracked 
|  96|0x000000074dc00000, 0x000000074de00000, 0x000000074de00000|100%| O|  |TAMS 0x000000074dc00000, 0x000000074dc00000| Untracked 
|  97|0x000000074de00000, 0x000000074e000000, 0x000000074e000000|100%| O|  |TAMS 0x000000074de00000, 0x000000074de00000| Untracked 
|  98|0x000000074e000000, 0x000000074e200000, 0x000000074e200000|100%| O|  |TAMS 0x000000074e000000, 0x000000074e000000| Untracked 
|  99|0x000000074e200000, 0x000000074e400000, 0x000000074e400000|100%| O|  |TAMS 0x000000074e200000, 0x000000074e200000| Untracked 
| 100|0x000000074e400000, 0x000000074e600000, 0x000000074e600000|100%| O|  |TAMS 0x000000074e400000, 0x000000074e400000| Untracked 
| 101|0x000000074e600000, 0x000000074e800000, 0x000000074e800000|100%| O|  |TAMS 0x000000074e600000, 0x000000074e600000| Untracked 
| 102|0x000000074e800000, 0x000000074ea00000, 0x000000074ea00000|100%| O|  |TAMS 0x000000074e800000, 0x000000074e800000| Untracked 
| 103|0x000000074ea00000, 0x000000074ec00000, 0x000000074ec00000|100%| O|  |TAMS 0x000000074ea00000, 0x000000074ea00000| Untracked 
| 104|0x000000074ec00000, 0x000000074ee00000, 0x000000074ee00000|100%| O|  |TAMS 0x000000074ec00000, 0x000000074ec00000| Untracked 
| 105|0x000000074ee00000, 0x000000074f000000, 0x000000074f000000|100%| O|  |TAMS 0x000000074ee00000, 0x000000074ee00000| Untracked 
| 106|0x000000074f000000, 0x000000074f200000, 0x000000074f200000|100%| O|  |TAMS 0x000000074f000000, 0x000000074f000000| Untracked 
| 107|0x000000074f200000, 0x000000074f400000, 0x000000074f400000|100%| O|  |TAMS 0x000000074f200000, 0x000000074f200000| Untracked 
| 108|0x000000074f400000, 0x000000074f600000, 0x000000074f600000|100%| O|  |TAMS 0x000000074f400000, 0x000000074f400000| Untracked 
| 109|0x000000074f600000, 0x000000074f800000, 0x000000074f800000|100%| O|  |TAMS 0x000000074f600000, 0x000000074f600000| Untracked 
| 110|0x000000074f800000, 0x000000074fa00000, 0x000000074fa00000|100%| O|  |TAMS 0x000000074f800000, 0x000000074f800000| Untracked 
| 111|0x000000074fa00000, 0x000000074fc00000, 0x000000074fc00000|100%| O|  |TAMS 0x000000074fa00000, 0x000000074fa00000| Untracked 
| 112|0x000000074fc00000, 0x000000074fe00000, 0x000000074fe00000|100%| O|  |TAMS 0x000000074fc00000, 0x000000074fc00000| Untracked 
| 113|0x000000074fe00000, 0x0000000750000000, 0x0000000750000000|100%| O|  |TAMS 0x000000074fe00000, 0x000000074fe00000| Untracked 
| 114|0x0000000750000000, 0x0000000750200000, 0x0000000750200000|100%| O|  |TAMS 0x0000000750000000, 0x0000000750000000| Untracked 
| 115|0x0000000750200000, 0x0000000750400000, 0x0000000750400000|100%| O|  |TAMS 0x0000000750200000, 0x0000000750200000| Untracked 
| 116|0x0000000750400000, 0x0000000750600000, 0x0000000750600000|100%| O|  |TAMS 0x0000000750400000, 0x0000000750400000| Untracked 
| 117|0x0000000750600000, 0x0000000750800000, 0x0000000750800000|100%| O|  |TAMS 0x0000000750600000, 0x0000000750600000| Untracked 
| 118|0x0000000750800000, 0x0000000750a00000, 0x0000000750a00000|100%| O|  |TAMS 0x0000000750800000, 0x0000000750800000| Untracked 
| 119|0x0000000750a00000, 0x0000000750c00000, 0x0000000750c00000|100%| O|  |TAMS 0x0000000750a00000, 0x0000000750a00000| Untracked 
| 120|0x0000000750c00000, 0x0000000750e00000, 0x0000000750e00000|100%| O|  |TAMS 0x0000000750c00000, 0x0000000750c00000| Untracked 
| 121|0x0000000750e00000, 0x0000000751000000, 0x0000000751000000|100%| O|  |TAMS 0x0000000750e00000, 0x0000000750e00000| Untracked 
| 122|0x0000000751000000, 0x0000000751200000, 0x0000000751200000|100%| O|  |TAMS 0x0000000751000000, 0x0000000751000000| Untracked 
| 123|0x0000000751200000, 0x0000000751400000, 0x0000000751400000|100%| O|  |TAMS 0x0000000751200000, 0x0000000751200000| Untracked 
| 124|0x0000000751400000, 0x0000000751600000, 0x0000000751600000|100%| O|  |TAMS 0x0000000751400000, 0x0000000751400000| Untracked 
| 125|0x0000000751600000, 0x0000000751800000, 0x0000000751800000|100%| O|  |TAMS 0x0000000751600000, 0x0000000751600000| Untracked 
| 126|0x0000000751800000, 0x0000000751900000, 0x0000000751a00000| 50%| O|  |TAMS 0x0000000751800000, 0x0000000751800000| Untracked 
| 127|0x0000000751a00000, 0x0000000751a00000, 0x0000000751c00000|  0%| F|  |TAMS 0x0000000751a00000, 0x0000000751a00000| Untracked 
| 128|0x0000000751c00000, 0x0000000751c00000, 0x0000000751e00000|  0%| F|  |TAMS 0x0000000751c00000, 0x0000000751c00000| Untracked 
| 129|0x0000000751e00000, 0x0000000751e00000, 0x0000000752000000|  0%| F|  |TAMS 0x0000000751e00000, 0x0000000751e00000| Untracked 
| 130|0x0000000752000000, 0x0000000752000000, 0x0000000752200000|  0%| F|  |TAMS 0x0000000752000000, 0x0000000752000000| Untracked 
| 131|0x0000000752200000, 0x0000000752200000, 0x0000000752400000|  0%| F|  |TAMS 0x0000000752200000, 0x0000000752200000| Untracked 
| 132|0x0000000752400000, 0x0000000752400000, 0x0000000752600000|  0%| F|  |TAMS 0x0000000752400000, 0x0000000752400000| Untracked 
| 133|0x0000000752600000, 0x0000000752600000, 0x0000000752800000|  0%| F|  |TAMS 0x0000000752600000, 0x0000000752600000| Untracked 
| 134|0x0000000752800000, 0x0000000752800000, 0x0000000752a00000|  0%| F|  |TAMS 0x0000000752800000, 0x0000000752800000| Untracked 
| 135|0x0000000752a00000, 0x0000000752a00000, 0x0000000752c00000|  0%| F|  |TAMS 0x0000000752a00000, 0x0000000752a00000| Untracked 
| 136|0x0000000752c00000, 0x0000000752c00000, 0x0000000752e00000|  0%| F|  |TAMS 0x0000000752c00000, 0x0000000752c00000| Untracked 
| 137|0x0000000752e00000, 0x0000000752e00000, 0x0000000753000000|  0%| F|  |TAMS 0x0000000752e00000, 0x0000000752e00000| Untracked 
| 138|0x0000000753000000, 0x0000000753000000, 0x0000000753200000|  0%| F|  |TAMS 0x0000000753000000, 0x0000000753000000| Untracked 
| 139|0x0000000753200000, 0x0000000753200000, 0x0000000753400000|  0%| F|  |TAMS 0x0000000753200000, 0x0000000753200000| Untracked 
| 140|0x0000000753400000, 0x0000000753400000, 0x0000000753600000|  0%| F|  |TAMS 0x0000000753400000, 0x0000000753400000| Untracked 
| 141|0x0000000753600000, 0x0000000753600000, 0x0000000753800000|  0%| F|  |TAMS 0x0000000753600000, 0x0000000753600000| Untracked 
| 142|0x0000000753800000, 0x0000000753800000, 0x0000000753a00000|  0%| F|  |TAMS 0x0000000753800000, 0x0000000753800000| Untracked 
| 143|0x0000000753a00000, 0x0000000753a00000, 0x0000000753c00000|  0%| F|  |TAMS 0x0000000753a00000, 0x0000000753a00000| Untracked 
| 144|0x0000000753c00000, 0x0000000753c00000, 0x0000000753e00000|  0%| F|  |TAMS 0x0000000753c00000, 0x0000000753c00000| Untracked 
| 145|0x0000000753e00000, 0x0000000753e00000, 0x0000000754000000|  0%| F|  |TAMS 0x0000000753e00000, 0x0000000753e00000| Untracked 
| 146|0x0000000754000000, 0x0000000754000000, 0x0000000754200000|  0%| F|  |TAMS 0x0000000754000000, 0x0000000754000000| Untracked 
| 147|0x0000000754200000, 0x0000000754200000, 0x0000000754400000|  0%| F|  |TAMS 0x0000000754200000, 0x0000000754200000| Untracked 
| 148|0x0000000754400000, 0x0000000754400000, 0x0000000754600000|  0%| F|  |TAMS 0x0000000754400000, 0x0000000754400000| Untracked 
| 149|0x0000000754600000, 0x0000000754600000, 0x0000000754800000|  0%| F|  |TAMS 0x0000000754600000, 0x0000000754600000| Untracked 
| 150|0x0000000754800000, 0x0000000754800000, 0x0000000754a00000|  0%| F|  |TAMS 0x0000000754800000, 0x0000000754800000| Untracked 
| 151|0x0000000754a00000, 0x0000000754a00000, 0x0000000754c00000|  0%| F|  |TAMS 0x0000000754a00000, 0x0000000754a00000| Untracked 
| 152|0x0000000754c00000, 0x0000000754c00000, 0x0000000754e00000|  0%| F|  |TAMS 0x0000000754c00000, 0x0000000754c00000| Untracked 
| 153|0x0000000754e00000, 0x0000000754e00000, 0x0000000755000000|  0%| F|  |TAMS 0x0000000754e00000, 0x0000000754e00000| Untracked 
| 154|0x0000000755000000, 0x0000000755000000, 0x0000000755200000|  0%| F|  |TAMS 0x0000000755000000, 0x0000000755000000| Untracked 
| 155|0x0000000755200000, 0x0000000755200000, 0x0000000755400000|  0%| F|  |TAMS 0x0000000755200000, 0x0000000755200000| Untracked 
| 156|0x0000000755400000, 0x0000000755400000, 0x0000000755600000|  0%| F|  |TAMS 0x0000000755400000, 0x0000000755400000| Untracked 
| 157|0x0000000755600000, 0x0000000755600000, 0x0000000755800000|  0%| F|  |TAMS 0x0000000755600000, 0x0000000755600000| Untracked 
| 158|0x0000000755800000, 0x0000000755800000, 0x0000000755a00000|  0%| F|  |TAMS 0x0000000755800000, 0x0000000755800000| Untracked 
| 159|0x0000000755a00000, 0x0000000755a00000, 0x0000000755c00000|  0%| F|  |TAMS 0x0000000755a00000, 0x0000000755a00000| Untracked 
| 160|0x0000000755c00000, 0x0000000755c00000, 0x0000000755e00000|  0%| F|  |TAMS 0x0000000755c00000, 0x0000000755c00000| Untracked 
| 161|0x0000000755e00000, 0x0000000755e00000, 0x0000000756000000|  0%| F|  |TAMS 0x0000000755e00000, 0x0000000755e00000| Untracked 
| 162|0x0000000756000000, 0x0000000756000000, 0x0000000756200000|  0%| F|  |TAMS 0x0000000756000000, 0x0000000756000000| Untracked 
| 163|0x0000000756200000, 0x0000000756200000, 0x0000000756400000|  0%| F|  |TAMS 0x0000000756200000, 0x0000000756200000| Untracked 
| 164|0x0000000756400000, 0x0000000756400000, 0x0000000756600000|  0%| F|  |TAMS 0x0000000756400000, 0x0000000756400000| Untracked 
| 165|0x0000000756600000, 0x0000000756600000, 0x0000000756800000|  0%| F|  |TAMS 0x0000000756600000, 0x0000000756600000| Untracked 
| 166|0x0000000756800000, 0x0000000756800000, 0x0000000756a00000|  0%| F|  |TAMS 0x0000000756800000, 0x0000000756800000| Untracked 
| 167|0x0000000756a00000, 0x0000000756a00000, 0x0000000756c00000|  0%| F|  |TAMS 0x0000000756a00000, 0x0000000756a00000| Untracked 
| 168|0x0000000756c00000, 0x0000000756c00000, 0x0000000756e00000|  0%| F|  |TAMS 0x0000000756c00000, 0x0000000756c00000| Untracked 
| 169|0x0000000756e00000, 0x0000000756e00000, 0x0000000757000000|  0%| F|  |TAMS 0x0000000756e00000, 0x0000000756e00000| Untracked 
| 170|0x0000000757000000, 0x0000000757000000, 0x0000000757200000|  0%| F|  |TAMS 0x0000000757000000, 0x0000000757000000| Untracked 
| 171|0x0000000757200000, 0x0000000757200000, 0x0000000757400000|  0%| F|  |TAMS 0x0000000757200000, 0x0000000757200000| Untracked 
| 172|0x0000000757400000, 0x0000000757400000, 0x0000000757600000|  0%| F|  |TAMS 0x0000000757400000, 0x0000000757400000| Untracked 
| 173|0x0000000757600000, 0x0000000757600000, 0x0000000757800000|  0%| F|  |TAMS 0x0000000757600000, 0x0000000757600000| Untracked 
| 174|0x0000000757800000, 0x0000000757800000, 0x0000000757a00000|  0%| F|  |TAMS 0x0000000757800000, 0x0000000757800000| Untracked 
| 175|0x0000000757a00000, 0x0000000757a00000, 0x0000000757c00000|  0%| F|  |TAMS 0x0000000757a00000, 0x0000000757a00000| Untracked 
| 176|0x0000000757c00000, 0x0000000757c00000, 0x0000000757e00000|  0%| F|  |TAMS 0x0000000757c00000, 0x0000000757c00000| Untracked 
| 177|0x0000000757e00000, 0x0000000757e00000, 0x0000000758000000|  0%| F|  |TAMS 0x0000000757e00000, 0x0000000757e00000| Untracked 
| 178|0x0000000758000000, 0x0000000758000000, 0x0000000758200000|  0%| F|  |TAMS 0x0000000758000000, 0x0000000758000000| Untracked 
| 179|0x0000000758200000, 0x0000000758200000, 0x0000000758400000|  0%| F|  |TAMS 0x0000000758200000, 0x0000000758200000| Untracked 
| 180|0x0000000758400000, 0x0000000758400000, 0x0000000758600000|  0%| F|  |TAMS 0x0000000758400000, 0x0000000758400000| Untracked 
| 181|0x0000000758600000, 0x0000000758600000, 0x0000000758800000|  0%| F|  |TAMS 0x0000000758600000, 0x0000000758600000| Untracked 
| 182|0x0000000758800000, 0x0000000758800000, 0x0000000758a00000|  0%| F|  |TAMS 0x0000000758800000, 0x0000000758800000| Untracked 
| 183|0x0000000758a00000, 0x0000000758a00000, 0x0000000758c00000|  0%| F|  |TAMS 0x0000000758a00000, 0x0000000758a00000| Untracked 
| 184|0x0000000758c00000, 0x0000000758c00000, 0x0000000758e00000|  0%| F|  |TAMS 0x0000000758c00000, 0x0000000758c00000| Untracked 
| 185|0x0000000758e00000, 0x0000000758e00000, 0x0000000759000000|  0%| F|  |TAMS 0x0000000758e00000, 0x0000000758e00000| Untracked 
| 186|0x0000000759000000, 0x0000000759000000, 0x0000000759200000|  0%| F|  |TAMS 0x0000000759000000, 0x0000000759000000| Untracked 
| 187|0x0000000759200000, 0x0000000759200000, 0x0000000759400000|  0%| F|  |TAMS 0x0000000759200000, 0x0000000759200000| Untracked 
| 188|0x0000000759400000, 0x0000000759400000, 0x0000000759600000|  0%| F|  |TAMS 0x0000000759400000, 0x0000000759400000| Untracked 
| 189|0x0000000759600000, 0x0000000759600000, 0x0000000759800000|  0%| F|  |TAMS 0x0000000759600000, 0x0000000759600000| Untracked 
| 190|0x0000000759800000, 0x0000000759800000, 0x0000000759a00000|  0%| F|  |TAMS 0x0000000759800000, 0x0000000759800000| Untracked 
| 191|0x0000000759a00000, 0x0000000759a00000, 0x0000000759c00000|  0%| F|  |TAMS 0x0000000759a00000, 0x0000000759a00000| Untracked 
| 192|0x0000000759c00000, 0x0000000759c00000, 0x0000000759e00000|  0%| F|  |TAMS 0x0000000759c00000, 0x0000000759c00000| Untracked 
| 193|0x0000000759e00000, 0x0000000759e00000, 0x000000075a000000|  0%| F|  |TAMS 0x0000000759e00000, 0x0000000759e00000| Untracked 
| 194|0x000000075a000000, 0x000000075a000000, 0x000000075a200000|  0%| F|  |TAMS 0x000000075a000000, 0x000000075a000000| Untracked 
| 195|0x000000075a200000, 0x000000075a200000, 0x000000075a400000|  0%| F|  |TAMS 0x000000075a200000, 0x000000075a200000| Untracked 
| 196|0x000000075a400000, 0x000000075a400000, 0x000000075a600000|  0%| F|  |TAMS 0x000000075a400000, 0x000000075a400000| Untracked 
| 197|0x000000075a600000, 0x000000075a600000, 0x000000075a800000|  0%| F|  |TAMS 0x000000075a600000, 0x000000075a600000| Untracked 
| 198|0x000000075a800000, 0x000000075a800000, 0x000000075aa00000|  0%| F|  |TAMS 0x000000075a800000, 0x000000075a800000| Untracked 
| 199|0x000000075aa00000, 0x000000075aa00000, 0x000000075ac00000|  0%| F|  |TAMS 0x000000075aa00000, 0x000000075aa00000| Untracked 
| 200|0x000000075ac00000, 0x000000075ac00000, 0x000000075ae00000|  0%| F|  |TAMS 0x000000075ac00000, 0x000000075ac00000| Untracked 
| 201|0x000000075ae00000, 0x000000075ae00000, 0x000000075b000000|  0%| F|  |TAMS 0x000000075ae00000, 0x000000075ae00000| Untracked 
| 202|0x000000075b000000, 0x000000075b000000, 0x000000075b200000|  0%| F|  |TAMS 0x000000075b000000, 0x000000075b000000| Untracked 
| 203|0x000000075b200000, 0x000000075b200000, 0x000000075b400000|  0%| F|  |TAMS 0x000000075b200000, 0x000000075b200000| Untracked 
| 204|0x000000075b400000, 0x000000075b400000, 0x000000075b600000|  0%| F|  |TAMS 0x000000075b400000, 0x000000075b400000| Untracked 
| 205|0x000000075b600000, 0x000000075b600000, 0x000000075b800000|  0%| F|  |TAMS 0x000000075b600000, 0x000000075b600000| Untracked 
| 206|0x000000075b800000, 0x000000075b800000, 0x000000075ba00000|  0%| F|  |TAMS 0x000000075b800000, 0x000000075b800000| Untracked 
| 207|0x000000075ba00000, 0x000000075ba00000, 0x000000075bc00000|  0%| F|  |TAMS 0x000000075ba00000, 0x000000075ba00000| Untracked 
| 208|0x000000075bc00000, 0x000000075bc00000, 0x000000075be00000|  0%| F|  |TAMS 0x000000075bc00000, 0x000000075bc00000| Untracked 
| 209|0x000000075be00000, 0x000000075be00000, 0x000000075c000000|  0%| F|  |TAMS 0x000000075be00000, 0x000000075be00000| Untracked 
| 210|0x000000075c000000, 0x000000075c000000, 0x000000075c200000|  0%| F|  |TAMS 0x000000075c000000, 0x000000075c000000| Untracked 
| 211|0x000000075c200000, 0x000000075c200000, 0x000000075c400000|  0%| F|  |TAMS 0x000000075c200000, 0x000000075c200000| Untracked 
| 212|0x000000075c400000, 0x000000075c400000, 0x000000075c600000|  0%| F|  |TAMS 0x000000075c400000, 0x000000075c400000| Untracked 
| 213|0x000000075c600000, 0x000000075c600000, 0x000000075c800000|  0%| F|  |TAMS 0x000000075c600000, 0x000000075c600000| Untracked 
| 214|0x000000075c800000, 0x000000075c800000, 0x000000075ca00000|  0%| F|  |TAMS 0x000000075c800000, 0x000000075c800000| Untracked 
| 215|0x000000075ca00000, 0x000000075ca00000, 0x000000075cc00000|  0%| F|  |TAMS 0x000000075ca00000, 0x000000075ca00000| Untracked 
| 216|0x000000075cc00000, 0x000000075cc00000, 0x000000075ce00000|  0%| F|  |TAMS 0x000000075cc00000, 0x000000075cc00000| Untracked 
| 217|0x000000075ce00000, 0x000000075ce00000, 0x000000075d000000|  0%| F|  |TAMS 0x000000075ce00000, 0x000000075ce00000| Untracked 
| 218|0x000000075d000000, 0x000000075d000000, 0x000000075d200000|  0%| F|  |TAMS 0x000000075d000000, 0x000000075d000000| Untracked 
| 219|0x000000075d200000, 0x000000075d200000, 0x000000075d400000|  0%| F|  |TAMS 0x000000075d200000, 0x000000075d200000| Untracked 
| 220|0x000000075d400000, 0x000000075d400000, 0x000000075d600000|  0%| F|  |TAMS 0x000000075d400000, 0x000000075d400000| Untracked 
| 221|0x000000075d600000, 0x000000075d600000, 0x000000075d800000|  0%| F|  |TAMS 0x000000075d600000, 0x000000075d600000| Untracked 
| 222|0x000000075d800000, 0x000000075d800000, 0x000000075da00000|  0%| F|  |TAMS 0x000000075d800000, 0x000000075d800000| Untracked 
| 223|0x000000075da00000, 0x000000075da00000, 0x000000075dc00000|  0%| F|  |TAMS 0x000000075da00000, 0x000000075da00000| Untracked 
| 224|0x000000075dc00000, 0x000000075dc00000, 0x000000075de00000|  0%| F|  |TAMS 0x000000075dc00000, 0x000000075dc00000| Untracked 
| 225|0x000000075de00000, 0x000000075de00000, 0x000000075e000000|  0%| F|  |TAMS 0x000000075de00000, 0x000000075de00000| Untracked 
| 226|0x000000075e000000, 0x000000075e000000, 0x000000075e200000|  0%| F|  |TAMS 0x000000075e000000, 0x000000075e000000| Untracked 
| 227|0x000000075e200000, 0x000000075e200000, 0x000000075e400000|  0%| F|  |TAMS 0x000000075e200000, 0x000000075e200000| Untracked 
| 228|0x000000075e400000, 0x000000075e400000, 0x000000075e600000|  0%| F|  |TAMS 0x000000075e400000, 0x000000075e400000| Untracked 
| 229|0x000000075e600000, 0x000000075e600000, 0x000000075e800000|  0%| F|  |TAMS 0x000000075e600000, 0x000000075e600000| Untracked 
| 230|0x000000075e800000, 0x000000075e800000, 0x000000075ea00000|  0%| F|  |TAMS 0x000000075e800000, 0x000000075e800000| Untracked 
| 231|0x000000075ea00000, 0x000000075ea00000, 0x000000075ec00000|  0%| F|  |TAMS 0x000000075ea00000, 0x000000075ea00000| Untracked 
| 232|0x000000075ec00000, 0x000000075ec00000, 0x000000075ee00000|  0%| F|  |TAMS 0x000000075ec00000, 0x000000075ec00000| Untracked 
| 233|0x000000075ee00000, 0x000000075ee00000, 0x000000075f000000|  0%| F|  |TAMS 0x000000075ee00000, 0x000000075ee00000| Untracked 
| 234|0x000000075f000000, 0x000000075f000000, 0x000000075f200000|  0%| F|  |TAMS 0x000000075f000000, 0x000000075f000000| Untracked 
| 235|0x000000075f200000, 0x000000075f200000, 0x000000075f400000|  0%| F|  |TAMS 0x000000075f200000, 0x000000075f200000| Untracked 
| 236|0x000000075f400000, 0x000000075f400000, 0x000000075f600000|  0%| F|  |TAMS 0x000000075f400000, 0x000000075f400000| Untracked 
| 237|0x000000075f600000, 0x000000075f600000, 0x000000075f800000|  0%| F|  |TAMS 0x000000075f600000, 0x000000075f600000| Untracked 
| 238|0x000000075f800000, 0x000000075f800000, 0x000000075fa00000|  0%| F|  |TAMS 0x000000075f800000, 0x000000075f800000| Untracked 
| 239|0x000000075fa00000, 0x000000075fa00000, 0x000000075fc00000|  0%| F|  |TAMS 0x000000075fa00000, 0x000000075fa00000| Untracked 
| 240|0x000000075fc00000, 0x000000075fc00000, 0x000000075fe00000|  0%| F|  |TAMS 0x000000075fc00000, 0x000000075fc00000| Untracked 
| 241|0x000000075fe00000, 0x000000075fe00000, 0x0000000760000000|  0%| F|  |TAMS 0x000000075fe00000, 0x000000075fe00000| Untracked 
| 242|0x0000000760000000, 0x0000000760000000, 0x0000000760200000|  0%| F|  |TAMS 0x0000000760000000, 0x0000000760000000| Untracked 
| 243|0x0000000760200000, 0x0000000760200000, 0x0000000760400000|  0%| F|  |TAMS 0x0000000760200000, 0x0000000760200000| Untracked 
| 244|0x0000000760400000, 0x0000000760400000, 0x0000000760600000|  0%| F|  |TAMS 0x0000000760400000, 0x0000000760400000| Untracked 
| 245|0x0000000760600000, 0x0000000760600000, 0x0000000760800000|  0%| F|  |TAMS 0x0000000760600000, 0x0000000760600000| Untracked 
| 246|0x0000000760800000, 0x0000000760800000, 0x0000000760a00000|  0%| F|  |TAMS 0x0000000760800000, 0x0000000760800000| Untracked 
| 247|0x0000000760a00000, 0x0000000760a00000, 0x0000000760c00000|  0%| F|  |TAMS 0x0000000760a00000, 0x0000000760a00000| Untracked 
| 248|0x0000000760c00000, 0x0000000760c00000, 0x0000000760e00000|  0%| F|  |TAMS 0x0000000760c00000, 0x0000000760c00000| Untracked 
| 249|0x0000000760e00000, 0x0000000760e00000, 0x0000000761000000|  0%| F|  |TAMS 0x0000000760e00000, 0x0000000760e00000| Untracked 
| 250|0x0000000761000000, 0x0000000761000000, 0x0000000761200000|  0%| F|  |TAMS 0x0000000761000000, 0x0000000761000000| Untracked 
| 251|0x0000000761200000, 0x0000000761200000, 0x0000000761400000|  0%| F|  |TAMS 0x0000000761200000, 0x0000000761200000| Untracked 
| 252|0x0000000761400000, 0x0000000761400000, 0x0000000761600000|  0%| F|  |TAMS 0x0000000761400000, 0x0000000761400000| Untracked 
| 253|0x0000000761600000, 0x0000000761800000, 0x0000000761800000|100%| S|CS|TAMS 0x0000000761600000, 0x0000000761600000| Complete 
| 254|0x0000000761800000, 0x0000000761a00000, 0x0000000761a00000|100%| S|CS|TAMS 0x0000000761800000, 0x0000000761800000| Complete 
| 255|0x0000000761a00000, 0x0000000761c00000, 0x0000000761c00000|100%| S|CS|TAMS 0x0000000761a00000, 0x0000000761a00000| Complete 
| 256|0x0000000761c00000, 0x0000000761e00000, 0x0000000761e00000|100%| S|CS|TAMS 0x0000000761c00000, 0x0000000761c00000| Complete 
| 257|0x0000000761e00000, 0x0000000762000000, 0x0000000762000000|100%| S|CS|TAMS 0x0000000761e00000, 0x0000000761e00000| Complete 
| 258|0x0000000762000000, 0x0000000762200000, 0x0000000762200000|100%| S|CS|TAMS 0x0000000762000000, 0x0000000762000000| Complete 
| 259|0x0000000762200000, 0x0000000762200000, 0x0000000762400000|  0%| F|  |TAMS 0x0000000762200000, 0x0000000762200000| Untracked 
| 260|0x0000000762400000, 0x0000000762400000, 0x0000000762600000|  0%| F|  |TAMS 0x0000000762400000, 0x0000000762400000| Untracked 
| 261|0x0000000762600000, 0x0000000762600000, 0x0000000762800000|  0%| F|  |TAMS 0x0000000762600000, 0x0000000762600000| Untracked 
| 262|0x0000000762800000, 0x0000000762800000, 0x0000000762a00000|  0%| F|  |TAMS 0x0000000762800000, 0x0000000762800000| Untracked 
| 263|0x0000000762a00000, 0x0000000762a00000, 0x0000000762c00000|  0%| F|  |TAMS 0x0000000762a00000, 0x0000000762a00000| Untracked 
| 264|0x0000000762c00000, 0x0000000762c00000, 0x0000000762e00000|  0%| F|  |TAMS 0x0000000762c00000, 0x0000000762c00000| Untracked 
| 265|0x0000000762e00000, 0x0000000762e00000, 0x0000000763000000|  0%| F|  |TAMS 0x0000000762e00000, 0x0000000762e00000| Untracked 
| 266|0x0000000763000000, 0x0000000763000000, 0x0000000763200000|  0%| F|  |TAMS 0x0000000763000000, 0x0000000763000000| Untracked 
| 267|0x0000000763200000, 0x0000000763200000, 0x0000000763400000|  0%| F|  |TAMS 0x0000000763200000, 0x0000000763200000| Untracked 
| 268|0x0000000763400000, 0x0000000763400000, 0x0000000763600000|  0%| F|  |TAMS 0x0000000763400000, 0x0000000763400000| Untracked 
| 269|0x0000000763600000, 0x0000000763600000, 0x0000000763800000|  0%| F|  |TAMS 0x0000000763600000, 0x0000000763600000| Untracked 
| 270|0x0000000763800000, 0x0000000763800000, 0x0000000763a00000|  0%| F|  |TAMS 0x0000000763800000, 0x0000000763800000| Untracked 
| 271|0x0000000763a00000, 0x0000000763a00000, 0x0000000763c00000|  0%| F|  |TAMS 0x0000000763a00000, 0x0000000763a00000| Untracked 
| 272|0x0000000763c00000, 0x0000000763c00000, 0x0000000763e00000|  0%| F|  |TAMS 0x0000000763c00000, 0x0000000763c00000| Untracked 
| 273|0x0000000763e00000, 0x0000000763e00000, 0x0000000764000000|  0%| F|  |TAMS 0x0000000763e00000, 0x0000000763e00000| Untracked 
| 274|0x0000000764000000, 0x0000000764000000, 0x0000000764200000|  0%| F|  |TAMS 0x0000000764000000, 0x0000000764000000| Untracked 
| 275|0x0000000764200000, 0x0000000764200000, 0x0000000764400000|  0%| F|  |TAMS 0x0000000764200000, 0x0000000764200000| Untracked 
| 276|0x0000000764400000, 0x0000000764400000, 0x0000000764600000|  0%| F|  |TAMS 0x0000000764400000, 0x0000000764400000| Untracked 
| 277|0x0000000764600000, 0x0000000764600000, 0x0000000764800000|  0%| F|  |TAMS 0x0000000764600000, 0x0000000764600000| Untracked 
| 278|0x0000000764800000, 0x0000000764800000, 0x0000000764a00000|  0%| F|  |TAMS 0x0000000764800000, 0x0000000764800000| Untracked 
| 279|0x0000000764a00000, 0x0000000764a00000, 0x0000000764c00000|  0%| F|  |TAMS 0x0000000764a00000, 0x0000000764a00000| Untracked 
| 280|0x0000000764c00000, 0x0000000764c00000, 0x0000000764e00000|  0%| F|  |TAMS 0x0000000764c00000, 0x0000000764c00000| Untracked 
| 281|0x0000000764e00000, 0x0000000764e00000, 0x0000000765000000|  0%| F|  |TAMS 0x0000000764e00000, 0x0000000764e00000| Untracked 
| 282|0x0000000765000000, 0x0000000765000000, 0x0000000765200000|  0%| F|  |TAMS 0x0000000765000000, 0x0000000765000000| Untracked 
| 283|0x0000000765200000, 0x0000000765200000, 0x0000000765400000|  0%| F|  |TAMS 0x0000000765200000, 0x0000000765200000| Untracked 
| 284|0x0000000765400000, 0x0000000765400000, 0x0000000765600000|  0%| F|  |TAMS 0x0000000765400000, 0x0000000765400000| Untracked 
| 285|0x0000000765600000, 0x0000000765600000, 0x0000000765800000|  0%| F|  |TAMS 0x0000000765600000, 0x0000000765600000| Untracked 
| 286|0x0000000765800000, 0x0000000765800000, 0x0000000765a00000|  0%| F|  |TAMS 0x0000000765800000, 0x0000000765800000| Untracked 
| 287|0x0000000765a00000, 0x0000000765a00000, 0x0000000765c00000|  0%| F|  |TAMS 0x0000000765a00000, 0x0000000765a00000| Untracked 
| 288|0x0000000765c00000, 0x0000000765c00000, 0x0000000765e00000|  0%| F|  |TAMS 0x0000000765c00000, 0x0000000765c00000| Untracked 
| 289|0x0000000765e00000, 0x0000000765e00000, 0x0000000766000000|  0%| F|  |TAMS 0x0000000765e00000, 0x0000000765e00000| Untracked 
| 290|0x0000000766000000, 0x0000000766000000, 0x0000000766200000|  0%| F|  |TAMS 0x0000000766000000, 0x0000000766000000| Untracked 
| 291|0x0000000766200000, 0x0000000766200000, 0x0000000766400000|  0%| F|  |TAMS 0x0000000766200000, 0x0000000766200000| Untracked 
| 292|0x0000000766400000, 0x0000000766400000, 0x0000000766600000|  0%| F|  |TAMS 0x0000000766400000, 0x0000000766400000| Untracked 
| 293|0x0000000766600000, 0x0000000766600000, 0x0000000766800000|  0%| F|  |TAMS 0x0000000766600000, 0x0000000766600000| Untracked 
| 294|0x0000000766800000, 0x0000000766800000, 0x0000000766a00000|  0%| F|  |TAMS 0x0000000766800000, 0x0000000766800000| Untracked 
| 295|0x0000000766a00000, 0x0000000766a00000, 0x0000000766c00000|  0%| F|  |TAMS 0x0000000766a00000, 0x0000000766a00000| Untracked 
| 296|0x0000000766c00000, 0x0000000766c00000, 0x0000000766e00000|  0%| F|  |TAMS 0x0000000766c00000, 0x0000000766c00000| Untracked 
| 297|0x0000000766e00000, 0x0000000766e00000, 0x0000000767000000|  0%| F|  |TAMS 0x0000000766e00000, 0x0000000766e00000| Untracked 
| 298|0x0000000767000000, 0x0000000767000000, 0x0000000767200000|  0%| F|  |TAMS 0x0000000767000000, 0x0000000767000000| Untracked 
| 299|0x0000000767200000, 0x0000000767200000, 0x0000000767400000|  0%| F|  |TAMS 0x0000000767200000, 0x0000000767200000| Untracked 
|1514|0x00000007ff000000, 0x00000007ff200000, 0x00000007ff200000|100%| O|  |TAMS 0x00000007ff200000, 0x00000007ff000000| Untracked 
|1515|0x00000007ff200000, 0x00000007ff400000, 0x00000007ff400000|100%| O|  |TAMS 0x00000007ff400000, 0x00000007ff200000| Untracked 
|1516|0x00000007ff400000, 0x00000007ff600000, 0x00000007ff600000|100%| O|  |TAMS 0x00000007ff600000, 0x00000007ff400000| Untracked 
|1517|0x00000007ff600000, 0x00000007ff800000, 0x00000007ff800000|100%| O|  |TAMS 0x00000007ff800000, 0x00000007ff600000| Untracked 
|1518|0x00000007ff800000, 0x00000007ffa00000, 0x00000007ffa00000|100%| O|  |TAMS 0x00000007ffa00000, 0x00000007ff800000| Untracked 
|1519|0x00000007ffa00000, 0x00000007ffc00000, 0x00000007ffc00000|100%| O|  |TAMS 0x00000007ffc00000, 0x00000007ffa00000| Untracked 
|1520|0x00000007ffc00000, 0x00000007ffe00000, 0x00000007ffe00000|100%| O|  |TAMS 0x00000007ffe00000, 0x00000007ffc00000| Untracked 
|1521|0x00000007ffe00000, 0x0000000800000000, 0x0000000800000000|100%| O|  |TAMS 0x0000000800000000, 0x00000007ffe00000| Untracked 

Card table byte_map: [0x0000028775a80000,0x0000028776080000] _byte_map_base: 0x0000028772072000

Marking Bits (Prev, Next): (CMBitMap*) 0x000002875ec792e0, (CMBitMap*) 0x000002875ec792a0
 Prev Bits: [0x0000028779610000, 0x000002877c5a0000)
 Next Bits: [0x0000028776680000, 0x0000028779610000)

Polling page: 0x000002875cab0000

Metaspace:

Usage:
  Non-class:      7.54 MB used.
      Class:      1.13 MB used.
       Both:      8.66 MB used.

Virtual space:
  Non-class space:       16.00 MB reserved,       7.69 MB ( 48%) committed,  2 nodes.
      Class space:        1.00 GB reserved,       1.25 MB ( <1%) committed,  1 nodes.
             Both:        1.02 GB reserved,       8.94 MB ( <1%) committed. 

Chunk freelists:
   Non-Class:  3.42 MB
       Class:  2.63 MB
        Both:  6.05 MB

MaxMetaspaceSize: unlimited
CompressedClassSpaceSize: 1.00 GB
Initial GC threshold: 21.00 MB
Current GC threshold: 21.00 MB
CDS: on
MetaspaceReclaimPolicy: balanced
 - commit_granule_bytes: 65536.
 - commit_granule_words: 8192.
 - virtual_space_node_default_size: 1048576.
 - enlarge_chunks_in_place: 1.
 - new_chunks_are_fully_committed: 0.
 - uncommit_free_chunks: 1.
 - use_allocation_guard: 0.
 - handle_deallocations: 1.


Internal statistics:

num_allocs_failed_limit: 0.
num_arena_births: 154.
num_arena_deaths: 0.
num_vsnodes_births: 3.
num_vsnodes_deaths: 0.
num_space_committed: 143.
num_space_uncommitted: 0.
num_chunks_returned_to_freelist: 0.
num_chunks_taken_from_freelist: 392.
num_chunk_merges: 0.
num_chunk_splits: 273.
num_chunks_enlarged: 214.
num_purges: 0.
num_inconsistent_stats: 0.

CodeHeap 'non-profiled nmethods': size=120000Kb used=899Kb max_used=899Kb free=119100Kb
 bounds [0x000002876df50000, 0x000002876e1c0000, 0x0000028775480000]
CodeHeap 'profiled nmethods': size=120000Kb used=2921Kb max_used=2921Kb free=117078Kb
 bounds [0x0000028766a20000, 0x0000028766d00000, 0x000002876df50000]
CodeHeap 'non-nmethods': size=5760Kb used=1249Kb max_used=1369Kb free=4510Kb
 bounds [0x0000028766480000, 0x00000287666f0000, 0x0000028766a20000]
 total_blobs=2247 nmethods=1679 adapters=481
 compilation: enabled
              stopped_count=0, restarted_count=0
 full_count=0

Compilation events (20 events):
Event: 2.349 Thread 0x000002877ea5efd0 1703       4       com.sun.javafx.scene.layout.RegionHelper::getInstance (4 bytes)
Event: 2.349 Thread 0x000002877f4b4cf0 1702       4       com.sun.javafx.scene.layout.RegionHelper::initHelper (8 bytes)
Event: 2.350 Thread 0x000002877ea5efd0 nmethod 1703 0x000002876e02d610 code [0x000002876e02d780, 0x000002876e02d7d8]
Event: 2.350 Thread 0x000002877ea5efd0 1704       4       javafx.scene.layout.Region$3::<init> (18 bytes)
Event: 2.351 Thread 0x000002877f4b4cf0 nmethod 1702 0x000002876e02d910 code [0x000002876e02daa0, 0x000002876e02dc38]
Event: 2.351 Thread 0x000002877f4b4cf0 1705       4       javafx.scene.layout.Region$4::<init> (16 bytes)
Event: 2.354 Thread 0x000002877ea5efd0 nmethod 1704 0x000002876e02dd90 code [0x000002876e02df00, 0x000002876e02e418]
Event: 2.354 Thread 0x000002877ea5efd0 1706       4       javafx.scene.layout.Region$5::<init> (16 bytes)
Event: 2.355 Thread 0x000002877f4b4cf0 nmethod 1705 0x000002876e02e490 code [0x000002876e02e600, 0x000002876e02ea78]
Event: 2.355 Thread 0x000002877f4b4cf0 1707       4       javafx.scene.layout.Region$InsetsProperty::<init> (20 bytes)
Event: 2.358 Thread 0x000002877f4b4cf0 nmethod 1707 0x000002876e02eb10 code [0x000002876e02ec80, 0x000002876e02eeb8]
Event: 2.358 Thread 0x000002877ea5efd0 nmethod 1706 0x000002876e02ef10 code [0x000002876e02f080, 0x000002876e02f4f8]
Event: 2.372 Thread 0x000002877ea5f980 1717 %     3       Controllers.MainAppView::initialize @ 11 (59 bytes)
Event: 2.375 Thread 0x000002877ea5f980 nmethod 1717% 0x0000028766cf3310 code [0x0000028766cf3800, 0x0000028766cf5e68]
Event: 2.377 Thread 0x000002877ea5f980 1718       3       Controllers.MainAppView::initialize (59 bytes)
Event: 2.378 Thread 0x000002877f4b4cf0 1719 %     4       com.sun.javafx.binding.ExpressionHelperBase::trim @ 8 (102 bytes)
Event: 2.380 Thread 0x000002877ea5f980 nmethod 1718 0x0000028766cf6d90 code [0x0000028766cf7280, 0x0000028766cf9888]
Event: 2.385 Thread 0x000002877f4b4cf0 nmethod 1719% 0x000002876e02f590 code [0x000002876e02f720, 0x000002876e02fcb8]
Event: 2.385 Thread 0x000002877ea5efd0 1720       4       com.sun.javafx.binding.ExpressionHelperBase::trim (102 bytes)
Event: 2.440 Thread 0x000002877ea5efd0 nmethod 1720 0x000002876e02fe90 code [0x000002876e030040, 0x000002876e030998]

GC Heap History (19 events):
Event: 0.635 GC heap before
{Heap before GC invocations=0 (full 0):
 garbage-first heap   total 196608K, used 12288K [0x0000000741c00000, 0x0000000800000000)
  region size 2048K, 6 young (12288K), 0 survivors (0K)
 Metaspace       used 2222K, committed 2432K, reserved 1056768K
  class space    used 238K, committed 320K, reserved 1048576K
}
Event: 0.638 GC heap after
{Heap after GC invocations=1 (full 0):
 garbage-first heap   total 196608K, used 1672K [0x0000000741c00000, 0x0000000800000000)
  region size 2048K, 1 young (2048K), 1 survivors (2048K)
 Metaspace       used 2222K, committed 2432K, reserved 1056768K
  class space    used 238K, committed 320K, reserved 1048576K
}
Event: 0.967 GC heap before
{Heap before GC invocations=1 (full 0):
 garbage-first heap   total 196608K, used 16008K [0x0000000741c00000, 0x0000000800000000)
  region size 2048K, 9 young (18432K), 1 survivors (2048K)
 Metaspace       used 7650K, committed 7872K, reserved 1056768K
  class space    used 989K, committed 1088K, reserved 1048576K
}
Event: 0.971 GC heap after
{Heap after GC invocations=2 (full 0):
 garbage-first heap   total 196608K, used 3586K [0x0000000741c00000, 0x0000000800000000)
  region size 2048K, 2 young (4096K), 2 survivors (4096K)
 Metaspace       used 7650K, committed 7872K, reserved 1056768K
  class space    used 989K, committed 1088K, reserved 1048576K
}
Event: 1.591 GC heap before
{Heap before GC invocations=2 (full 0):
 garbage-first heap   total 196608K, used 116226K [0x0000000741c00000, 0x0000000800000000)
  region size 2048K, 57 young (116736K), 2 survivors (4096K)
 Metaspace       used 8870K, committed 9152K, reserved 1064960K
  class space    used 1154K, committed 1280K, reserved 1048576K
}
Event: 1.714 GC heap after
{Heap after GC invocations=3 (full 0):
 garbage-first heap   total 212992K, used 95307K [0x0000000741c00000, 0x0000000800000000)
  region size 2048K, 8 young (16384K), 8 survivors (16384K)
 Metaspace       used 8870K, committed 9152K, reserved 1064960K
  class space    used 1154K, committed 1280K, reserved 1048576K
}
Event: 1.869 GC heap before
{Heap before GC invocations=3 (full 0):
 garbage-first heap   total 212992K, used 115787K [0x0000000741c00000, 0x0000000800000000)
  region size 2048K, 18 young (36864K), 8 survivors (16384K)
 Metaspace       used 8870K, committed 9152K, reserved 1064960K
  class space    used 1154K, committed 1280K, reserved 1048576K
}
Event: 1.942 GC heap after
{Heap after GC invocations=4 (full 0):
 garbage-first heap   total 212992K, used 115712K [0x0000000741c00000, 0x0000000800000000)
  region size 2048K, 3 young (6144K), 3 survivors (6144K)
 Metaspace       used 8870K, committed 9152K, reserved 1064960K
  class space    used 1154K, committed 1280K, reserved 1048576K
}
Event: 1.952 GC heap before
{Heap before GC invocations=4 (full 0):
 garbage-first heap   total 212992K, used 119808K [0x0000000741c00000, 0x0000000800000000)
  region size 2048K, 5 young (10240K), 3 survivors (6144K)
 Metaspace       used 8870K, committed 9152K, reserved 1064960K
  class space    used 1154K, committed 1280K, reserved 1048576K
}
Event: 1.966 GC heap after
{Heap after GC invocations=5 (full 0):
 garbage-first heap   total 212992K, used 120832K [0x0000000741c00000, 0x0000000800000000)
  region size 2048K, 1 young (2048K), 1 survivors (2048K)
 Metaspace       used 8870K, committed 9152K, reserved 1064960K
  class space    used 1154K, committed 1280K, reserved 1048576K
}
Event: 1.985 GC heap before
{Heap before GC invocations=5 (full 0):
 garbage-first heap   total 212992K, used 129024K [0x0000000741c00000, 0x0000000800000000)
  region size 2048K, 5 young (10240K), 1 survivors (2048K)
 Metaspace       used 8870K, committed 9152K, reserved 1064960K
  class space    used 1154K, committed 1280K, reserved 1048576K
}
Event: 2.001 GC heap after
{Heap after GC invocations=6 (full 0):
 garbage-first heap   total 630784K, used 129735K [0x0000000741c00000, 0x0000000800000000)
  region size 2048K, 1 young (2048K), 1 survivors (2048K)
 Metaspace       used 8870K, committed 9152K, reserved 1064960K
  class space    used 1154K, committed 1280K, reserved 1048576K
}
Event: 2.167 GC heap before
{Heap before GC invocations=6 (full 0):
 garbage-first heap   total 630784K, used 158407K [0x0000000741c00000, 0x0000000800000000)
  region size 2048K, 15 young (30720K), 1 survivors (2048K)
 Metaspace       used 8870K, committed 9152K, reserved 1064960K
  class space    used 1154K, committed 1280K, reserved 1048576K
}
Event: 2.196 GC heap after
{Heap after GC invocations=7 (full 0):
 garbage-first heap   total 630784K, used 156144K [0x0000000741c00000, 0x0000000800000000)
  region size 2048K, 2 young (4096K), 2 survivors (4096K)
 Metaspace       used 8870K, committed 9152K, reserved 1064960K
  class space    used 1154K, committed 1280K, reserved 1048576K
}
Event: 2.273 GC heap before
{Heap before GC invocations=7 (full 0):
 garbage-first heap   total 630784K, used 182768K [0x0000000741c00000, 0x0000000800000000)
  region size 2048K, 15 young (30720K), 2 survivors (4096K)
 Metaspace       used 8870K, committed 9152K, reserved 1064960K
  class space    used 1154K, committed 1280K, reserved 1048576K
}
Event: 2.312 GC heap after
{Heap after GC invocations=8 (full 0):
 garbage-first heap   total 630784K, used 181465K [0x0000000741c00000, 0x0000000800000000)
  region size 2048K, 2 young (4096K), 2 survivors (4096K)
 Metaspace       used 8870K, committed 9152K, reserved 1064960K
  class space    used 1154K, committed 1280K, reserved 1048576K
}
Event: 2.400 GC heap before
{Heap before GC invocations=8 (full 0):
 garbage-first heap   total 630784K, used 218329K [0x0000000741c00000, 0x0000000800000000)
  region size 2048K, 20 young (40960K), 2 survivors (4096K)
 Metaspace       used 8871K, committed 9152K, reserved 1064960K
  class space    used 1154K, committed 1280K, reserved 1048576K
}
Event: 2.439 GC heap after
{Heap after GC invocations=9 (full 0):
 garbage-first heap   total 630784K, used 217088K [0x0000000741c00000, 0x0000000800000000)
  region size 2048K, 3 young (6144K), 3 survivors (6144K)
 Metaspace       used 8871K, committed 9152K, reserved 1064960K
  class space    used 1154K, committed 1280K, reserved 1048576K
}
Event: 2.508 GC heap before
{Heap before GC invocations=9 (full 0):
 garbage-first heap   total 630784K, used 294912K [0x0000000741c00000, 0x0000000800000000)
  region size 2048K, 41 young (83968K), 3 survivors (6144K)
 Metaspace       used 8871K, committed 9152K, reserved 1064960K
  class space    used 1154K, committed 1280K, reserved 1048576K
}

Deoptimization events (20 events):
Event: 1.724 Thread 0x000002877fbeb730 Uncommon trap: trap_request=0xffffffde fr.pc=0x000002876dff7b48 relative=0x0000000000000128
Event: 1.724 Thread 0x000002877fbeb730 Uncommon trap: reason=class_check action=maybe_recompile pc=0x000002876dff7b48 method=jdk.internal.misc.Unsafe.allocateUninitializedArray(Ljava/lang/Class;I)Ljava/lang/Object; @ 51 c2
Event: 1.724 Thread 0x000002877fbeb730 DEOPT PACKING pc=0x000002876dff7b48 sp=0x000000921c2fe350
Event: 1.724 Thread 0x000002877fbeb730 DEOPT UNPACKING pc=0x00000287664d23a3 sp=0x000000921c2fe2d8 mode 2
Event: 1.724 Thread 0x000002877fbeb730 Uncommon trap: trap_request=0xffffffde fr.pc=0x000002876dff7b48 relative=0x0000000000000128
Event: 1.724 Thread 0x000002877fbeb730 Uncommon trap: reason=class_check action=maybe_recompile pc=0x000002876dff7b48 method=jdk.internal.misc.Unsafe.allocateUninitializedArray(Ljava/lang/Class;I)Ljava/lang/Object; @ 51 c2
Event: 1.724 Thread 0x000002877fbeb730 DEOPT PACKING pc=0x000002876dff7b48 sp=0x000000921c2fe350
Event: 1.724 Thread 0x000002877fbeb730 DEOPT UNPACKING pc=0x00000287664d23a3 sp=0x000000921c2fe2d8 mode 2
Event: 1.724 Thread 0x000002877fbeb730 Uncommon trap: trap_request=0xffffffde fr.pc=0x000002876dff7b48 relative=0x0000000000000128
Event: 1.724 Thread 0x000002877fbeb730 Uncommon trap: reason=class_check action=maybe_recompile pc=0x000002876dff7b48 method=jdk.internal.misc.Unsafe.allocateUninitializedArray(Ljava/lang/Class;I)Ljava/lang/Object; @ 51 c2
Event: 1.724 Thread 0x000002877fbeb730 DEOPT PACKING pc=0x000002876dff7b48 sp=0x000000921c2fe350
Event: 1.724 Thread 0x000002877fbeb730 DEOPT UNPACKING pc=0x00000287664d23a3 sp=0x000000921c2fe2d8 mode 2
Event: 2.385 Thread 0x000002877fbeb730 DEOPT PACKING pc=0x0000028766cf24f2 sp=0x000000921c2fe0f0
Event: 2.385 Thread 0x000002877fbeb730 DEOPT UNPACKING pc=0x00000287664d2b43 sp=0x000000921c2fd5b0 mode 0
Event: 2.389 Thread 0x000002877fbeb730 DEOPT PACKING pc=0x0000028766cf24f2 sp=0x000000921c2fe0f0
Event: 2.389 Thread 0x000002877fbeb730 DEOPT UNPACKING pc=0x00000287664d2b43 sp=0x000000921c2fd5b0 mode 0
Event: 2.469 Thread 0x000002877fbeb730 Uncommon trap: trap_request=0xffffffde fr.pc=0x000002876df98304 relative=0x0000000000001364
Event: 2.469 Thread 0x000002877fbeb730 Uncommon trap: reason=class_check action=maybe_recompile pc=0x000002876df98304 method=java.util.HashMap.putVal(ILjava/lang/Object;Ljava/lang/Object;ZZ)Ljava/lang/Object; @ 91 c2
Event: 2.469 Thread 0x000002877fbeb730 DEOPT PACKING pc=0x000002876df98304 sp=0x000000921c2fe270
Event: 2.469 Thread 0x000002877fbeb730 DEOPT UNPACKING pc=0x00000287664d23a3 sp=0x000000921c2fe118 mode 2

Classes unloaded (0 events):
No events

Classes redefined (0 events):
No events

Internal exceptions (19 events):
Event: 0.146 Thread 0x000002875ec334c0 Exception <a 'java/lang/NoSuchMethodError'{0x000000074db476b8}: 'void java.lang.invoke.DirectMethodHandle$Holder.invokeVirtual(java.lang.Object, java.lang.Object)'> (0x000000074db476b8) 
thrown [t:\workspace\open\src\hotspot\share\interpreter\linkResolver.cpp, line 766]
Event: 0.279 Thread 0x000002875ec334c0 Exception <a 'java/lang/NoSuchMethodError'{0x000000074d496718}: 'java.lang.Object java.lang.invoke.DirectMethodHandle$Holder.invokeStaticInit(java.lang.Object)'> (0x000000074d496718) 
thrown [t:\workspace\open\src\hotspot\share\interpreter\linkResolver.cpp, line 766]
Event: 0.283 Thread 0x000002875ec334c0 Exception <a 'java/lang/NoSuchMethodError'{0x000000074d4a4e58}: 'void java.lang.invoke.DirectMethodHandle$Holder.invokeStatic(java.lang.Object, java.lang.Object)'> (0x000000074d4a4e58) 
thrown [t:\workspace\open\src\hotspot\share\interpreter\linkResolver.cpp, line 766]
Event: 0.648 Thread 0x000002875ec334c0 Exception <a 'java/lang/NoSuchMethodError'{0x000000074dafe348}: 'void java.lang.invoke.DirectMethodHandle$Holder.invokeSpecial(java.lang.Object, java.lang.Object, java.lang.Object)'> (0x000000074dafe348) 
thrown [t:\workspace\open\src\hotspot\share\interpreter\linkResolver.cpp, line 766]
Event: 0.660 Thread 0x000002875ec334c0 Exception <a 'java/lang/NoSuchMethodError'{0x000000074db354f8}: 'void java.lang.invoke.DirectMethodHandle$Holder.invokeStatic(java.lang.Object, java.lang.Object, java.lang.Object)'> (0x000000074db354f8) 
thrown [t:\workspace\open\src\hotspot\share\interpreter\linkResolver.cpp, line 766]
Event: 0.685 Thread 0x000002875ec334c0 Exception <a 'java/lang/NoSuchMethodError'{0x000000074db52470}: 'int java.lang.invoke.DirectMethodHandle$Holder.invokeStaticInit(java.lang.Object, java.lang.Object, java.lang.Object)'> (0x000000074db52470) 
thrown [t:\workspace\open\src\hotspot\share\interpreter\linkResolver.cpp, line 766]
Event: 0.707 Thread 0x000002875ec334c0 Exception <a 'java/lang/NoSuchMethodError'{0x000000074d8a4f70}: 'java.lang.Object java.lang.invoke.DirectMethodHandle$Holder.newInvokeSpecial(java.lang.Object, java.lang.Object, int, java.lang.Object)'> (0x000000074d8a4f70) 
thrown [t:\workspace\open\src\hotspot\share\interpreter\linkResolver.cpp, line 766]
Event: 0.707 Thread 0x000002875ec334c0 Exception <a 'java/lang/NoSuchMethodError'{0x000000074d8a9350}: 'java.lang.Object java.lang.invoke.DirectMethodHandle$Holder.invokeSpecial(java.lang.Object, java.lang.Object, java.lang.Object, int, java.lang.Object)'> (0x000000074d8a9350) 
thrown [t:\workspace\open\src\hotspot\share\interpreter\linkResolver.cpp, line 766]
Event: 0.757 Thread 0x000002877fbeb730 Exception <a 'java/lang/NoSuchMethodError'{0x000000074d7352b0}: 'void java.lang.invoke.DirectMethodHandle$Holder.invokeStaticInit(java.lang.Object)'> (0x000000074d7352b0) 
thrown [t:\workspace\open\src\hotspot\share\interpreter\linkResolver.cpp, line 766]
Event: 0.760 Thread 0x000002875ec334c0 Exception <a 'java/lang/NoSuchMethodError'{0x000000074d8e75f8}: 'java.lang.Object java.lang.invoke.DirectMethodHandle$Holder.newInvokeSpecial(java.lang.Object, java.lang.Object, java.lang.Object, java.lang.Object, java.lang.Object, java.lang.Object)'> (0x000000074d8e75f8) 
thrown [t:\workspace\open\src\hotspot\share\interpreter\linkResolver.cpp, line 766]
Event: 0.782 Thread 0x000002875ec334c0 Exception <a 'java/lang/NoSuchMethodError'{0x000000074d917f60}: 'java.lang.Object java.lang.invoke.DirectMethodHandle$Holder.newInvokeSpecial(java.lang.Object, java.lang.Object, java.lang.Object, java.lang.Object, java.lang.Object)'> (0x000000074d917f60) 
thrown [t:\workspace\open\src\hotspot\share\interpreter\linkResolver.cpp, line 766]
Event: 0.783 Thread 0x000002877fd45210 Exception <a 'java/lang/NoSuchMethodError'{0x000000074d7e1998}: 'void java.lang.invoke.DirectMethodHandle$Holder.invokeStatic(java.lang.Object, java.lang.Object, java.lang.Object, java.lang.Object)'> (0x000000074d7e1998) 
thrown [t:\workspace\open\src\hotspot\share\interpreter\linkResolver.cpp, line 766]
Event: 0.894 Thread 0x000002877fbeb730 Exception <a 'java/lang/NoSuchMethodError'{0x000000074cc29370}: 'java.lang.Object java.lang.invoke.DirectMethodHandle$Holder.invokeStaticInit(java.lang.Object, java.lang.Object, java.lang.Object, java.lang.Object)'> (0x000000074cc29370) 
thrown [t:\workspace\open\src\hotspot\share\interpreter\linkResolver.cpp, line 766]
Event: 0.895 Thread 0x000002877fbeb730 Exception <a 'java/lang/NullPointerException'{0x000000074cc35388}> (0x000000074cc35388) 
thrown [t:\workspace\open\src\hotspot\share\interpreter\linkResolver.cpp, line 1357]
Event: 0.950 Thread 0x000002877fbeb730 Exception <a 'java/lang/ClassNotFoundException'{0x000000074cad6548}: com/sun/glass/ui/win/themes> (0x000000074cad6548) 
thrown [t:\workspace\open\src\hotspot\share\prims\jni.cpp, line 535]
Event: 0.951 Thread 0x000002877fbeb730 Exception <a 'java/lang/ClassNotFoundException'{0x000000074cae2980}: com/sun/glass/ui/win/themes_en> (0x000000074cae2980) 
thrown [t:\workspace\open\src\hotspot\share\prims\jni.cpp, line 535]
Event: 0.952 Thread 0x000002877fbeb730 Exception <a 'java/lang/ClassNotFoundException'{0x000000074caea9c8}: com/sun/glass/ui/win/themes_en_US> (0x000000074caea9c8) 
thrown [t:\workspace\open\src\hotspot\share\prims\jni.cpp, line 535]
Event: 1.045 Thread 0x000002877fbeb730 Exception <a 'java/lang/NoSuchMethodError'{0x000000074d6bcde8}: 'void java.lang.invoke.DirectMethodHandle$Holder.invokeStaticInit(java.lang.Object, java.lang.Object)'> (0x000000074d6bcde8) 
thrown [t:\workspace\open\src\hotspot\share\interpreter\linkResolver.cpp, line 766]
Event: 1.110 Thread 0x000002877fbeb730 Exception <a 'java/lang/NoSuchMethodError'{0x000000074d53dcc0}: 'void java.lang.invoke.DirectMethodHandle$Holder.invokeSpecial(java.lang.Object, java.lang.Object, java.lang.Object, java.lang.Object, java.lang.Object)'> (0x000000074d53dcc0) 
thrown [t:\workspace\open\src\hotspot\share\interpreter\linkResolver.cpp, line 766]

VM Operations (20 events):
Event: 0.971 Executing VM operation: G1CollectForAllocation done
Event: 1.283 Executing VM operation: ICBufferFull
Event: 1.283 Executing VM operation: ICBufferFull done
Event: 1.591 Executing VM operation: G1CollectForAllocation
Event: 1.714 Executing VM operation: G1CollectForAllocation done
Event: 1.869 Executing VM operation: G1CollectForAllocation
Event: 1.943 Executing VM operation: G1CollectForAllocation done
Event: 1.952 Executing VM operation: G1CollectForAllocation
Event: 1.967 Executing VM operation: G1CollectForAllocation done
Event: 1.985 Executing VM operation: G1CollectForAllocation
Event: 2.001 Executing VM operation: G1CollectForAllocation done
Event: 2.167 Executing VM operation: G1CollectForAllocation
Event: 2.196 Executing VM operation: G1CollectForAllocation done
Event: 2.272 Executing VM operation: G1CollectForAllocation
Event: 2.312 Executing VM operation: G1CollectForAllocation done
Event: 2.400 Executing VM operation: G1CollectForAllocation
Event: 2.439 Executing VM operation: G1CollectForAllocation done
Event: 2.464 Executing VM operation: G1Concurrent
Event: 2.465 Executing VM operation: G1Concurrent done
Event: 2.508 Executing VM operation: G1CollectForAllocation

Events (20 events):
Event: 1.064 loading class sun/reflect/generics/tree/MethodTypeSignature
Event: 1.064 loading class sun/reflect/generics/tree/Signature
Event: 1.064 loading class sun/reflect/generics/tree/Signature done
Event: 1.064 loading class sun/reflect/generics/tree/MethodTypeSignature done
Event: 1.064 loading class sun/reflect/generics/reflectiveObjects/ParameterizedTypeImpl
Event: 1.064 loading class java/lang/reflect/ParameterizedType
Event: 1.064 loading class java/lang/reflect/ParameterizedType done
Event: 1.064 loading class sun/reflect/generics/reflectiveObjects/ParameterizedTypeImpl done
Event: 1.064 loading class sun/reflect/generics/tree/ClassSignature
Event: 1.064 loading class sun/reflect/generics/tree/ClassSignature done
Event: 1.064 loading class sun/reflect/generics/tree/TypeVariableSignature
Event: 1.064 loading class sun/reflect/generics/tree/TypeVariableSignature done
Event: 1.065 loading class sun/reflect/generics/reflectiveObjects/TypeVariableImpl
Event: 1.065 loading class sun/reflect/generics/reflectiveObjects/LazyReflectiveObjectGenerator
Event: 1.065 loading class sun/reflect/generics/reflectiveObjects/LazyReflectiveObjectGenerator done
Event: 1.065 loading class sun/reflect/generics/reflectiveObjects/TypeVariableImpl done
Event: 1.105 loading class com/sun/org/apache/xerces/internal/impl/io/MalformedByteSequenceException
Event: 1.106 loading class java/io/CharConversionException
Event: 1.106 loading class java/io/CharConversionException done
Event: 1.106 loading class com/sun/org/apache/xerces/internal/impl/io/MalformedByteSequenceException done


Dynamic libraries:
0x00007ff64c850000 - 0x00007ff64c860000 	C:\Program Files\Java\jdk-17.0.2\bin\java.exe
0x00007fff30180000 - 0x00007fff3036d000 	C:\Windows\SYSTEM32\ntdll.dll
0x00007fff2d6b0000 - 0x00007fff2d764000 	C:\Windows\System32\KERNEL32.DLL
0x00007fff2c300000 - 0x00007fff2c594000 	C:\Windows\System32\KERNELBASE.dll
0x00007fff2d190000 - 0x00007fff2d28a000 	C:\Windows\System32\ucrtbase.dll
0x00007fff11490000 - 0x00007fff114aa000 	C:\Program Files\Java\jdk-17.0.2\bin\VCRUNTIME140.dll
0x00007fff1dc50000 - 0x00007fff1dc68000 	C:\Program Files\Java\jdk-17.0.2\bin\jli.dll
0x00007fff2d580000 - 0x00007fff2d627000 	C:\Windows\System32\ADVAPI32.dll
0x00007fff2e150000 - 0x00007fff2e1ee000 	C:\Windows\System32\msvcrt.dll
0x00007fff30020000 - 0x00007fff300bf000 	C:\Windows\System32\sechost.dll
0x00007fff2ddd0000 - 0x00007fff2deed000 	C:\Windows\System32\RPCRT4.dll
0x00007fff2d3e0000 - 0x00007fff2d577000 	C:\Windows\System32\USER32.dll
0x00007fff2c5a0000 - 0x00007fff2c5c0000 	C:\Windows\System32\win32u.dll
0x00007fff2f900000 - 0x00007fff2f929000 	C:\Windows\System32\GDI32.dll
0x00007fff19500000 - 0x00007fff19779000 	C:\Windows\WinSxS\amd64_microsoft.windows.common-controls_6595b64144ccf1df_6.0.17763.2803_none_de6d9ee8534e8a05\COMCTL32.dll
0x00007fff2c850000 - 0x00007fff2c9ec000 	C:\Windows\System32\gdi32full.dll
0x00007fff2fa90000 - 0x00007fff2fdbd000 	C:\Windows\System32\combase.dll
0x00007fff2d290000 - 0x00007fff2d330000 	C:\Windows\System32\msvcp_win.dll
0x00007fff2c5c0000 - 0x00007fff2c642000 	C:\Windows\System32\bcryptPrimitives.dll
0x00007fff26950000 - 0x00007fff2695a000 	C:\Windows\SYSTEM32\VERSION.dll
0x00007fff2ff90000 - 0x00007fff2ffbe000 	C:\Windows\System32\IMM32.DLL
0x00007fff28300000 - 0x00007fff2830c000 	C:\Program Files\Java\jdk-17.0.2\bin\vcruntime140_1.dll
0x00007ffefd8f0000 - 0x00007ffefd97d000 	C:\Program Files\Java\jdk-17.0.2\bin\msvcp140.dll
0x00007ffec9eb0000 - 0x00007ffecaa71000 	C:\Program Files\Java\jdk-17.0.2\bin\server\jvm.dll
0x00007fff2d6a0000 - 0x00007fff2d6a8000 	C:\Windows\System32\PSAPI.DLL
0x00007fff19300000 - 0x00007fff19309000 	C:\Windows\SYSTEM32\WSOCK32.dll
0x00007fff2d630000 - 0x00007fff2d69d000 	C:\Windows\System32\WS2_32.dll
0x00007fff27dc0000 - 0x00007fff27de4000 	C:\Windows\SYSTEM32\WINMM.dll
0x00007fff27d90000 - 0x00007fff27dbd000 	C:\Windows\SYSTEM32\WINMMBASE.dll
0x00007fff2c9f0000 - 0x00007fff2ca3a000 	C:\Windows\System32\cfgmgr32.dll
0x00007fff2c130000 - 0x00007fff2c141000 	C:\Windows\System32\kernel.appcore.dll
0x00007fff282d0000 - 0x00007fff282da000 	C:\Program Files\Java\jdk-17.0.2\bin\jimage.dll
0x00007fff2aa10000 - 0x00007fff2abfd000 	C:\Windows\SYSTEM32\DBGHELP.DLL
0x00007fff17360000 - 0x00007fff1738a000 	C:\Windows\SYSTEM32\dbgcore.DLL
0x00007fff11460000 - 0x00007fff11485000 	C:\Program Files\Java\jdk-17.0.2\bin\java.dll
0x00007ffef70a0000 - 0x00007ffef7176000 	C:\Program Files\Java\jdk-17.0.2\bin\jsvml.dll
0x00007fff2e330000 - 0x00007fff2f828000 	C:\Windows\System32\SHELL32.dll
0x00007fff2df70000 - 0x00007fff2e018000 	C:\Windows\System32\shcore.dll
0x00007fff2ca40000 - 0x00007fff2d188000 	C:\Windows\System32\windows.storage.dll
0x00007fff2c1b0000 - 0x00007fff2c1d4000 	C:\Windows\System32\profapi.dll
0x00007fff2c150000 - 0x00007fff2c1ad000 	C:\Windows\System32\powrprof.dll
0x00007fff300c0000 - 0x00007fff30112000 	C:\Windows\System32\shlwapi.dll
0x00007fff2d360000 - 0x00007fff2d377000 	C:\Windows\System32\cryptsp.dll
0x00007fff0c5b0000 - 0x00007fff0c5c9000 	C:\Program Files\Java\jdk-17.0.2\bin\net.dll
0x00007fff1dea0000 - 0x00007fff1df91000 	C:\Windows\SYSTEM32\WINHTTP.dll
0x00007fff2b960000 - 0x00007fff2b9c7000 	C:\Windows\system32\mswsock.dll
0x00007fff0c0b0000 - 0x00007fff0c0c6000 	C:\Program Files\Java\jdk-17.0.2\bin\nio.dll
0x00007fff06fe0000 - 0x00007fff06ff8000 	C:\Program Files\Java\jdk-17.0.2\bin\zip.dll
0x000002875caf0000 - 0x000002875caf3000 	C:\Users\pc\.openjfx\cache\17.0.1\api-ms-win-core-console-l1-1-0.dll
0x000002875cb50000 - 0x000002875cb53000 	C:\Users\pc\.openjfx\cache\17.0.1\api-ms-win-core-console-l1-2-0.dll
0x000002875eb40000 - 0x000002875eb43000 	C:\Users\pc\.openjfx\cache\17.0.1\api-ms-win-core-datetime-l1-1-0.dll
0x000002875eb50000 - 0x000002875eb53000 	C:\Users\pc\.openjfx\cache\17.0.1\api-ms-win-core-debug-l1-1-0.dll
0x000002875eb60000 - 0x000002875eb63000 	C:\Users\pc\.openjfx\cache\17.0.1\api-ms-win-core-errorhandling-l1-1-0.dll
0x000002875eb70000 - 0x000002875eb74000 	C:\Users\pc\.openjfx\cache\17.0.1\api-ms-win-core-file-l1-1-0.dll
0x000002875eb80000 - 0x000002875eb83000 	C:\Users\pc\.openjfx\cache\17.0.1\api-ms-win-core-file-l1-2-0.dll
0x000002875eb90000 - 0x000002875eb93000 	C:\Users\pc\.openjfx\cache\17.0.1\api-ms-win-core-file-l2-1-0.dll
0x000002875eba0000 - 0x000002875eba3000 	C:\Users\pc\.openjfx\cache\17.0.1\api-ms-win-core-handle-l1-1-0.dll
0x000002875ebb0000 - 0x000002875ebb3000 	C:\Users\pc\.openjfx\cache\17.0.1\api-ms-win-core-heap-l1-1-0.dll
0x000002875ebc0000 - 0x000002875ebc3000 	C:\Users\pc\.openjfx\cache\17.0.1\api-ms-win-core-interlocked-l1-1-0.dll
0x000002875ebd0000 - 0x000002875ebd3000 	C:\Users\pc\.openjfx\cache\17.0.1\api-ms-win-core-libraryloader-l1-1-0.dll
0x000002875ebe0000 - 0x000002875ebe3000 	C:\Users\pc\.openjfx\cache\17.0.1\api-ms-win-core-localization-l1-2-0.dll
0x000002875ebf0000 - 0x000002875ebf3000 	C:\Users\pc\.openjfx\cache\17.0.1\api-ms-win-core-memory-l1-1-0.dll
0x000002877ebd0000 - 0x000002877ebd3000 	C:\Users\pc\.openjfx\cache\17.0.1\api-ms-win-core-namedpipe-l1-1-0.dll
0x000002877ebe0000 - 0x000002877ebe3000 	C:\Users\pc\.openjfx\cache\17.0.1\api-ms-win-core-processenvironment-l1-1-0.dll
0x000002877ebf0000 - 0x000002877ebf3000 	C:\Users\pc\.openjfx\cache\17.0.1\api-ms-win-core-processthreads-l1-1-0.dll
0x0000028700000000 - 0x0000028700003000 	C:\Users\pc\.openjfx\cache\17.0.1\api-ms-win-core-processthreads-l1-1-1.dll
0x0000028700010000 - 0x0000028700013000 	C:\Users\pc\.openjfx\cache\17.0.1\api-ms-win-core-profile-l1-1-0.dll
0x0000028700020000 - 0x0000028700023000 	C:\Users\pc\.openjfx\cache\17.0.1\api-ms-win-core-rtlsupport-l1-1-0.dll
0x0000028700030000 - 0x0000028700033000 	C:\Users\pc\.openjfx\cache\17.0.1\api-ms-win-core-string-l1-1-0.dll
0x0000028700040000 - 0x0000028700043000 	C:\Users\pc\.openjfx\cache\17.0.1\api-ms-win-core-synch-l1-1-0.dll
0x0000028700050000 - 0x0000028700053000 	C:\Users\pc\.openjfx\cache\17.0.1\api-ms-win-core-synch-l1-2-0.dll
0x0000028700060000 - 0x0000028700063000 	C:\Users\pc\.openjfx\cache\17.0.1\api-ms-win-core-sysinfo-l1-1-0.dll
0x0000028700070000 - 0x0000028700073000 	C:\Users\pc\.openjfx\cache\17.0.1\api-ms-win-core-timezone-l1-1-0.dll
0x0000028700080000 - 0x0000028700083000 	C:\Users\pc\.openjfx\cache\17.0.1\api-ms-win-core-util-l1-1-0.dll
0x0000028700090000 - 0x0000028700093000 	C:\Users\pc\.openjfx\cache\17.0.1\api-ms-win-crt-conio-l1-1-0.dll
0x00000287000a0000 - 0x00000287000a4000 	C:\Users\pc\.openjfx\cache\17.0.1\api-ms-win-crt-convert-l1-1-0.dll
0x00000287000b0000 - 0x00000287000b3000 	C:\Users\pc\.openjfx\cache\17.0.1\api-ms-win-crt-environment-l1-1-0.dll
0x00000287000c0000 - 0x00000287000c3000 	C:\Users\pc\.openjfx\cache\17.0.1\api-ms-win-crt-filesystem-l1-1-0.dll
0x00000287000d0000 - 0x00000287000d3000 	C:\Users\pc\.openjfx\cache\17.0.1\api-ms-win-crt-heap-l1-1-0.dll
0x00000287000e0000 - 0x00000287000e3000 	C:\Users\pc\.openjfx\cache\17.0.1\api-ms-win-crt-locale-l1-1-0.dll
0x00000287000f0000 - 0x00000287000f5000 	C:\Users\pc\.openjfx\cache\17.0.1\api-ms-win-crt-math-l1-1-0.dll
0x0000028700100000 - 0x0000028700105000 	C:\Users\pc\.openjfx\cache\17.0.1\api-ms-win-crt-multibyte-l1-1-0.dll
0x0000028700110000 - 0x0000028700120000 	C:\Users\pc\.openjfx\cache\17.0.1\api-ms-win-crt-private-l1-1-0.dll
0x0000028700120000 - 0x0000028700123000 	C:\Users\pc\.openjfx\cache\17.0.1\api-ms-win-crt-process-l1-1-0.dll
0x0000028700130000 - 0x0000028700134000 	C:\Users\pc\.openjfx\cache\17.0.1\api-ms-win-crt-runtime-l1-1-0.dll
0x0000028700140000 - 0x0000028700144000 	C:\Users\pc\.openjfx\cache\17.0.1\api-ms-win-crt-stdio-l1-1-0.dll
0x0000028700150000 - 0x0000028700154000 	C:\Users\pc\.openjfx\cache\17.0.1\api-ms-win-crt-string-l1-1-0.dll
0x0000028700160000 - 0x0000028700163000 	C:\Users\pc\.openjfx\cache\17.0.1\api-ms-win-crt-time-l1-1-0.dll
0x0000028700170000 - 0x0000028700173000 	C:\Users\pc\.openjfx\cache\17.0.1\api-ms-win-crt-utility-l1-1-0.dll
0x00007ffed3ea0000 - 0x00007ffed3f9c000 	C:\Users\pc\.openjfx\cache\17.0.1\ucrtbase.dll
0x00007ffef7020000 - 0x00007ffef703a000 	C:\Users\pc\.openjfx\cache\17.0.1\vcruntime140.dll
0x00007fff27e40000 - 0x00007fff27e4c000 	C:\Users\pc\.openjfx\cache\17.0.1\vcruntime140_1.dll
0x00007ffed3e10000 - 0x00007ffed3e9d000 	C:\Users\pc\.openjfx\cache\17.0.1\msvcp140.dll
0x00007ffef5930000 - 0x00007ffef595a000 	C:\Users\pc\.openjfx\cache\17.0.1\prism_d3d.dll
0x00007ffef5730000 - 0x00007ffef58ce000 	C:\Windows\system32\d3d9.dll
0x00007fff2a370000 - 0x00007fff2a39e000 	C:\Windows\SYSTEM32\dwmapi.dll
0x00007fff2c650000 - 0x00007fff2c845000 	C:\Windows\System32\CRYPT32.dll
0x00007fff2c110000 - 0x00007fff2c122000 	C:\Windows\System32\MSASN1.dll
0x00007fff29700000 - 0x00007fff2979c000 	C:\Windows\system32\uxtheme.dll
0x00007ffedcdb0000 - 0x00007ffedcf13000 	C:\Windows\System32\DriverStore\FileRepository\igdlh64.inf_amd64_2cec8fd58a80e6ea\igdumdim64.dll
0x00007ffed93a0000 - 0x00007ffedcda4000 	C:\Windows\System32\DriverStore\FileRepository\igdlh64.inf_amd64_2cec8fd58a80e6ea\igd9dxva64.dll
0x00007fff2f930000 - 0x00007fff2fa86000 	C:\Windows\System32\ole32.dll
0x00007fff2f830000 - 0x00007fff2f8f4000 	C:\Windows\System32\OLEAUT32.dll
0x00007fff2d770000 - 0x00007fff2dbe6000 	C:\Windows\System32\SETUPAPI.dll
0x00007fff2d330000 - 0x00007fff2d356000 	C:\Windows\System32\bcrypt.dll
0x00007fff230f0000 - 0x00007fff2332f000 	C:\Windows\System32\DriverStore\FileRepository\igdlh64.inf_amd64_2cec8fd58a80e6ea\igdgmm64.dll
0x00007ffed8c50000 - 0x00007ffed8c92000 	C:\Users\pc\.openjfx\cache\17.0.1\glass.dll
0x00007fff2e1f0000 - 0x00007fff2e317000 	C:\Windows\System32\COMDLG32.dll
0x00007fff2fdc0000 - 0x00007fff2ff2b000 	C:\Windows\System32\MSCTF.dll
0x00007ffef5610000 - 0x00007ffef5637000 	C:\Windows\System32\DriverStore\FileRepository\igdlh64.inf_amd64_2cec8fd58a80e6ea\igdinfo64.dll
0x00007fff1fd40000 - 0x00007fff229a2000 	C:\Windows\System32\DriverStore\FileRepository\igdlh64.inf_amd64_2cec8fd58a80e6ea\igc64.dll
0x00007ffef7000000 - 0x00007ffef7014000 	C:\Users\pc\.openjfx\cache\17.0.1\javafx_font.dll

dbghelp: loaded successfully - version: 4.0.5 - missing functions: none
symbol engine: initialized successfully - sym options: 0x614 - pdb path: .;C:\Program Files\Java\jdk-17.0.2\bin;C:\Windows\SYSTEM32;C:\Windows\WinSxS\amd64_microsoft.windows.common-controls_6595b64144ccf1df_6.0.17763.2803_none_de6d9ee8534e8a05;C:\Program Files\Java\jdk-17.0.2\bin\server;C:\Users\pc\.openjfx\cache\17.0.1;C:\Windows\System32\DriverStore\FileRepository\igdlh64.inf_amd64_2cec8fd58a80e6ea

VM Arguments:
jvm_args: -Dfile.encoding=windows-1252 -Duser.country=US -Duser.language=en -Duser.variant --module-path=D:\study\Sfour\POO\TP\build\libs\tp-1.0-SNAPSHOT.jar;D:\study\Sfour\POO\TP\build\classes\java\main;C:\Users\pc\.gradle\caches\modules-2\files-2.1\org.openjfx\javafx-fxml\17.0.1\3c4928d8de8e84617b28d370ac1115a1a2267c68\javafx-fxml-17.0.1-win.jar;C:\Users\pc\.gradle\caches\modules-2\files-2.1\org.openjfx\javafx-controls\17.0.1\dd2e517c9638c07325836d17557a365b484fd6c7\javafx-controls-17.0.1-win.jar;C:\Users\pc\.gradle\caches\modules-2\files-2.1\org.openjfx\javafx-controls\17.0.1\4aa202089425f7b3bac4566e98da4b94ad10ee00\javafx-controls-17.0.1.jar;C:\Users\pc\.gradle\caches\modules-2\files-2.1\org.openjfx\javafx-graphics\17.0.1\5e29de2d1e6320c2c8c4af9fef186d82f3953155\javafx-graphics-17.0.1-win.jar;C:\Users\pc\.gradle\caches\modules-2\files-2.1\org.openjfx\javafx-graphics\17.0.1\324fd0f6c9c55330fc64a44dde0887d9646e800a\javafx-graphics-17.0.1.jar;C:\Users\pc\.gradle\caches\modules-2\files-2.1\org.openjfx\javafx-base\17.0.1\174ca1357249f26d154583886cda6f20ba1b7887\javafx-base-17.0.1-win.jar;C:\Users\pc\.gradle\caches\modules-2\files-2.1\org.openjfx\javafx-base\17.0.1\2c53dcf0d89ff42a63b09d941cab75c5a052ef32\javafx-base-17.0.1.jar -Djdk.module.main=com.company.tp 
java_command: com.company.tp/com.company.tp.HelloApplication
java_class_path (initial): D:\study\Sfour\POO\TP\build\resources\main
Launcher Type: SUN_STANDARD

[Global flags]
     intx CICompilerCount                          = 3                                         {product} {ergonomic}
     uint ConcGCThreads                            = 1                                         {product} {ergonomic}
     uint G1ConcRefinementThreads                  = 4                                         {product} {ergonomic}
   size_t G1HeapRegionSize                         = 2097152                                   {product} {ergonomic}
    uintx GCDrainStackTargetSize                   = 64                                        {product} {ergonomic}
   size_t InitialHeapSize                          = 201326592                                 {product} {ergonomic}
   size_t MarkStackSize                            = 4194304                                   {product} {ergonomic}
   size_t MaxHeapSize                              = 3191865344                                {product} {ergonomic}
   size_t MaxNewSize                               = 1914699776                                {product} {ergonomic}
   size_t MinHeapDeltaBytes                        = 2097152                                   {product} {ergonomic}
   size_t MinHeapSize                              = 8388608                                   {product} {ergonomic}
    uintx NonNMethodCodeHeapSize                   = 5832780                                {pd product} {ergonomic}
    uintx NonProfiledCodeHeapSize                  = 122912730                              {pd product} {ergonomic}
    uintx ProfiledCodeHeapSize                     = 122912730                              {pd product} {ergonomic}
    uintx ReservedCodeCacheSize                    = 251658240                              {pd product} {ergonomic}
     bool SegmentedCodeCache                       = true                                      {product} {ergonomic}
   size_t SoftMaxHeapSize                          = 3191865344                             {manageable} {ergonomic}
     bool UseCompressedClassPointers               = true                           {product lp64_product} {ergonomic}
     bool UseCompressedOops                        = true                           {product lp64_product} {ergonomic}
     bool UseG1GC                                  = true                                      {product} {ergonomic}
     bool UseLargePagesIndividualAllocation        = false                                  {pd product} {ergonomic}

Logging:
Log output configuration:
 #0: stdout all=warning uptime,level,tags
 #1: stderr all=off uptime,level,tags

Environment Variables:
PATH=C:\Program Files\Common Files\Oracle\Java\javapath;C:\Python310\Scripts\;C:\Python310\;C:\texlive\2000\bin\win32;C:\Program Files (x86)\Common Files\Intel\Shared Libraries\redist\intel64\compiler;C:\Program Files (x86)\Common Files\Oracle\Java\javapath;C:\Windows\system32;C:\Windows;C:\Windows\System32\Wbem;C:\Windows\System32\WindowsPowerShell\v1.0\;C:\Windows\System32\OpenSSH\;C:\MinGW\bin;C:\Program Files\Vim\vim82;C:\tools\nvim-win64\Neovim\bin;C:\Program Files (x86)\Vim\vim82;C:\Program Files\Git\cmd;C:\Program Files\PuTTY\;C:\Program Files\Graphviz\bin;C:\Program Files\nodejs\;C:\ProgramData\chocolatey\bin;C:\Program Files (x86)\NoteBook FanControl\;C:\Program Files (x86)\Common Files\Oracle\Java\javapath;C:\Windows\system32;C:\Windows;C:\Windows\System32\Wbem;C:\Windows\System32\WindowsPowerShell\v1.0\;C:\Windows\System32\OpenSSH\;C:\Users\pc\AppData\Local\Microsoft\WindowsApps;C:\adb\;C:\Users\pc\AppData\Local\hyper\app-3.0.2\resources\bin;C:\Users\pc\AppData\Local\Programs\Microsoft VS Code\bin;C:\Users\pc\AppData\Local\JpegminiPro3\;C:\Users\pc\AppData\Local\GitHubDesktop\bin;C:\ProgramData\pc\GitHubDesktop\bin;C:\src\flutter\bin;C:\Users\pc\AppData\Local\Android\Sdk\tools;C:\Users\pc\AppData\Local\Android\Sdk\platform-tools;C:\Users\pc\AppData\Roaming\npm;C:\Program Files\JetBrains\IntelliJ IDEA Community Edition 2021.3.2\bin;
USERNAME=pc
OS=Windows_NT
PROCESSOR_IDENTIFIER=Intel64 Family 6 Model 142 Stepping 9, GenuineIntel



---------------  S Y S T E M  ---------------

OS:
 Windows 10 , 64 bit Build 17763 (10.0.17763.2803)
OS uptime: 1 days 17:27 hours

CPU: total 4 (initial active 4) (2 cores per cpu, 2 threads per core) family 6 model 142 stepping 9 microcode 0xde, cx8, cmov, fxsr, ht, mmx, 3dnowpref, sse, sse2, sse3, ssse3, sse4.1, sse4.2, popcnt, lzcnt, tsc, tscinvbit, avx, avx2, aes, erms, clmul, bmi1, bmi2, adx, fma, vzeroupper, clflush, clflushopt

Memory: 4k page, system-wide physical 12169M (1470M free)
TotalPageFile size 12169M (AvailPageFile size 459M)
current process WorkingSet (physical memory assigned to process): 466M, peak: 466M
current process commit charge ("private bytes"): 773M, peak: 1579M

vm_info: Java HotSpot(TM) 64-Bit Server VM (17.0.2+8-LTS-86) for windows-amd64 JRE (17.0.2+8-LTS-86), built on Dec  7 2021 21:51:03 by "mach5one" with MS VC++ 16.8 / 16.9 (VS2019)

END.
