#
# There is insufficient memory for the Java Runtime Environment to continue.
# Native memory allocation (mmap) failed to map 65536 bytes for Failed to commit metaspace.
# Possible reasons:
#   The system is out of physical RAM or swap space
#   The process is running with CompressedOops enabled, and the Java Heap may be blocking the growth of the native heap
# Possible solutions:
#   Reduce memory load on the system
#   Increase physical memory or swap space
#   Check if swap backing store is full
#   Decrease Java heap size (-Xmx/-Xms)
#   Decrease number of Java threads
#   Decrease Java thread stack sizes (-Xss)
#   Set larger code cache with -XX:ReservedCodeCacheSize=
#   JVM is running with Zero Based Compressed Oops mode in which the Java heap is
#     placed in the first 32GB address space. The Java Heap base address is the
#     maximum limit for the native heap growth. Please use -XX:HeapBaseMinAddress
#     to set the Java Heap base and to place the Java Heap above 32GB virtual address.
# This output file may be truncated or incomplete.
#
#  Out of Memory Error (virtualSpaceNode.cpp:110), pid=4288, tid=7976
#
# JRE version: Java(TM) SE Runtime Environment (17.0.2+8) (build 17.0.2+8-LTS-86)
# Java VM: Java HotSpot(TM) 64-Bit Server VM (17.0.2+8-LTS-86, mixed mode, sharing, tiered, compressed oops, compressed class ptrs, g1 gc, windows-amd64)
# No core dump will be written. Minidumps are not enabled by default on client versions of Windows
#

---------------  S U M M A R Y ------------

Command Line: -Dfile.encoding=windows-1252 -Duser.country=US -Duser.language=en -Duser.variant --module-path=D:\study\Sfour\POO\TP\build\libs\tp-1.0-SNAPSHOT.jar;D:\study\Sfour\POO\TP\build\classes\java\main;C:\Users\pc\.gradle\caches\modules-2\files-2.1\org.openjfx\javafx-fxml\17.0.1\3c4928d8de8e84617b28d370ac1115a1a2267c68\javafx-fxml-17.0.1-win.jar;C:\Users\pc\.gradle\caches\modules-2\files-2.1\org.openjfx\javafx-controls\17.0.1\dd2e517c9638c07325836d17557a365b484fd6c7\javafx-controls-17.0.1-win.jar;C:\Users\pc\.gradle\caches\modules-2\files-2.1\org.openjfx\javafx-controls\17.0.1\4aa202089425f7b3bac4566e98da4b94ad10ee00\javafx-controls-17.0.1.jar;C:\Users\pc\.gradle\caches\modules-2\files-2.1\org.openjfx\javafx-graphics\17.0.1\5e29de2d1e6320c2c8c4af9fef186d82f3953155\javafx-graphics-17.0.1-win.jar;C:\Users\pc\.gradle\caches\modules-2\files-2.1\org.openjfx\javafx-graphics\17.0.1\324fd0f6c9c55330fc64a44dde0887d9646e800a\javafx-graphics-17.0.1.jar;C:\Users\pc\.gradle\caches\modules-2\files-2.1\org.openjfx\javafx-base\17.0.1\174ca1357249f26d154583886cda6f20ba1b7887\javafx-base-17.0.1-win.jar;C:\Users\pc\.gradle\caches\modules-2\files-2.1\org.openjfx\javafx-base\17.0.1\2c53dcf0d89ff42a63b09d941cab75c5a052ef32\javafx-base-17.0.1.jar -Djdk.module.main=com.company.tp com.company.tp/com.company.tp.HelloApplication

Host: Intel(R) Core(TM) i7-7500U CPU @ 2.70GHz, 4 cores, 11G,  Windows 10 , 64 bit Build 17763 (10.0.17763.2803)
Time: Wed May 11 06:01:45 2022 W. Central Africa Standard Time elapsed time: 0.548709 seconds (0d 0h 0m 0s)

---------------  T H R E A D  ---------------

Current thread (0x00000159809dae70):  JavaThread "JavaFX Application Thread" [_thread_in_vm, id=7976, stack(0x0000001763500000,0x0000001763600000)]

Stack: [0x0000001763500000,0x0000001763600000]
Native frames: (J=compiled Java code, j=interpreted, Vv=VM code, C=native code)
V  [jvm.dll+0x670baa]
V  [jvm.dll+0x7cfcb4]
V  [jvm.dll+0x7d145e]
V  [jvm.dll+0x7d1ac3]
V  [jvm.dll+0x242bc5]
V  [jvm.dll+0x7cbc5b]
V  [jvm.dll+0x616966]
V  [jvm.dll+0x1be3ee]
V  [jvm.dll+0x6192a1]
V  [jvm.dll+0x617306]
V  [jvm.dll+0x621057]
V  [jvm.dll+0x1e7e2b]
V  [jvm.dll+0x1e8365]
V  [jvm.dll+0x1e8d9f]
V  [jvm.dll+0x1de251]
V  [jvm.dll+0x537c30]
V  [jvm.dll+0x74ad28]
V  [jvm.dll+0x74ae14]
V  [jvm.dll+0x408cc5]
V  [jvm.dll+0x40ed18]
C  [java.dll+0x17ec]

Java frames: (J=compiled Java code, j=interpreted, Vv=VM code)
j  java.lang.ClassLoader.defineClass1(Ljava/lang/ClassLoader;Ljava/lang/String;[BIILjava/security/ProtectionDomain;Ljava/lang/String;)Ljava/lang/Class;+0 java.base@17.0.2
j  java.lang.ClassLoader.defineClass(Ljava/lang/String;[BIILjava/security/ProtectionDomain;)Ljava/lang/Class;+27 java.base@17.0.2
j  java.lang.ClassLoader.defineClass(Ljava/lang/String;Ljava/nio/ByteBuffer;Ljava/security/ProtectionDomain;)Ljava/lang/Class;+38 java.base@17.0.2
j  java.security.SecureClassLoader.defineClass(Ljava/lang/String;Ljava/nio/ByteBuffer;Ljava/security/CodeSource;)Ljava/lang/Class;+8 java.base@17.0.2
j  jdk.internal.loader.BuiltinClassLoader.defineClass(Ljava/lang/String;Ljdk/internal/loader/BuiltinClassLoader$LoadedModule;)Ljava/lang/Class;+127 java.base@17.0.2
j  jdk.internal.loader.BuiltinClassLoader.findClassInModuleOrNull(Ljdk/internal/loader/BuiltinClassLoader$LoadedModule;Ljava/lang/String;)Ljava/lang/Class;+9 java.base@17.0.2
j  jdk.internal.loader.BuiltinClassLoader.loadClassOrNull(Ljava/lang/String;Z)Ljava/lang/Class;+55 java.base@17.0.2
J 754 c1 jdk.internal.loader.ClassLoaders$AppClassLoader.loadClass(Ljava/lang/String;Z)Ljava/lang/Class; java.base@17.0.2 (40 bytes) @ 0x00000159e75ffc0c [0x00000159e75ff5e0+0x000000000000062c]
J 753 c1 java.lang.ClassLoader.loadClass(Ljava/lang/String;)Ljava/lang/Class; java.base@17.0.2 (7 bytes) @ 0x00000159e75ff24c [0x00000159e75ff140+0x000000000000010c]
v  ~StubRoutines::call_stub
j  javafx.stage.Window.<clinit>()V+38 javafx.graphics
v  ~StubRoutines::call_stub
j  com.sun.javafx.application.LauncherImpl.lambda$launchApplication1$9(Ljava/util/concurrent/atomic/AtomicBoolean;Ljavafx/application/Application;)V+5 javafx.graphics
j  com.sun.javafx.application.LauncherImpl$$Lambda$120+0x0000000800c3ef70.run()V+8 javafx.graphics
j  com.sun.javafx.application.PlatformImpl.lambda$runAndWait$12(Ljava/lang/Runnable;Ljava/util/concurrent/CountDownLatch;)V+1 javafx.graphics
j  com.sun.javafx.application.PlatformImpl$$Lambda$101+0x0000000800c3cc28.run()V+8 javafx.graphics
j  com.sun.javafx.application.PlatformImpl.lambda$runLater$10(Ljava/lang/Runnable;)Ljava/lang/Void;+1 javafx.graphics
j  com.sun.javafx.application.PlatformImpl$$Lambda$103+0x0000000800c3dab0.run()Ljava/lang/Object;+4 javafx.graphics
J 844 c1 java.security.AccessController.executePrivileged(Ljava/security/PrivilegedAction;Ljava/security/AccessControlContext;Ljava/lang/Class;)Ljava/lang/Object; java.base@17.0.2 (65 bytes) @ 0x00000159e7625ebc [0x00000159e7625d60+0x000000000000015c]
j  java.security.AccessController.doPrivileged(Ljava/security/PrivilegedAction;Ljava/security/AccessControlContext;)Ljava/lang/Object;+13 java.base@17.0.2
j  com.sun.javafx.application.PlatformImpl.lambda$runLater$11(Ljava/lang/Runnable;Ljava/security/AccessControlContext;)V+7 javafx.graphics
j  com.sun.javafx.application.PlatformImpl$$Lambda$102+0x0000000800c3d428.run()V+8 javafx.graphics
j  com.sun.glass.ui.InvokeLaterDispatcher$Future.run()V+4 javafx.graphics
v  ~StubRoutines::call_stub
j  com.sun.glass.ui.win.WinApplication._runLoop(Ljava/lang/Runnable;)V+0 javafx.graphics
j  com.sun.glass.ui.win.WinApplication.lambda$runLoop$3(ILjava/lang/Runnable;)V+8 javafx.graphics
j  com.sun.glass.ui.win.WinApplication$$Lambda$91+0x0000000800c2d2e0.run()V+12 javafx.graphics
j  java.lang.Thread.run()V+11 java.base@17.0.2
v  ~StubRoutines::call_stub

---------------  P R O C E S S  ---------------

Threads class SMR info:
_java_thread_list=0x000001598124ac20, length=18, elements={
0x00000159df6f21b0, 0x00000159ff53b4a0, 0x00000159ff53c9c0, 0x00000159ff5505b0,
0x00000159ff551f80, 0x00000159ff5531e0, 0x00000159ff556f90, 0x00000159ff561120,
0x00000159ff567b00, 0x00000159ff574020, 0x00000159809da4d0, 0x0000015980ad2140,
0x00000159809da000, 0x00000159809d9190, 0x00000159809d8cc0, 0x00000159809dae70,
0x00000159809d9b30, 0x00000159809da9a0
}
_to_delete_list=0x000001598124afe0, length=17, elements={
0x00000159df6f21b0, 0x00000159ff53b4a0, 0x00000159ff53c9c0, 0x00000159ff5505b0,
0x00000159ff551f80, 0x00000159ff5531e0, 0x00000159ff556f90, 0x00000159ff561120,
0x00000159ff567b00, 0x00000159ff574020, 0x00000159809da4d0, 0x0000015980ad2140,
0x00000159809da000, 0x00000159809d9190, 0x00000159809d8cc0, 0x00000159809dae70,
0x00000159809d9b30
}

Java Threads: ( => current thread )
  0x00000159df6f21b0 JavaThread "main" [_thread_blocked, id=9476, stack(0x0000001761c00000,0x0000001761d00000)]
  0x00000159ff53b4a0 JavaThread "Reference Handler" daemon [_thread_blocked, id=2504, stack(0x0000001762300000,0x0000001762400000)]
  0x00000159ff53c9c0 JavaThread "Finalizer" daemon [_thread_blocked, id=11012, stack(0x0000001762400000,0x0000001762500000)]
  0x00000159ff5505b0 JavaThread "Signal Dispatcher" daemon [_thread_blocked, id=12828, stack(0x0000001762500000,0x0000001762600000)]
  0x00000159ff551f80 JavaThread "Attach Listener" daemon [_thread_blocked, id=13936, stack(0x0000001762600000,0x0000001762700000)]
  0x00000159ff5531e0 JavaThread "Service Thread" daemon [_thread_blocked, id=15872, stack(0x0000001762700000,0x0000001762800000)]
  0x00000159ff556f90 JavaThread "Monitor Deflation Thread" daemon [_thread_blocked, id=16484, stack(0x0000001762800000,0x0000001762900000)]
  0x00000159ff561120 JavaThread "C2 CompilerThread0" daemon [_thread_blocked, id=4612, stack(0x0000001762900000,0x0000001762a00000)]
  0x00000159ff567b00 JavaThread "C1 CompilerThread0" daemon [_thread_blocked, id=10116, stack(0x0000001762a00000,0x0000001762b00000)]
  0x00000159ff574020 JavaThread "Sweeper thread" daemon [_thread_blocked, id=11556, stack(0x0000001762b00000,0x0000001762c00000)]
  0x00000159809da4d0 JavaThread "Common-Cleaner" daemon [_thread_blocked, id=14296, stack(0x0000001762c00000,0x0000001762d00000)]
  0x0000015980ad2140 JavaThread "C2 CompilerThread1" daemon [_thread_blocked, id=3796, stack(0x0000001762d00000,0x0000001762e00000)]
  0x00000159809da000 JavaThread "Notification Thread" daemon [_thread_blocked, id=1352, stack(0x0000001762e00000,0x0000001762f00000)]
  0x00000159809d9190 JavaThread "QuantumRenderer-0" daemon [_thread_blocked, id=3136, stack(0x0000001763300000,0x0000001763400000)]
  0x00000159809d8cc0 JavaThread "InvokeLaterDispatcher" daemon [_thread_blocked, id=13736, stack(0x0000001763400000,0x0000001763500000)]
=>0x00000159809dae70 JavaThread "JavaFX Application Thread" [_thread_in_vm, id=7976, stack(0x0000001763500000,0x0000001763600000)]
  0x00000159809d9b30 JavaThread "Thread-1" daemon [_thread_in_native, id=12460, stack(0x0000001763600000,0x0000001763700000)]
  0x00000159809da9a0 JavaThread "JavaFX-Launcher" [_thread_blocked, id=10356, stack(0x0000001763700000,0x0000001763800000)]

Other Threads:
  0x00000159ff534de0 VMThread "VM Thread" [stack: 0x0000001762200000,0x0000001762300000] [id=16144]
  0x0000015980b3a2c0 WatcherThread [stack: 0x0000001762f00000,0x0000001763000000] [id=15228]
  0x00000159df734af0 GCTaskThread "GC Thread#0" [stack: 0x0000001761d00000,0x0000001761e00000] [id=14280]
  0x0000015981138c80 GCTaskThread "GC Thread#1" [stack: 0x0000001763000000,0x0000001763100000] [id=16488]
  0x0000015981138f30 GCTaskThread "GC Thread#2" [stack: 0x0000001763100000,0x0000001763200000] [id=12024]
  0x00000159811391e0 GCTaskThread "GC Thread#3" [stack: 0x0000001763200000,0x0000001763300000] [id=17240]
  0x00000159df743ba0 ConcurrentGCThread "G1 Main Marker" [stack: 0x0000001761e00000,0x0000001761f00000] [id=14644]
  0x00000159df745080 ConcurrentGCThread "G1 Conc#0" [stack: 0x0000001761f00000,0x0000001762000000] [id=4224]
  0x00000159ff3f14c0 ConcurrentGCThread "G1 Refine#0" [stack: 0x0000001762000000,0x0000001762100000] [id=9952]
  0x00000159ff3f1df0 ConcurrentGCThread "G1 Service" [stack: 0x0000001762100000,0x0000001762200000] [id=8948]

Threads with active compile tasks:

VM state: not at safepoint (normal execution)

VM Mutex/Monitor currently owned by a thread:  ([mutex/lock_event])
[0x00000159df6ec1b0] Metaspace_lock - owner thread: 0x00000159809dae70

Heap address: 0x0000000741c00000, size: 3044 MB, Compressed Oops mode: Zero based, Oop shift amount: 3

CDS archive(s) mapped at: [0x0000000800000000-0x0000000800bc0000-0x0000000800bc0000), size 12320768, SharedBaseAddress: 0x0000000800000000, ArchiveRelocationMode: 0.
Compressed class space mapped at: 0x0000000800c00000-0x0000000840c00000, reserved size: 1073741824
Narrow klass base: 0x0000000800000000, Narrow klass shift: 0, Narrow klass range: 0x100000000

GC Precious Log:
 CPUs: 4 total, 4 available
 Memory: 12169M
 Large Page Support: Disabled
 NUMA Support: Disabled
 Compressed Oops: Enabled (Zero based)
 Heap Region Size: 2M
 Heap Min Capacity: 8M
 Heap Initial Capacity: 192M
 Heap Max Capacity: 3044M
 Pre-touch: Disabled
 Parallel Workers: 4
 Concurrent Workers: 1
 Concurrent Refinement Workers: 4
 Periodic GC: Disabled

Heap:
 garbage-first heap   total 196608K, used 3751K [0x0000000741c00000, 0x0000000800000000)
  region size 2048K, 4 young (8192K), 1 survivors (2048K)
 Metaspace       used 4028K, committed 4160K, reserved 1056768K
  class space    used 473K, committed 576K, reserved 1048576K

Heap Regions: E=young(eden), S=young(survivor), O=old, HS=humongous(starts), HC=humongous(continues), CS=collection set, F=free, OA=open archive, CA=closed archive, TAMS=top-at-mark-start (previous, next)
|   0|0x0000000741c00000, 0x0000000741c00000, 0x0000000741e00000|  0%| F|  |TAMS 0x0000000741c00000, 0x0000000741c00000| Untracked 
|   1|0x0000000741e00000, 0x0000000741e00000, 0x0000000742000000|  0%| F|  |TAMS 0x0000000741e00000, 0x0000000741e00000| Untracked 
|   2|0x0000000742000000, 0x0000000742000000, 0x0000000742200000|  0%| F|  |TAMS 0x0000000742000000, 0x0000000742000000| Untracked 
|   3|0x0000000742200000, 0x0000000742200000, 0x0000000742400000|  0%| F|  |TAMS 0x0000000742200000, 0x0000000742200000| Untracked 
|   4|0x0000000742400000, 0x0000000742400000, 0x0000000742600000|  0%| F|  |TAMS 0x0000000742400000, 0x0000000742400000| Untracked 
|   5|0x0000000742600000, 0x0000000742600000, 0x0000000742800000|  0%| F|  |TAMS 0x0000000742600000, 0x0000000742600000| Untracked 
|   6|0x0000000742800000, 0x0000000742800000, 0x0000000742a00000|  0%| F|  |TAMS 0x0000000742800000, 0x0000000742800000| Untracked 
|   7|0x0000000742a00000, 0x0000000742a00000, 0x0000000742c00000|  0%| F|  |TAMS 0x0000000742a00000, 0x0000000742a00000| Untracked 
|   8|0x0000000742c00000, 0x0000000742c00000, 0x0000000742e00000|  0%| F|  |TAMS 0x0000000742c00000, 0x0000000742c00000| Untracked 
|   9|0x0000000742e00000, 0x0000000742e00000, 0x0000000743000000|  0%| F|  |TAMS 0x0000000742e00000, 0x0000000742e00000| Untracked 
|  10|0x0000000743000000, 0x0000000743000000, 0x0000000743200000|  0%| F|  |TAMS 0x0000000743000000, 0x0000000743000000| Untracked 
|  11|0x0000000743200000, 0x0000000743200000, 0x0000000743400000|  0%| F|  |TAMS 0x0000000743200000, 0x0000000743200000| Untracked 
|  12|0x0000000743400000, 0x0000000743400000, 0x0000000743600000|  0%| F|  |TAMS 0x0000000743400000, 0x0000000743400000| Untracked 
|  13|0x0000000743600000, 0x0000000743600000, 0x0000000743800000|  0%| F|  |TAMS 0x0000000743600000, 0x0000000743600000| Untracked 
|  14|0x0000000743800000, 0x0000000743800000, 0x0000000743a00000|  0%| F|  |TAMS 0x0000000743800000, 0x0000000743800000| Untracked 
|  15|0x0000000743a00000, 0x0000000743a00000, 0x0000000743c00000|  0%| F|  |TAMS 0x0000000743a00000, 0x0000000743a00000| Untracked 
|  16|0x0000000743c00000, 0x0000000743c00000, 0x0000000743e00000|  0%| F|  |TAMS 0x0000000743c00000, 0x0000000743c00000| Untracked 
|  17|0x0000000743e00000, 0x0000000743e00000, 0x0000000744000000|  0%| F|  |TAMS 0x0000000743e00000, 0x0000000743e00000| Untracked 
|  18|0x0000000744000000, 0x0000000744000000, 0x0000000744200000|  0%| F|  |TAMS 0x0000000744000000, 0x0000000744000000| Untracked 
|  19|0x0000000744200000, 0x0000000744200000, 0x0000000744400000|  0%| F|  |TAMS 0x0000000744200000, 0x0000000744200000| Untracked 
|  20|0x0000000744400000, 0x0000000744400000, 0x0000000744600000|  0%| F|  |TAMS 0x0000000744400000, 0x0000000744400000| Untracked 
|  21|0x0000000744600000, 0x0000000744600000, 0x0000000744800000|  0%| F|  |TAMS 0x0000000744600000, 0x0000000744600000| Untracked 
|  22|0x0000000744800000, 0x0000000744800000, 0x0000000744a00000|  0%| F|  |TAMS 0x0000000744800000, 0x0000000744800000| Untracked 
|  23|0x0000000744a00000, 0x0000000744a00000, 0x0000000744c00000|  0%| F|  |TAMS 0x0000000744a00000, 0x0000000744a00000| Untracked 
|  24|0x0000000744c00000, 0x0000000744c00000, 0x0000000744e00000|  0%| F|  |TAMS 0x0000000744c00000, 0x0000000744c00000| Untracked 
|  25|0x0000000744e00000, 0x0000000744e00000, 0x0000000745000000|  0%| F|  |TAMS 0x0000000744e00000, 0x0000000744e00000| Untracked 
|  26|0x0000000745000000, 0x0000000745000000, 0x0000000745200000|  0%| F|  |TAMS 0x0000000745000000, 0x0000000745000000| Untracked 
|  27|0x0000000745200000, 0x0000000745200000, 0x0000000745400000|  0%| F|  |TAMS 0x0000000745200000, 0x0000000745200000| Untracked 
|  28|0x0000000745400000, 0x0000000745400000, 0x0000000745600000|  0%| F|  |TAMS 0x0000000745400000, 0x0000000745400000| Untracked 
|  29|0x0000000745600000, 0x0000000745600000, 0x0000000745800000|  0%| F|  |TAMS 0x0000000745600000, 0x0000000745600000| Untracked 
|  30|0x0000000745800000, 0x0000000745800000, 0x0000000745a00000|  0%| F|  |TAMS 0x0000000745800000, 0x0000000745800000| Untracked 
|  31|0x0000000745a00000, 0x0000000745a00000, 0x0000000745c00000|  0%| F|  |TAMS 0x0000000745a00000, 0x0000000745a00000| Untracked 
|  32|0x0000000745c00000, 0x0000000745c00000, 0x0000000745e00000|  0%| F|  |TAMS 0x0000000745c00000, 0x0000000745c00000| Untracked 
|  33|0x0000000745e00000, 0x0000000745e00000, 0x0000000746000000|  0%| F|  |TAMS 0x0000000745e00000, 0x0000000745e00000| Untracked 
|  34|0x0000000746000000, 0x0000000746000000, 0x0000000746200000|  0%| F|  |TAMS 0x0000000746000000, 0x0000000746000000| Untracked 
|  35|0x0000000746200000, 0x0000000746200000, 0x0000000746400000|  0%| F|  |TAMS 0x0000000746200000, 0x0000000746200000| Untracked 
|  36|0x0000000746400000, 0x0000000746400000, 0x0000000746600000|  0%| F|  |TAMS 0x0000000746400000, 0x0000000746400000| Untracked 
|  37|0x0000000746600000, 0x0000000746600000, 0x0000000746800000|  0%| F|  |TAMS 0x0000000746600000, 0x0000000746600000| Untracked 
|  38|0x0000000746800000, 0x0000000746800000, 0x0000000746a00000|  0%| F|  |TAMS 0x0000000746800000, 0x0000000746800000| Untracked 
|  39|0x0000000746a00000, 0x0000000746a00000, 0x0000000746c00000|  0%| F|  |TAMS 0x0000000746a00000, 0x0000000746a00000| Untracked 
|  40|0x0000000746c00000, 0x0000000746c00000, 0x0000000746e00000|  0%| F|  |TAMS 0x0000000746c00000, 0x0000000746c00000| Untracked 
|  41|0x0000000746e00000, 0x0000000746e00000, 0x0000000747000000|  0%| F|  |TAMS 0x0000000746e00000, 0x0000000746e00000| Untracked 
|  42|0x0000000747000000, 0x0000000747000000, 0x0000000747200000|  0%| F|  |TAMS 0x0000000747000000, 0x0000000747000000| Untracked 
|  43|0x0000000747200000, 0x0000000747200000, 0x0000000747400000|  0%| F|  |TAMS 0x0000000747200000, 0x0000000747200000| Untracked 
|  44|0x0000000747400000, 0x0000000747400000, 0x0000000747600000|  0%| F|  |TAMS 0x0000000747400000, 0x0000000747400000| Untracked 
|  45|0x0000000747600000, 0x0000000747600000, 0x0000000747800000|  0%| F|  |TAMS 0x0000000747600000, 0x0000000747600000| Untracked 
|  46|0x0000000747800000, 0x0000000747800000, 0x0000000747a00000|  0%| F|  |TAMS 0x0000000747800000, 0x0000000747800000| Untracked 
|  47|0x0000000747a00000, 0x0000000747a00000, 0x0000000747c00000|  0%| F|  |TAMS 0x0000000747a00000, 0x0000000747a00000| Untracked 
|  48|0x0000000747c00000, 0x0000000747c00000, 0x0000000747e00000|  0%| F|  |TAMS 0x0000000747c00000, 0x0000000747c00000| Untracked 
|  49|0x0000000747e00000, 0x0000000747e00000, 0x0000000748000000|  0%| F|  |TAMS 0x0000000747e00000, 0x0000000747e00000| Untracked 
|  50|0x0000000748000000, 0x0000000748000000, 0x0000000748200000|  0%| F|  |TAMS 0x0000000748000000, 0x0000000748000000| Untracked 
|  51|0x0000000748200000, 0x0000000748200000, 0x0000000748400000|  0%| F|  |TAMS 0x0000000748200000, 0x0000000748200000| Untracked 
|  52|0x0000000748400000, 0x0000000748400000, 0x0000000748600000|  0%| F|  |TAMS 0x0000000748400000, 0x0000000748400000| Untracked 
|  53|0x0000000748600000, 0x0000000748600000, 0x0000000748800000|  0%| F|  |TAMS 0x0000000748600000, 0x0000000748600000| Untracked 
|  54|0x0000000748800000, 0x0000000748800000, 0x0000000748a00000|  0%| F|  |TAMS 0x0000000748800000, 0x0000000748800000| Untracked 
|  55|0x0000000748a00000, 0x0000000748a00000, 0x0000000748c00000|  0%| F|  |TAMS 0x0000000748a00000, 0x0000000748a00000| Untracked 
|  56|0x0000000748c00000, 0x0000000748c00000, 0x0000000748e00000|  0%| F|  |TAMS 0x0000000748c00000, 0x0000000748c00000| Untracked 
|  57|0x0000000748e00000, 0x0000000748e00000, 0x0000000749000000|  0%| F|  |TAMS 0x0000000748e00000, 0x0000000748e00000| Untracked 
|  58|0x0000000749000000, 0x0000000749000000, 0x0000000749200000|  0%| F|  |TAMS 0x0000000749000000, 0x0000000749000000| Untracked 
|  59|0x0000000749200000, 0x0000000749200000, 0x0000000749400000|  0%| F|  |TAMS 0x0000000749200000, 0x0000000749200000| Untracked 
|  60|0x0000000749400000, 0x0000000749400000, 0x0000000749600000|  0%| F|  |TAMS 0x0000000749400000, 0x0000000749400000| Untracked 
|  61|0x0000000749600000, 0x0000000749600000, 0x0000000749800000|  0%| F|  |TAMS 0x0000000749600000, 0x0000000749600000| Untracked 
|  62|0x0000000749800000, 0x0000000749800000, 0x0000000749a00000|  0%| F|  |TAMS 0x0000000749800000, 0x0000000749800000| Untracked 
|  63|0x0000000749a00000, 0x0000000749a00000, 0x0000000749c00000|  0%| F|  |TAMS 0x0000000749a00000, 0x0000000749a00000| Untracked 
|  64|0x0000000749c00000, 0x0000000749c00000, 0x0000000749e00000|  0%| F|  |TAMS 0x0000000749c00000, 0x0000000749c00000| Untracked 
|  65|0x0000000749e00000, 0x0000000749e00000, 0x000000074a000000|  0%| F|  |TAMS 0x0000000749e00000, 0x0000000749e00000| Untracked 
|  66|0x000000074a000000, 0x000000074a000000, 0x000000074a200000|  0%| F|  |TAMS 0x000000074a000000, 0x000000074a000000| Untracked 
|  67|0x000000074a200000, 0x000000074a200000, 0x000000074a400000|  0%| F|  |TAMS 0x000000074a200000, 0x000000074a200000| Untracked 
|  68|0x000000074a400000, 0x000000074a400000, 0x000000074a600000|  0%| F|  |TAMS 0x000000074a400000, 0x000000074a400000| Untracked 
|  69|0x000000074a600000, 0x000000074a600000, 0x000000074a800000|  0%| F|  |TAMS 0x000000074a600000, 0x000000074a600000| Untracked 
|  70|0x000000074a800000, 0x000000074a800000, 0x000000074aa00000|  0%| F|  |TAMS 0x000000074a800000, 0x000000074a800000| Untracked 
|  71|0x000000074aa00000, 0x000000074aa00000, 0x000000074ac00000|  0%| F|  |TAMS 0x000000074aa00000, 0x000000074aa00000| Untracked 
|  72|0x000000074ac00000, 0x000000074ac00000, 0x000000074ae00000|  0%| F|  |TAMS 0x000000074ac00000, 0x000000074ac00000| Untracked 
|  73|0x000000074ae00000, 0x000000074ae00000, 0x000000074b000000|  0%| F|  |TAMS 0x000000074ae00000, 0x000000074ae00000| Untracked 
|  74|0x000000074b000000, 0x000000074b000000, 0x000000074b200000|  0%| F|  |TAMS 0x000000074b000000, 0x000000074b000000| Untracked 
|  75|0x000000074b200000, 0x000000074b200000, 0x000000074b400000|  0%| F|  |TAMS 0x000000074b200000, 0x000000074b200000| Untracked 
|  76|0x000000074b400000, 0x000000074b400000, 0x000000074b600000|  0%| F|  |TAMS 0x000000074b400000, 0x000000074b400000| Untracked 
|  77|0x000000074b600000, 0x000000074b600000, 0x000000074b800000|  0%| F|  |TAMS 0x000000074b600000, 0x000000074b600000| Untracked 
|  78|0x000000074b800000, 0x000000074b800000, 0x000000074ba00000|  0%| F|  |TAMS 0x000000074b800000, 0x000000074b800000| Untracked 
|  79|0x000000074ba00000, 0x000000074ba00000, 0x000000074bc00000|  0%| F|  |TAMS 0x000000074ba00000, 0x000000074ba00000| Untracked 
|  80|0x000000074bc00000, 0x000000074bc00000, 0x000000074be00000|  0%| F|  |TAMS 0x000000074bc00000, 0x000000074bc00000| Untracked 
|  81|0x000000074be00000, 0x000000074be00000, 0x000000074c000000|  0%| F|  |TAMS 0x000000074be00000, 0x000000074be00000| Untracked 
|  82|0x000000074c000000, 0x000000074c000000, 0x000000074c200000|  0%| F|  |TAMS 0x000000074c000000, 0x000000074c000000| Untracked 
|  83|0x000000074c200000, 0x000000074c200000, 0x000000074c400000|  0%| F|  |TAMS 0x000000074c200000, 0x000000074c200000| Untracked 
|  84|0x000000074c400000, 0x000000074c400000, 0x000000074c600000|  0%| F|  |TAMS 0x000000074c400000, 0x000000074c400000| Untracked 
|  85|0x000000074c600000, 0x000000074c600000, 0x000000074c800000|  0%| F|  |TAMS 0x000000074c600000, 0x000000074c600000| Untracked 
|  86|0x000000074c800000, 0x000000074c800000, 0x000000074ca00000|  0%| F|  |TAMS 0x000000074c800000, 0x000000074c800000| Untracked 
|  87|0x000000074ca00000, 0x000000074ca00000, 0x000000074cc00000|  0%| F|  |TAMS 0x000000074ca00000, 0x000000074ca00000| Untracked 
|  88|0x000000074cc00000, 0x000000074cc00000, 0x000000074ce00000|  0%| F|  |TAMS 0x000000074cc00000, 0x000000074cc00000| Untracked 
|  89|0x000000074ce00000, 0x000000074cfa9c68, 0x000000074d000000| 83%| S|CS|TAMS 0x000000074ce00000, 0x000000074ce00000| Complete 
|  90|0x000000074d000000, 0x000000074d000000, 0x000000074d200000|  0%| F|  |TAMS 0x000000074d000000, 0x000000074d000000| Untracked 
|  91|0x000000074d200000, 0x000000074d200000, 0x000000074d400000|  0%| F|  |TAMS 0x000000074d200000, 0x000000074d200000| Untracked 
|  92|0x000000074d400000, 0x000000074d400000, 0x000000074d600000|  0%| F|  |TAMS 0x000000074d400000, 0x000000074d400000| Untracked 
|  93|0x000000074d600000, 0x000000074d79feb8, 0x000000074d800000| 81%| E|  |TAMS 0x000000074d600000, 0x000000074d600000| Complete 
|  94|0x000000074d800000, 0x000000074da00000, 0x000000074da00000|100%| E|CS|TAMS 0x000000074d800000, 0x000000074d800000| Complete 
|  95|0x000000074da00000, 0x000000074dbffd10, 0x000000074dc00000| 99%| E|  |TAMS 0x000000074da00000, 0x000000074da00000| Complete 

Card table byte_map: [0x00000159f6540000,0x00000159f6b40000] _byte_map_base: 0x00000159f2b32000

Marking Bits (Prev, Next): (CMBitMap*) 0x00000159df737430, (CMBitMap*) 0x00000159df737470
 Prev Bits: [0x00000159f7140000, 0x00000159fa0d0000)
 Next Bits: [0x00000159fa0d0000, 0x00000159fd060000)

Polling page: 0x00000159dd530000

Metaspace:

Usage:
  Non-class:      3.47 MB used.
      Class:    473.61 KB used.
       Both:      3.93 MB used.

Virtual space:
  Non-class space:        8.00 MB reserved,       3.50 MB ( 44%) committed,  1 nodes.
      Class space:        1.00 GB reserved,     576.00 KB ( <1%) committed,  1 nodes.
             Both:        1.01 GB reserved,       4.06 MB ( <1%) committed. 

Chunk freelists:
   Non-Class:  2.42 MB
       Class:  3.46 MB
        Both:  5.88 MB

MaxMetaspaceSize: unlimited
CompressedClassSpaceSize: 1.00 GB
Initial GC threshold: 21.00 MB
Current GC threshold: 21.00 MB
CDS: on
MetaspaceReclaimPolicy: balanced
 - commit_granule_bytes: 65536.
 - commit_granule_words: 8192.
 - virtual_space_node_default_size: 1048576.
 - enlarge_chunks_in_place: 1.
 - new_chunks_are_fully_committed: 0.
 - uncommit_free_chunks: 1.
 - use_allocation_guard: 0.
 - handle_deallocations: 1.


Internal statistics:

num_allocs_failed_limit: 0.
num_arena_births: 94.
num_arena_deaths: 0.
num_vsnodes_births: 2.
num_vsnodes_deaths: 0.
num_space_committed: 65.
num_space_uncommitted: 0.
num_chunks_returned_to_freelist: 0.
num_chunks_taken_from_freelist: 186.
num_chunk_merges: 0.
num_chunk_splits: 125.
num_chunks_enlarged: 89.
num_purges: 0.
num_inconsistent_stats: 0.

CodeHeap 'non-profiled nmethods': size=120000Kb used=307Kb max_used=307Kb free=119692Kb
 bounds [0x00000159eea10000, 0x00000159eec80000, 0x00000159f5f40000]
CodeHeap 'profiled nmethods': size=120000Kb used=1379Kb max_used=1379Kb free=118621Kb
 bounds [0x00000159e74e0000, 0x00000159e7750000, 0x00000159eea10000]
CodeHeap 'non-nmethods': size=5760Kb used=1161Kb max_used=1185Kb free=4599Kb
 bounds [0x00000159e6f40000, 0x00000159e71b0000, 0x00000159e74e0000]
 total_blobs=1337 nmethods=884 adapters=366
 compilation: enabled
              stopped_count=0, restarted_count=0
 full_count=0

Compilation events (20 events):
Event: 0.542 Thread 0x00000159ff567b00  874       3       java.security.SecureClassLoader$CodeSourceKey::equals (60 bytes)
Event: 0.543 Thread 0x00000159ff567b00 nmethod 874 0x00000159e7632210 code [0x00000159e7632400, 0x00000159e7632a98]
Event: 0.543 Thread 0x00000159ff567b00  875       3       java.security.CodeSource::matchCerts (254 bytes)
Event: 0.544 Thread 0x00000159ff567b00 nmethod 875 0x00000159e7632c90 code [0x00000159e7632f00, 0x00000159e7633b78]
Event: 0.544 Thread 0x00000159ff567b00  876       3       java.util.zip.ZipFile$ZipFileInflaterInputStream::<init> (14 bytes)
Event: 0.545 Thread 0x0000015980ad2140  881       4       java.lang.String::replace (42 bytes)
Event: 0.545 Thread 0x00000159ff567b00 nmethod 876 0x00000159e7633f90 code [0x00000159e7634140, 0x00000159e76342d8]
Event: 0.545 Thread 0x00000159ff567b00  877   !   3       java.util.zip.ZipFile$CleanableResource::getInflater (47 bytes)
Event: 0.545 Thread 0x00000159ff567b00 nmethod 877 0x00000159e7634410 code [0x00000159e76345e0, 0x00000159e7634af8]
Event: 0.545 Thread 0x00000159ff567b00  878       3       java.util.zip.ZipFile$ZipFileInflaterInputStream::<init> (41 bytes)
Event: 0.545 Thread 0x00000159ff567b00 nmethod 878 0x00000159e7634c90 code [0x00000159e7634e60, 0x00000159e7635338]
Event: 0.545 Thread 0x00000159ff567b00  879       3       java.util.zip.InflaterInputStream::<init> (79 bytes)
Event: 0.546 Thread 0x00000159ff567b00 nmethod 879 0x00000159e7635510 code [0x00000159e7635700, 0x00000159e7635f58]
Event: 0.546 Thread 0x00000159ff567b00  880       3       java.util.zip.ZipFile$InflaterCleanupAction::<init> (15 bytes)
Event: 0.546 Thread 0x00000159ff567b00 nmethod 880 0x00000159e7636110 code [0x00000159e76362c0, 0x00000159e76364f8]
Event: 0.546 Thread 0x00000159ff567b00  882       3       java.util.zip.ZipCoder$UTF8ZipCoder::hasTrailingSlash (20 bytes)
Event: 0.546 Thread 0x00000159ff567b00 nmethod 882 0x00000159e7636590 code [0x00000159e7636720, 0x00000159e76368f8]
Event: 0.546 Thread 0x00000159ff567b00  883       3       java.util.zip.ZipFile$InflaterCleanupAction::run (12 bytes)
Event: 0.546 Thread 0x00000159ff567b00 nmethod 883 0x00000159e7636a10 code [0x00000159e7636bc0, 0x00000159e7636d28]
Event: 0.546 Thread 0x00000159ff567b00  884   !   3       java.util.jar.JarFile::checkForSpecialAttributes (163 bytes)

GC Heap History (2 events):
Event: 0.409 GC heap before
{Heap before GC invocations=0 (full 0):
 garbage-first heap   total 196608K, used 12288K [0x0000000741c00000, 0x0000000800000000)
  region size 2048K, 6 young (12288K), 0 survivors (0K)
 Metaspace       used 2222K, committed 2432K, reserved 1056768K
  class space    used 239K, committed 320K, reserved 1048576K
}
Event: 0.411 GC heap after
{Heap after GC invocations=1 (full 0):
 garbage-first heap   total 196608K, used 1703K [0x0000000741c00000, 0x0000000800000000)
  region size 2048K, 1 young (2048K), 1 survivors (2048K)
 Metaspace       used 2222K, committed 2432K, reserved 1056768K
  class space    used 239K, committed 320K, reserved 1048576K
}

Deoptimization events (20 events):
Event: 0.212 Thread 0x00000159df6f21b0 DEOPT PACKING pc=0x00000159eea21490 sp=0x0000001761cfe220
Event: 0.212 Thread 0x00000159df6f21b0 DEOPT UNPACKING pc=0x00000159e6f923a3 sp=0x0000001761cfe1c0 mode 2
Event: 0.222 Thread 0x00000159df6f21b0 Uncommon trap: trap_request=0xffffff45 fr.pc=0x00000159eea2e918 relative=0x0000000000000df8
Event: 0.222 Thread 0x00000159df6f21b0 Uncommon trap: reason=unstable_if action=reinterpret pc=0x00000159eea2e918 method=java.util.HashMap.putVal(ILjava/lang/Object;Ljava/lang/Object;ZZ)Ljava/lang/Object; @ 193 c2
Event: 0.222 Thread 0x00000159df6f21b0 DEOPT PACKING pc=0x00000159eea2e918 sp=0x0000001761cfdf10
Event: 0.222 Thread 0x00000159df6f21b0 DEOPT UNPACKING pc=0x00000159e6f923a3 sp=0x0000001761cfde58 mode 2
Event: 0.223 Thread 0x00000159df6f21b0 Uncommon trap: trap_request=0xffffff45 fr.pc=0x00000159eea2c79c relative=0x0000000000000d1c
Event: 0.223 Thread 0x00000159df6f21b0 Uncommon trap: reason=unstable_if action=reinterpret pc=0x00000159eea2c79c method=java.util.HashMap.putVal(ILjava/lang/Object;Ljava/lang/Object;ZZ)Ljava/lang/Object; @ 193 c2
Event: 0.223 Thread 0x00000159df6f21b0 DEOPT PACKING pc=0x00000159eea2c79c sp=0x0000001761cfde70
Event: 0.223 Thread 0x00000159df6f21b0 DEOPT UNPACKING pc=0x00000159e6f923a3 sp=0x0000001761cfde50 mode 2
Event: 0.388 Thread 0x00000159df6f21b0 DEOPT PACKING pc=0x00000159e75c2c8f sp=0x0000001761cfe110
Event: 0.388 Thread 0x00000159df6f21b0 DEOPT UNPACKING pc=0x00000159e6f92b43 sp=0x0000001761cfd530 mode 0
Event: 0.471 Thread 0x00000159809dae70 Uncommon trap: trap_request=0xffffff45 fr.pc=0x00000159eea42188 relative=0x00000000000002c8
Event: 0.471 Thread 0x00000159809dae70 Uncommon trap: reason=unstable_if action=reinterpret pc=0x00000159eea42188 method=java.lang.invoke.VarHandle.checkExactAccessMode(Ljava/lang/invoke/VarHandle$AccessDescriptor;)V @ 4 c2
Event: 0.471 Thread 0x00000159809dae70 DEOPT PACKING pc=0x00000159eea42188 sp=0x00000017635fe9f0
Event: 0.471 Thread 0x00000159809dae70 DEOPT UNPACKING pc=0x00000159e6f923a3 sp=0x00000017635fe960 mode 2
Event: 0.524 Thread 0x00000159809dae70 Uncommon trap: trap_request=0xffffff45 fr.pc=0x00000159eea41bf4 relative=0x0000000000000074
Event: 0.524 Thread 0x00000159809dae70 Uncommon trap: reason=unstable_if action=reinterpret pc=0x00000159eea41bf4 method=jdk.internal.misc.Unsafe.convEndian(ZI)I @ 4 c2
Event: 0.524 Thread 0x00000159809dae70 DEOPT PACKING pc=0x00000159eea41bf4 sp=0x00000017635fd690
Event: 0.524 Thread 0x00000159809dae70 DEOPT UNPACKING pc=0x00000159e6f923a3 sp=0x00000017635fd5c0 mode 2

Classes unloaded (0 events):
No events

Classes redefined (0 events):
No events

Internal exceptions (12 events):
Event: 0.081 Thread 0x00000159df6f21b0 Exception <a 'java/lang/NoSuchMethodError'{0x000000074db47558}: 'void java.lang.invoke.DirectMethodHandle$Holder.invokeVirtual(java.lang.Object, java.lang.Object)'> (0x000000074db47558) 
thrown [t:\workspace\open\src\hotspot\share\interpreter\linkResolver.cpp, line 766]
Event: 0.167 Thread 0x00000159df6f21b0 Exception <a 'java/lang/NoSuchMethodError'{0x000000074d4963e0}: 'java.lang.Object java.lang.invoke.DirectMethodHandle$Holder.invokeStaticInit(java.lang.Object)'> (0x000000074d4963e0) 
thrown [t:\workspace\open\src\hotspot\share\interpreter\linkResolver.cpp, line 766]
Event: 0.170 Thread 0x00000159df6f21b0 Exception <a 'java/lang/NoSuchMethodError'{0x000000074d4a4b20}: 'void java.lang.invoke.DirectMethodHandle$Holder.invokeStatic(java.lang.Object, java.lang.Object)'> (0x000000074d4a4b20) 
thrown [t:\workspace\open\src\hotspot\share\interpreter\linkResolver.cpp, line 766]
Event: 0.418 Thread 0x00000159df6f21b0 Exception <a 'java/lang/NoSuchMethodError'{0x000000074dafc090}: 'void java.lang.invoke.DirectMethodHandle$Holder.invokeSpecial(java.lang.Object, java.lang.Object, java.lang.Object)'> (0x000000074dafc090) 
thrown [t:\workspace\open\src\hotspot\share\interpreter\linkResolver.cpp, line 766]
Event: 0.425 Thread 0x00000159df6f21b0 Exception <a 'java/lang/NoSuchMethodError'{0x000000074db33258}: 'void java.lang.invoke.DirectMethodHandle$Holder.invokeStatic(java.lang.Object, java.lang.Object, java.lang.Object)'> (0x000000074db33258) 
thrown [t:\workspace\open\src\hotspot\share\interpreter\linkResolver.cpp, line 766]
Event: 0.446 Thread 0x00000159df6f21b0 Exception <a 'java/lang/NoSuchMethodError'{0x000000074db501d0}: 'int java.lang.invoke.DirectMethodHandle$Holder.invokeStaticInit(java.lang.Object, java.lang.Object, java.lang.Object)'> (0x000000074db501d0) 
thrown [t:\workspace\open\src\hotspot\share\interpreter\linkResolver.cpp, line 766]
Event: 0.464 Thread 0x00000159df6f21b0 Exception <a 'java/lang/NoSuchMethodError'{0x000000074d8a3ac0}: 'java.lang.Object java.lang.invoke.DirectMethodHandle$Holder.newInvokeSpecial(java.lang.Object, java.lang.Object, int, java.lang.Object)'> (0x000000074d8a3ac0) 
thrown [t:\workspace\open\src\hotspot\share\interpreter\linkResolver.cpp, line 766]
Event: 0.465 Thread 0x00000159df6f21b0 Exception <a 'java/lang/NoSuchMethodError'{0x000000074d8a7ea0}: 'java.lang.Object java.lang.invoke.DirectMethodHandle$Holder.invokeSpecial(java.lang.Object, java.lang.Object, java.lang.Object, int, java.lang.Object)'> (0x000000074d8a7ea0) 
thrown [t:\workspace\open\src\hotspot\share\interpreter\linkResolver.cpp, line 766]
Event: 0.507 Thread 0x00000159809dae70 Exception <a 'java/lang/NoSuchMethodError'{0x000000074d9f98e0}: 'void java.lang.invoke.DirectMethodHandle$Holder.invokeStaticInit(java.lang.Object)'> (0x000000074d9f98e0) 
thrown [t:\workspace\open\src\hotspot\share\interpreter\linkResolver.cpp, line 766]
Event: 0.510 Thread 0x00000159df6f21b0 Exception <a 'java/lang/NoSuchMethodError'{0x000000074d8e60f0}: 'java.lang.Object java.lang.invoke.DirectMethodHandle$Holder.newInvokeSpecial(java.lang.Object, java.lang.Object, java.lang.Object, java.lang.Object, java.lang.Object, java.lang.Object)'> (0x000000074d8e60f0) 
thrown [t:\workspace\open\src\hotspot\share\interpreter\linkResolver.cpp, line 766]
Event: 0.530 Thread 0x00000159df6f21b0 Exception <a 'java/lang/NoSuchMethodError'{0x000000074d916a58}: 'java.lang.Object java.lang.invoke.DirectMethodHandle$Holder.newInvokeSpecial(java.lang.Object, java.lang.Object, java.lang.Object, java.lang.Object, java.lang.Object)'> (0x000000074d916a58) 
thrown [t:\workspace\open\src\hotspot\share\interpreter\linkResolver.cpp, line 766]
Event: 0.533 Thread 0x00000159809da9a0 Exception <a 'java/lang/NoSuchMethodError'{0x000000074d6a98c0}: 'void java.lang.invoke.DirectMethodHandle$Holder.invokeStatic(java.lang.Object, java.lang.Object, java.lang.Object, java.lang.Object)'> (0x000000074d6a98c0) 
thrown [t:\workspace\open\src\hotspot\share\interpreter\linkResolver.cpp, line 766]

VM Operations (8 events):
Event: 0.116 Executing VM operation: HandshakeAllThreads
Event: 0.116 Executing VM operation: HandshakeAllThreads done
Event: 0.148 Executing VM operation: HandshakeAllThreads
Event: 0.148 Executing VM operation: HandshakeAllThreads done
Event: 0.409 Executing VM operation: G1CollectForAllocation
Event: 0.411 Executing VM operation: G1CollectForAllocation done
Event: 0.455 Executing VM operation: HandshakeAllThreads
Event: 0.455 Executing VM operation: HandshakeAllThreads done

Events (20 events):
Event: 0.523 loading class jdk/internal/org/objectweb/asm/Edge
Event: 0.523 loading class jdk/internal/org/objectweb/asm/Edge done
Event: 0.523 loading class java/lang/reflect/Proxy$ProxyBuilder$1
Event: 0.523 loading class java/lang/reflect/Proxy$ProxyBuilder$1 done
Event: 0.524 loading class java/lang/annotation/Target
Event: 0.524 loading class java/lang/annotation/Target done
Event: 0.525 loading class sun/reflect/generics/repository/ClassRepository
Event: 0.525 loading class sun/reflect/generics/repository/GenericDeclRepository
Event: 0.525 loading class sun/reflect/generics/repository/AbstractRepository
Event: 0.525 loading class sun/reflect/generics/repository/AbstractRepository done
Event: 0.525 loading class sun/reflect/generics/repository/GenericDeclRepository done
Event: 0.525 loading class sun/reflect/generics/repository/ClassRepository done
Event: 0.525 loading class java/lang/Class$EnclosingMethodInfo
Event: 0.525 loading class java/lang/Class$EnclosingMethodInfo done
Event: 0.525 loading class java/lang/Class$AnnotationData
Event: 0.525 loading class java/lang/Class$AnnotationData done
Event: 0.528 loading class java/lang/StackTraceElement$HashedModules
Event: 0.529 loading class java/lang/StackTraceElement$HashedModules done
Event: 0.530 Thread 0x00000159809d9b30 Thread added: 0x00000159809d9b30
Event: 0.531 Thread 0x00000159809da9a0 Thread added: 0x00000159809da9a0


Dynamic libraries:
0x00007ff64c850000 - 0x00007ff64c860000 	C:\Program Files\Java\jdk-17.0.2\bin\java.exe
0x00007fff30180000 - 0x00007fff3036d000 	C:\Windows\SYSTEM32\ntdll.dll
0x00007fff2d6b0000 - 0x00007fff2d764000 	C:\Windows\System32\KERNEL32.DLL
0x00007fff2c300000 - 0x00007fff2c594000 	C:\Windows\System32\KERNELBASE.dll
0x00007fff2d190000 - 0x00007fff2d28a000 	C:\Windows\System32\ucrtbase.dll
0x00007fff1f170000 - 0x00007fff1f18a000 	C:\Program Files\Java\jdk-17.0.2\bin\VCRUNTIME140.dll
0x00007fff25470000 - 0x00007fff25488000 	C:\Program Files\Java\jdk-17.0.2\bin\jli.dll
0x00007fff2d580000 - 0x00007fff2d627000 	C:\Windows\System32\ADVAPI32.dll
0x00007fff2e150000 - 0x00007fff2e1ee000 	C:\Windows\System32\msvcrt.dll
0x00007fff30020000 - 0x00007fff300bf000 	C:\Windows\System32\sechost.dll
0x00007fff2ddd0000 - 0x00007fff2deed000 	C:\Windows\System32\RPCRT4.dll
0x00007fff2d3e0000 - 0x00007fff2d577000 	C:\Windows\System32\USER32.dll
0x00007fff19500000 - 0x00007fff19779000 	C:\Windows\WinSxS\amd64_microsoft.windows.common-controls_6595b64144ccf1df_6.0.17763.2803_none_de6d9ee8534e8a05\COMCTL32.dll
0x00007fff2c5a0000 - 0x00007fff2c5c0000 	C:\Windows\System32\win32u.dll
0x00007fff2fa90000 - 0x00007fff2fdbd000 	C:\Windows\System32\combase.dll
0x00007fff2f900000 - 0x00007fff2f929000 	C:\Windows\System32\GDI32.dll
0x00007fff2c5c0000 - 0x00007fff2c642000 	C:\Windows\System32\bcryptPrimitives.dll
0x00007fff2c850000 - 0x00007fff2c9ec000 	C:\Windows\System32\gdi32full.dll
0x00007fff2d290000 - 0x00007fff2d330000 	C:\Windows\System32\msvcp_win.dll
0x00007fff26950000 - 0x00007fff2695a000 	C:\Windows\SYSTEM32\VERSION.dll
0x00007fff2ff90000 - 0x00007fff2ffbe000 	C:\Windows\System32\IMM32.DLL
0x00007fff28300000 - 0x00007fff2830c000 	C:\Program Files\Java\jdk-17.0.2\bin\vcruntime140_1.dll
0x00007ffef58d0000 - 0x00007ffef595d000 	C:\Program Files\Java\jdk-17.0.2\bin\msvcp140.dll
0x00007ffec9910000 - 0x00007ffeca4d1000 	C:\Program Files\Java\jdk-17.0.2\bin\server\jvm.dll
0x00007fff2d6a0000 - 0x00007fff2d6a8000 	C:\Windows\System32\PSAPI.DLL
0x00007fff19300000 - 0x00007fff19309000 	C:\Windows\SYSTEM32\WSOCK32.dll
0x00007fff27dc0000 - 0x00007fff27de4000 	C:\Windows\SYSTEM32\WINMM.dll
0x00007fff2d630000 - 0x00007fff2d69d000 	C:\Windows\System32\WS2_32.dll
0x00007fff27d90000 - 0x00007fff27dbd000 	C:\Windows\SYSTEM32\WINMMBASE.dll
0x00007fff2c9f0000 - 0x00007fff2ca3a000 	C:\Windows\System32\cfgmgr32.dll
0x00007fff2c130000 - 0x00007fff2c141000 	C:\Windows\System32\kernel.appcore.dll
0x00007fff282d0000 - 0x00007fff282da000 	C:\Program Files\Java\jdk-17.0.2\bin\jimage.dll
0x00007fff2aa10000 - 0x00007fff2abfd000 	C:\Windows\SYSTEM32\DBGHELP.DLL
0x00007fff17360000 - 0x00007fff1738a000 	C:\Windows\SYSTEM32\dbgcore.DLL
0x00007fff1f140000 - 0x00007fff1f165000 	C:\Program Files\Java\jdk-17.0.2\bin\java.dll
0x00007ffef42c0000 - 0x00007ffef4396000 	C:\Program Files\Java\jdk-17.0.2\bin\jsvml.dll
0x00007fff2e330000 - 0x00007fff2f828000 	C:\Windows\System32\SHELL32.dll
0x00007fff2df70000 - 0x00007fff2e018000 	C:\Windows\System32\shcore.dll
0x00007fff2ca40000 - 0x00007fff2d188000 	C:\Windows\System32\windows.storage.dll
0x00007fff2c1b0000 - 0x00007fff2c1d4000 	C:\Windows\System32\profapi.dll
0x00007fff2c150000 - 0x00007fff2c1ad000 	C:\Windows\System32\powrprof.dll
0x00007fff300c0000 - 0x00007fff30112000 	C:\Windows\System32\shlwapi.dll
0x00007fff2d360000 - 0x00007fff2d377000 	C:\Windows\System32\cryptsp.dll
0x00007fff1f120000 - 0x00007fff1f139000 	C:\Program Files\Java\jdk-17.0.2\bin\net.dll
0x00007fff1dea0000 - 0x00007fff1df91000 	C:\Windows\SYSTEM32\WINHTTP.dll
0x00007fff2b960000 - 0x00007fff2b9c7000 	C:\Windows\system32\mswsock.dll
0x00007fff1dc50000 - 0x00007fff1dc66000 	C:\Program Files\Java\jdk-17.0.2\bin\nio.dll
0x00007fff1a000000 - 0x00007fff1a018000 	C:\Program Files\Java\jdk-17.0.2\bin\zip.dll
0x0000015981510000 - 0x0000015981513000 	C:\Users\pc\.openjfx\cache\17.0.1\api-ms-win-core-console-l1-1-0.dll
0x0000015981520000 - 0x0000015981523000 	C:\Users\pc\.openjfx\cache\17.0.1\api-ms-win-core-console-l1-2-0.dll
0x0000015981530000 - 0x0000015981533000 	C:\Users\pc\.openjfx\cache\17.0.1\api-ms-win-core-datetime-l1-1-0.dll
0x0000015981540000 - 0x0000015981543000 	C:\Users\pc\.openjfx\cache\17.0.1\api-ms-win-core-debug-l1-1-0.dll
0x0000015981550000 - 0x0000015981553000 	C:\Users\pc\.openjfx\cache\17.0.1\api-ms-win-core-errorhandling-l1-1-0.dll
0x0000015981560000 - 0x0000015981564000 	C:\Users\pc\.openjfx\cache\17.0.1\api-ms-win-core-file-l1-1-0.dll
0x0000015981570000 - 0x0000015981573000 	C:\Users\pc\.openjfx\cache\17.0.1\api-ms-win-core-file-l1-2-0.dll
0x0000015981580000 - 0x0000015981583000 	C:\Users\pc\.openjfx\cache\17.0.1\api-ms-win-core-file-l2-1-0.dll
0x0000015981590000 - 0x0000015981593000 	C:\Users\pc\.openjfx\cache\17.0.1\api-ms-win-core-handle-l1-1-0.dll
0x00000159815a0000 - 0x00000159815a3000 	C:\Users\pc\.openjfx\cache\17.0.1\api-ms-win-core-heap-l1-1-0.dll
0x00000159815b0000 - 0x00000159815b3000 	C:\Users\pc\.openjfx\cache\17.0.1\api-ms-win-core-interlocked-l1-1-0.dll
0x00000159815c0000 - 0x00000159815c3000 	C:\Users\pc\.openjfx\cache\17.0.1\api-ms-win-core-libraryloader-l1-1-0.dll
0x00000159815d0000 - 0x00000159815d3000 	C:\Users\pc\.openjfx\cache\17.0.1\api-ms-win-core-localization-l1-2-0.dll
0x00000159815e0000 - 0x00000159815e3000 	C:\Users\pc\.openjfx\cache\17.0.1\api-ms-win-core-memory-l1-1-0.dll
0x00000159815f0000 - 0x00000159815f3000 	C:\Users\pc\.openjfx\cache\17.0.1\api-ms-win-core-namedpipe-l1-1-0.dll
0x0000015981600000 - 0x0000015981603000 	C:\Users\pc\.openjfx\cache\17.0.1\api-ms-win-core-processenvironment-l1-1-0.dll
0x0000015981610000 - 0x0000015981613000 	C:\Users\pc\.openjfx\cache\17.0.1\api-ms-win-core-processthreads-l1-1-0.dll
0x0000015981620000 - 0x0000015981623000 	C:\Users\pc\.openjfx\cache\17.0.1\api-ms-win-core-processthreads-l1-1-1.dll
0x0000015981630000 - 0x0000015981633000 	C:\Users\pc\.openjfx\cache\17.0.1\api-ms-win-core-profile-l1-1-0.dll
0x0000015981640000 - 0x0000015981643000 	C:\Users\pc\.openjfx\cache\17.0.1\api-ms-win-core-rtlsupport-l1-1-0.dll
0x0000015981650000 - 0x0000015981653000 	C:\Users\pc\.openjfx\cache\17.0.1\api-ms-win-core-string-l1-1-0.dll
0x0000015981660000 - 0x0000015981663000 	C:\Users\pc\.openjfx\cache\17.0.1\api-ms-win-core-synch-l1-1-0.dll
0x0000015981670000 - 0x0000015981673000 	C:\Users\pc\.openjfx\cache\17.0.1\api-ms-win-core-synch-l1-2-0.dll
0x0000015981680000 - 0x0000015981683000 	C:\Users\pc\.openjfx\cache\17.0.1\api-ms-win-core-sysinfo-l1-1-0.dll
0x0000015981690000 - 0x0000015981693000 	C:\Users\pc\.openjfx\cache\17.0.1\api-ms-win-core-timezone-l1-1-0.dll
0x00000159816a0000 - 0x00000159816a3000 	C:\Users\pc\.openjfx\cache\17.0.1\api-ms-win-core-util-l1-1-0.dll
0x00000159816b0000 - 0x00000159816b3000 	C:\Users\pc\.openjfx\cache\17.0.1\api-ms-win-crt-conio-l1-1-0.dll
0x00000159816c0000 - 0x00000159816c4000 	C:\Users\pc\.openjfx\cache\17.0.1\api-ms-win-crt-convert-l1-1-0.dll
0x00000159816d0000 - 0x00000159816d3000 	C:\Users\pc\.openjfx\cache\17.0.1\api-ms-win-crt-environment-l1-1-0.dll
0x00000159816e0000 - 0x00000159816e3000 	C:\Users\pc\.openjfx\cache\17.0.1\api-ms-win-crt-filesystem-l1-1-0.dll
0x00000159816f0000 - 0x00000159816f3000 	C:\Users\pc\.openjfx\cache\17.0.1\api-ms-win-crt-heap-l1-1-0.dll
0x0000015981700000 - 0x0000015981703000 	C:\Users\pc\.openjfx\cache\17.0.1\api-ms-win-crt-locale-l1-1-0.dll
0x0000015981710000 - 0x0000015981715000 	C:\Users\pc\.openjfx\cache\17.0.1\api-ms-win-crt-math-l1-1-0.dll
0x0000015981720000 - 0x0000015981725000 	C:\Users\pc\.openjfx\cache\17.0.1\api-ms-win-crt-multibyte-l1-1-0.dll
0x0000015981730000 - 0x0000015981740000 	C:\Users\pc\.openjfx\cache\17.0.1\api-ms-win-crt-private-l1-1-0.dll
0x0000015981740000 - 0x0000015981743000 	C:\Users\pc\.openjfx\cache\17.0.1\api-ms-win-crt-process-l1-1-0.dll
0x0000015981750000 - 0x0000015981754000 	C:\Users\pc\.openjfx\cache\17.0.1\api-ms-win-crt-runtime-l1-1-0.dll
0x0000015981760000 - 0x0000015981764000 	C:\Users\pc\.openjfx\cache\17.0.1\api-ms-win-crt-stdio-l1-1-0.dll
0x0000015981770000 - 0x0000015981774000 	C:\Users\pc\.openjfx\cache\17.0.1\api-ms-win-crt-string-l1-1-0.dll
0x0000015981780000 - 0x0000015981783000 	C:\Users\pc\.openjfx\cache\17.0.1\api-ms-win-crt-time-l1-1-0.dll
0x0000015981790000 - 0x0000015981793000 	C:\Users\pc\.openjfx\cache\17.0.1\api-ms-win-crt-utility-l1-1-0.dll
0x00007ffef5b10000 - 0x00007ffef5c0c000 	C:\Users\pc\.openjfx\cache\17.0.1\ucrtbase.dll
0x00007fff11490000 - 0x00007fff114aa000 	C:\Users\pc\.openjfx\cache\17.0.1\vcruntime140.dll
0x00007fff1d9f0000 - 0x00007fff1d9fc000 	C:\Users\pc\.openjfx\cache\17.0.1\vcruntime140_1.dll
0x00007ffef5a80000 - 0x00007ffef5b0d000 	C:\Users\pc\.openjfx\cache\17.0.1\msvcp140.dll
0x00007fff11460000 - 0x00007fff1148a000 	C:\Users\pc\.openjfx\cache\17.0.1\prism_d3d.dll
0x00007ffef5730000 - 0x00007ffef58ce000 	C:\Windows\system32\d3d9.dll
0x00007fff2a370000 - 0x00007fff2a39e000 	C:\Windows\SYSTEM32\dwmapi.dll
0x00007fff2c650000 - 0x00007fff2c845000 	C:\Windows\System32\CRYPT32.dll
0x00007fff2c110000 - 0x00007fff2c122000 	C:\Windows\System32\MSASN1.dll
0x00007fff29700000 - 0x00007fff2979c000 	C:\Windows\system32\uxtheme.dll
0x00007ffedcdb0000 - 0x00007ffedcf13000 	C:\Windows\System32\DriverStore\FileRepository\igdlh64.inf_amd64_2cec8fd58a80e6ea\igdumdim64.dll
0x00007ffed93a0000 - 0x00007ffedcda4000 	C:\Windows\System32\DriverStore\FileRepository\igdlh64.inf_amd64_2cec8fd58a80e6ea\igd9dxva64.dll
0x00007fff2f930000 - 0x00007fff2fa86000 	C:\Windows\System32\ole32.dll
0x00007fff2f830000 - 0x00007fff2f8f4000 	C:\Windows\System32\OLEAUT32.dll
0x00007fff2d770000 - 0x00007fff2dbe6000 	C:\Windows\System32\SETUPAPI.dll
0x00007fff2d330000 - 0x00007fff2d356000 	C:\Windows\System32\bcrypt.dll
0x00007fff230f0000 - 0x00007fff2332f000 	C:\Windows\System32\DriverStore\FileRepository\igdlh64.inf_amd64_2cec8fd58a80e6ea\igdgmm64.dll
0x00007ffef54a0000 - 0x00007ffef54e2000 	C:\Users\pc\.openjfx\cache\17.0.1\glass.dll
0x00007fff2e1f0000 - 0x00007fff2e317000 	C:\Windows\System32\COMDLG32.dll
0x00007fff2fdc0000 - 0x00007fff2ff2b000 	C:\Windows\System32\MSCTF.dll
0x00007ffef5610000 - 0x00007ffef5637000 	C:\Windows\System32\DriverStore\FileRepository\igdlh64.inf_amd64_2cec8fd58a80e6ea\igdinfo64.dll

dbghelp: loaded successfully - version: 4.0.5 - missing functions: none
symbol engine: initialized successfully - sym options: 0x614 - pdb path: .;C:\Program Files\Java\jdk-17.0.2\bin;C:\Windows\SYSTEM32;C:\Windows\WinSxS\amd64_microsoft.windows.common-controls_6595b64144ccf1df_6.0.17763.2803_none_de6d9ee8534e8a05;C:\Program Files\Java\jdk-17.0.2\bin\server;C:\Users\pc\.openjfx\cache\17.0.1;C:\Windows\System32\DriverStore\FileRepository\igdlh64.inf_amd64_2cec8fd58a80e6ea

VM Arguments:
jvm_args: -Dfile.encoding=windows-1252 -Duser.country=US -Duser.language=en -Duser.variant --module-path=D:\study\Sfour\POO\TP\build\libs\tp-1.0-SNAPSHOT.jar;D:\study\Sfour\POO\TP\build\classes\java\main;C:\Users\pc\.gradle\caches\modules-2\files-2.1\org.openjfx\javafx-fxml\17.0.1\3c4928d8de8e84617b28d370ac1115a1a2267c68\javafx-fxml-17.0.1-win.jar;C:\Users\pc\.gradle\caches\modules-2\files-2.1\org.openjfx\javafx-controls\17.0.1\dd2e517c9638c07325836d17557a365b484fd6c7\javafx-controls-17.0.1-win.jar;C:\Users\pc\.gradle\caches\modules-2\files-2.1\org.openjfx\javafx-controls\17.0.1\4aa202089425f7b3bac4566e98da4b94ad10ee00\javafx-controls-17.0.1.jar;C:\Users\pc\.gradle\caches\modules-2\files-2.1\org.openjfx\javafx-graphics\17.0.1\5e29de2d1e6320c2c8c4af9fef186d82f3953155\javafx-graphics-17.0.1-win.jar;C:\Users\pc\.gradle\caches\modules-2\files-2.1\org.openjfx\javafx-graphics\17.0.1\324fd0f6c9c55330fc64a44dde0887d9646e800a\javafx-graphics-17.0.1.jar;C:\Users\pc\.gradle\caches\modules-2\files-2.1\org.openjfx\javafx-base\17.0.1\174ca1357249f26d154583886cda6f20ba1b7887\javafx-base-17.0.1-win.jar;C:\Users\pc\.gradle\caches\modules-2\files-2.1\org.openjfx\javafx-base\17.0.1\2c53dcf0d89ff42a63b09d941cab75c5a052ef32\javafx-base-17.0.1.jar -Djdk.module.main=com.company.tp 
java_command: com.company.tp/com.company.tp.HelloApplication
java_class_path (initial): D:\study\Sfour\POO\TP\build\resources\main
Launcher Type: SUN_STANDARD

[Global flags]
     intx CICompilerCount                          = 3                                         {product} {ergonomic}
     uint ConcGCThreads                            = 1                                         {product} {ergonomic}
     uint G1ConcRefinementThreads                  = 4                                         {product} {ergonomic}
   size_t G1HeapRegionSize                         = 2097152                                   {product} {ergonomic}
    uintx GCDrainStackTargetSize                   = 64                                        {product} {ergonomic}
   size_t InitialHeapSize                          = 201326592                                 {product} {ergonomic}
   size_t MarkStackSize                            = 4194304                                   {product} {ergonomic}
   size_t MaxHeapSize                              = 3191865344                                {product} {ergonomic}
   size_t MaxNewSize                               = 1914699776                                {product} {ergonomic}
   size_t MinHeapDeltaBytes                        = 2097152                                   {product} {ergonomic}
   size_t MinHeapSize                              = 8388608                                   {product} {ergonomic}
    uintx NonNMethodCodeHeapSize                   = 5832780                                {pd product} {ergonomic}
    uintx NonProfiledCodeHeapSize                  = 122912730                              {pd product} {ergonomic}
    uintx ProfiledCodeHeapSize                     = 122912730                              {pd product} {ergonomic}
    uintx ReservedCodeCacheSize                    = 251658240                              {pd product} {ergonomic}
     bool SegmentedCodeCache                       = true                                      {product} {ergonomic}
   size_t SoftMaxHeapSize                          = 3191865344                             {manageable} {ergonomic}
     bool UseCompressedClassPointers               = true                           {product lp64_product} {ergonomic}
     bool UseCompressedOops                        = true                           {product lp64_product} {ergonomic}
     bool UseG1GC                                  = true                                      {product} {ergonomic}
     bool UseLargePagesIndividualAllocation        = false                                  {pd product} {ergonomic}

Logging:
Log output configuration:
 #0: stdout all=warning uptime,level,tags
 #1: stderr all=off uptime,level,tags

Environment Variables:
PATH=C:\Program Files\Common Files\Oracle\Java\javapath;C:\Python310\Scripts\;C:\Python310\;C:\texlive\2000\bin\win32;C:\Program Files (x86)\Common Files\Intel\Shared Libraries\redist\intel64\compiler;C:\Program Files (x86)\Common Files\Oracle\Java\javapath;C:\Windows\system32;C:\Windows;C:\Windows\System32\Wbem;C:\Windows\System32\WindowsPowerShell\v1.0\;C:\Windows\System32\OpenSSH\;C:\MinGW\bin;C:\Program Files\Vim\vim82;C:\tools\nvim-win64\Neovim\bin;C:\Program Files (x86)\Vim\vim82;C:\Program Files\Git\cmd;C:\Program Files\PuTTY\;C:\Program Files\Graphviz\bin;C:\Program Files\nodejs\;C:\ProgramData\chocolatey\bin;C:\Program Files (x86)\NoteBook FanControl\;C:\Program Files (x86)\Common Files\Oracle\Java\javapath;C:\Windows\system32;C:\Windows;C:\Windows\System32\Wbem;C:\Windows\System32\WindowsPowerShell\v1.0\;C:\Windows\System32\OpenSSH\;C:\Users\pc\AppData\Local\Microsoft\WindowsApps;C:\adb\;C:\Users\pc\AppData\Local\hyper\app-3.0.2\resources\bin;C:\Users\pc\AppData\Local\Programs\Microsoft VS Code\bin;C:\Users\pc\AppData\Local\JpegminiPro3\;C:\Users\pc\AppData\Local\GitHubDesktop\bin;C:\ProgramData\pc\GitHubDesktop\bin;C:\src\flutter\bin;C:\Users\pc\AppData\Local\Android\Sdk\tools;C:\Users\pc\AppData\Local\Android\Sdk\platform-tools;C:\Users\pc\AppData\Roaming\npm;C:\Program Files\JetBrains\IntelliJ IDEA Community Edition 2021.3.2\bin;
USERNAME=pc
OS=Windows_NT
PROCESSOR_IDENTIFIER=Intel64 Family 6 Model 142 Stepping 9, GenuineIntel



---------------  S Y S T E M  ---------------

OS:
 Windows 10 , 64 bit Build 17763 (10.0.17763.2803)
OS uptime: 1 days 22:33 hours

CPU: total 4 (initial active 4) (2 cores per cpu, 2 threads per core) family 6 model 142 stepping 9 microcode 0xde, cx8, cmov, fxsr, ht, mmx, 3dnowpref, sse, sse2, sse3, ssse3, sse4.1, sse4.2, popcnt, lzcnt, tsc, tscinvbit, avx, avx2, aes, erms, clmul, bmi1, bmi2, adx, fma, vzeroupper, clflush, clflushopt

Memory: 4k page, system-wide physical 12169M (1120M free)
TotalPageFile size 12169M (AvailPageFile size 4M)
current process WorkingSet (physical memory assigned to process): 65M, peak: 66M
current process commit charge ("private bytes"): 289M, peak: 290M

vm_info: Java HotSpot(TM) 64-Bit Server VM (17.0.2+8-LTS-86) for windows-amd64 JRE (17.0.2+8-LTS-86), built on Dec  7 2021 21:51:03 by "mach5one" with MS VC++ 16.8 / 16.9 (VS2019)

END.
