#
# There is insufficient memory for the Java Runtime Environment to continue.
# Native memory allocation (malloc) failed to allocate 210336 bytes for Chunk::new
# Possible reasons:
#   The system is out of physical RAM or swap space
#   The process is running with CompressedOops enabled, and the Java Heap may be blocking the growth of the native heap
# Possible solutions:
#   Reduce memory load on the system
#   Increase physical memory or swap space
#   Check if swap backing store is full
#   Decrease Java heap size (-Xmx/-Xms)
#   Decrease number of Java threads
#   Decrease Java thread stack sizes (-Xss)
#   Set larger code cache with -XX:ReservedCodeCacheSize=
#   JVM is running with Zero Based Compressed Oops mode in which the Java heap is
#     placed in the first 32GB address space. The Java Heap base address is the
#     maximum limit for the native heap growth. Please use -XX:HeapBaseMinAddress
#     to set the Java Heap base and to place the Java Heap above 32GB virtual address.
# This output file may be truncated or incomplete.
#
#  Out of Memory Error (arena.cpp:189), pid=17392, tid=10928
#
# JRE version: Java(TM) SE Runtime Environment (17.0.2+8) (build 17.0.2+8-LTS-86)
# Java VM: Java HotSpot(TM) 64-Bit Server VM (17.0.2+8-LTS-86, mixed mode, tiered, compressed oops, compressed class ptrs, g1 gc, windows-amd64)
# No core dump will be written. Minidumps are not enabled by default on client versions of Windows
#

---------------  S U M M A R Y ------------

Command Line: -Dfile.encoding=windows-1252 -Duser.country=US -Duser.language=en -Duser.variant --module-path=D:\study\Sfour\POO\TP\build\libs\tp-1.0-SNAPSHOT.jar;D:\study\Sfour\POO\TP\build\classes\java\main;C:\Users\pc\.gradle\caches\modules-2\files-2.1\org.openjfx\javafx-fxml\17.0.1\3c4928d8de8e84617b28d370ac1115a1a2267c68\javafx-fxml-17.0.1-win.jar;C:\Users\pc\.gradle\caches\modules-2\files-2.1\org.openjfx\javafx-controls\17.0.1\dd2e517c9638c07325836d17557a365b484fd6c7\javafx-controls-17.0.1-win.jar;C:\Users\pc\.gradle\caches\modules-2\files-2.1\org.openjfx\javafx-controls\17.0.1\4aa202089425f7b3bac4566e98da4b94ad10ee00\javafx-controls-17.0.1.jar;C:\Users\pc\.gradle\caches\modules-2\files-2.1\org.openjfx\javafx-graphics\17.0.1\5e29de2d1e6320c2c8c4af9fef186d82f3953155\javafx-graphics-17.0.1-win.jar;C:\Users\pc\.gradle\caches\modules-2\files-2.1\org.openjfx\javafx-graphics\17.0.1\324fd0f6c9c55330fc64a44dde0887d9646e800a\javafx-graphics-17.0.1.jar;C:\Users\pc\.gradle\caches\modules-2\files-2.1\org.openjfx\javafx-base\17.0.1\174ca1357249f26d154583886cda6f20ba1b7887\javafx-base-17.0.1-win.jar;C:\Users\pc\.gradle\caches\modules-2\files-2.1\org.openjfx\javafx-base\17.0.1\2c53dcf0d89ff42a63b09d941cab75c5a052ef32\javafx-base-17.0.1.jar -Djdk.module.main=com.company.tp com.company.tp/com.company.tp.HelloApplication

Host: Intel(R) Core(TM) i7-7500U CPU @ 2.70GHz, 4 cores, 11G,  Windows 10 , 64 bit Build 17763 (10.0.17763.2803)
Time: Wed May 11 06:02:27 2022 W. Central Africa Standard Time elapsed time: 0.199508 seconds (0d 0h 0m 0s)

---------------  T H R E A D  ---------------

Current thread (0x000001c895995f90):  JavaThread "C2 CompilerThread1" daemon [_thread_in_native, id=10928, stack(0x0000000adc000000,0x0000000adc100000)]


Current CompileTask:
C2:    199  237       4       jdk.internal.module.Checks::isJavaIdentifier (76 bytes)

Stack: [0x0000000adc000000,0x0000000adc100000]
Native frames: (J=compiled Java code, j=interpreted, Vv=VM code, C=native code)
V  [jvm.dll+0x670baa]
V  [jvm.dll+0x7cfcb4]
V  [jvm.dll+0x7d145e]
V  [jvm.dll+0x7d1ac3]
V  [jvm.dll+0x242bc5]
V  [jvm.dll+0xaa57b]
V  [jvm.dll+0xaab0c]
V  [jvm.dll+0x2a991f]
V  [jvm.dll+0x5792d9]
V  [jvm.dll+0x21de3d]
V  [jvm.dll+0x21e21f]
V  [jvm.dll+0x217ae5]
V  [jvm.dll+0x214fab]
V  [jvm.dll+0x1a1bbd]
V  [jvm.dll+0x224908]
V  [jvm.dll+0x222a6c]
V  [jvm.dll+0x7859bb]
V  [jvm.dll+0x77ff7a]
V  [jvm.dll+0x66fa35]
C  [ucrtbase.dll+0x2268a]
C  [KERNEL32.DLL+0x17974]
C  [ntdll.dll+0x5a2f1]


---------------  P R O C E S S  ---------------

Threads class SMR info:
_java_thread_list=0x000001c895a07fe0, length=12, elements={
0x000001c8f2cc5640, 0x000001c895812250, 0x000001c8ffb55710, 0x000001c8ffb75d60,
0x000001c8ffb98fd0, 0x000001c8ffb9a060, 0x000001c8ffb9b4e0, 0x000001c8ffb9e640,
0x000001c895844500, 0x000001c895858200, 0x000001c8f2d8e6b0, 0x000001c895995f90
}

Java Threads: ( => current thread )
  0x000001c8f2cc5640 JavaThread "main" [_thread_in_Java, id=4992, stack(0x0000000adaf00000,0x0000000adb000000)]
  0x000001c895812250 JavaThread "Reference Handler" daemon [_thread_blocked, id=9340, stack(0x0000000adb600000,0x0000000adb700000)]
  0x000001c8ffb55710 JavaThread "Finalizer" daemon [_thread_blocked, id=14256, stack(0x0000000adb700000,0x0000000adb800000)]
  0x000001c8ffb75d60 JavaThread "Signal Dispatcher" daemon [_thread_blocked, id=16032, stack(0x0000000adb800000,0x0000000adb900000)]
  0x000001c8ffb98fd0 JavaThread "Attach Listener" daemon [_thread_blocked, id=3004, stack(0x0000000adb900000,0x0000000adba00000)]
  0x000001c8ffb9a060 JavaThread "Service Thread" daemon [_thread_blocked, id=5148, stack(0x0000000adba00000,0x0000000adbb00000)]
  0x000001c8ffb9b4e0 JavaThread "Monitor Deflation Thread" daemon [_thread_blocked, id=10624, stack(0x0000000adbb00000,0x0000000adbc00000)]
  0x000001c8ffb9e640 JavaThread "C2 CompilerThread0" daemon [_thread_in_native, id=13012, stack(0x0000000adbc00000,0x0000000adbd00000)]
  0x000001c895844500 JavaThread "C1 CompilerThread0" daemon [_thread_in_vm, id=9664, stack(0x0000000adbd00000,0x0000000adbe00000)]
  0x000001c895858200 JavaThread "Sweeper thread" daemon [_thread_blocked, id=11332, stack(0x0000000adbe00000,0x0000000adbf00000)]
  0x000001c8f2d8e6b0 JavaThread "Common-Cleaner" daemon [_thread_blocked, id=7832, stack(0x0000000adbf00000,0x0000000adc000000)]
=>0x000001c895995f90 JavaThread "C2 CompilerThread1" daemon [_thread_in_native, id=10928, stack(0x0000000adc000000,0x0000000adc100000)]

Other Threads:
  0x000001c8ffb8fb00 VMThread "VM Thread" [stack: 0x0000000adb500000,0x0000000adb600000] [id=11632]
  0x000001c8f2d097b0 GCTaskThread "GC Thread#0" [stack: 0x0000000adb000000,0x0000000adb100000] [id=9844]
  0x000001c8f2d16440 ConcurrentGCThread "G1 Main Marker" [stack: 0x0000000adb100000,0x0000000adb200000] [id=8540]
  0x000001c8f2d17920 ConcurrentGCThread "G1 Conc#0" [stack: 0x0000000adb200000,0x0000000adb300000] [id=11520]
  0x000001c8f2d79900 ConcurrentGCThread "G1 Refine#0" [stack: 0x0000000adb300000,0x0000000adb400000] [id=16164]
  0x000001c8f2d7a130 ConcurrentGCThread "G1 Service" [stack: 0x0000000adb400000,0x0000000adb500000] [id=16872]

Threads with active compile tasks:
C2 CompilerThread0      230  314       4       java.lang.String::substring (58 bytes)
C1 CompilerThread0      230  319       3       java.util.stream.Collectors$$Lambda$14/0x000000080000cd08::accept (14 bytes)
C2 CompilerThread1      230  237       4       jdk.internal.module.Checks::isJavaIdentifier (76 bytes)

VM state: not at safepoint (normal execution)

VM Mutex/Monitor currently owned by a thread: None

Heap address: 0x0000000741c00000, size: 3044 MB, Compressed Oops mode: Zero based, Oop shift amount: 3

CDS archive(s) not mapped
Compressed class space mapped at: 0x0000000800000000-0x0000000840000000, reserved size: 1073741824
Narrow klass base: 0x0000000800000000, Narrow klass shift: 0, Narrow klass range: 0x40000000

GC Precious Log:
 CPUs: 4 total, 4 available
 Memory: 12169M
 Large Page Support: Disabled
 NUMA Support: Disabled
 Compressed Oops: Enabled (Zero based)
 Heap Region Size: 2M
 Heap Min Capacity: 8M
 Heap Initial Capacity: 192M
 Heap Max Capacity: 3044M
 Pre-touch: Disabled
 Parallel Workers: 4
 Concurrent Workers: 1
 Concurrent Refinement Workers: 4
 Periodic GC: Disabled

Heap:
 garbage-first heap   total 196608K, used 2048K [0x0000000741c00000, 0x0000000800000000)
  region size 2048K, 2 young (4096K), 0 survivors (0K)
 Metaspace       used 6492K, committed 6656K, reserved 1056768K
  class space    used 569K, committed 640K, reserved 1048576K

Heap Regions: E=young(eden), S=young(survivor), O=old, HS=humongous(starts), HC=humongous(continues), CS=collection set, F=free, OA=open archive, CA=closed archive, TAMS=top-at-mark-start (previous, next)
|   0|0x0000000741c00000, 0x0000000741c00000, 0x0000000741e00000|  0%| F|  |TAMS 0x0000000741c00000, 0x0000000741c00000| Untracked 
|   1|0x0000000741e00000, 0x0000000741e00000, 0x0000000742000000|  0%| F|  |TAMS 0x0000000741e00000, 0x0000000741e00000| Untracked 
|   2|0x0000000742000000, 0x0000000742000000, 0x0000000742200000|  0%| F|  |TAMS 0x0000000742000000, 0x0000000742000000| Untracked 
|   3|0x0000000742200000, 0x0000000742200000, 0x0000000742400000|  0%| F|  |TAMS 0x0000000742200000, 0x0000000742200000| Untracked 
|   4|0x0000000742400000, 0x0000000742400000, 0x0000000742600000|  0%| F|  |TAMS 0x0000000742400000, 0x0000000742400000| Untracked 
|   5|0x0000000742600000, 0x0000000742600000, 0x0000000742800000|  0%| F|  |TAMS 0x0000000742600000, 0x0000000742600000| Untracked 
|   6|0x0000000742800000, 0x0000000742800000, 0x0000000742a00000|  0%| F|  |TAMS 0x0000000742800000, 0x0000000742800000| Untracked 
|   7|0x0000000742a00000, 0x0000000742a00000, 0x0000000742c00000|  0%| F|  |TAMS 0x0000000742a00000, 0x0000000742a00000| Untracked 
|   8|0x0000000742c00000, 0x0000000742c00000, 0x0000000742e00000|  0%| F|  |TAMS 0x0000000742c00000, 0x0000000742c00000| Untracked 
|   9|0x0000000742e00000, 0x0000000742e00000, 0x0000000743000000|  0%| F|  |TAMS 0x0000000742e00000, 0x0000000742e00000| Untracked 
|  10|0x0000000743000000, 0x0000000743000000, 0x0000000743200000|  0%| F|  |TAMS 0x0000000743000000, 0x0000000743000000| Untracked 
|  11|0x0000000743200000, 0x0000000743200000, 0x0000000743400000|  0%| F|  |TAMS 0x0000000743200000, 0x0000000743200000| Untracked 
|  12|0x0000000743400000, 0x0000000743400000, 0x0000000743600000|  0%| F|  |TAMS 0x0000000743400000, 0x0000000743400000| Untracked 
|  13|0x0000000743600000, 0x0000000743600000, 0x0000000743800000|  0%| F|  |TAMS 0x0000000743600000, 0x0000000743600000| Untracked 
|  14|0x0000000743800000, 0x0000000743800000, 0x0000000743a00000|  0%| F|  |TAMS 0x0000000743800000, 0x0000000743800000| Untracked 
|  15|0x0000000743a00000, 0x0000000743a00000, 0x0000000743c00000|  0%| F|  |TAMS 0x0000000743a00000, 0x0000000743a00000| Untracked 
|  16|0x0000000743c00000, 0x0000000743c00000, 0x0000000743e00000|  0%| F|  |TAMS 0x0000000743c00000, 0x0000000743c00000| Untracked 
|  17|0x0000000743e00000, 0x0000000743e00000, 0x0000000744000000|  0%| F|  |TAMS 0x0000000743e00000, 0x0000000743e00000| Untracked 
|  18|0x0000000744000000, 0x0000000744000000, 0x0000000744200000|  0%| F|  |TAMS 0x0000000744000000, 0x0000000744000000| Untracked 
|  19|0x0000000744200000, 0x0000000744200000, 0x0000000744400000|  0%| F|  |TAMS 0x0000000744200000, 0x0000000744200000| Untracked 
|  20|0x0000000744400000, 0x0000000744400000, 0x0000000744600000|  0%| F|  |TAMS 0x0000000744400000, 0x0000000744400000| Untracked 
|  21|0x0000000744600000, 0x0000000744600000, 0x0000000744800000|  0%| F|  |TAMS 0x0000000744600000, 0x0000000744600000| Untracked 
|  22|0x0000000744800000, 0x0000000744800000, 0x0000000744a00000|  0%| F|  |TAMS 0x0000000744800000, 0x0000000744800000| Untracked 
|  23|0x0000000744a00000, 0x0000000744a00000, 0x0000000744c00000|  0%| F|  |TAMS 0x0000000744a00000, 0x0000000744a00000| Untracked 
|  24|0x0000000744c00000, 0x0000000744c00000, 0x0000000744e00000|  0%| F|  |TAMS 0x0000000744c00000, 0x0000000744c00000| Untracked 
|  25|0x0000000744e00000, 0x0000000744e00000, 0x0000000745000000|  0%| F|  |TAMS 0x0000000744e00000, 0x0000000744e00000| Untracked 
|  26|0x0000000745000000, 0x0000000745000000, 0x0000000745200000|  0%| F|  |TAMS 0x0000000745000000, 0x0000000745000000| Untracked 
|  27|0x0000000745200000, 0x0000000745200000, 0x0000000745400000|  0%| F|  |TAMS 0x0000000745200000, 0x0000000745200000| Untracked 
|  28|0x0000000745400000, 0x0000000745400000, 0x0000000745600000|  0%| F|  |TAMS 0x0000000745400000, 0x0000000745400000| Untracked 
|  29|0x0000000745600000, 0x0000000745600000, 0x0000000745800000|  0%| F|  |TAMS 0x0000000745600000, 0x0000000745600000| Untracked 
|  30|0x0000000745800000, 0x0000000745800000, 0x0000000745a00000|  0%| F|  |TAMS 0x0000000745800000, 0x0000000745800000| Untracked 
|  31|0x0000000745a00000, 0x0000000745a00000, 0x0000000745c00000|  0%| F|  |TAMS 0x0000000745a00000, 0x0000000745a00000| Untracked 
|  32|0x0000000745c00000, 0x0000000745c00000, 0x0000000745e00000|  0%| F|  |TAMS 0x0000000745c00000, 0x0000000745c00000| Untracked 
|  33|0x0000000745e00000, 0x0000000745e00000, 0x0000000746000000|  0%| F|  |TAMS 0x0000000745e00000, 0x0000000745e00000| Untracked 
|  34|0x0000000746000000, 0x0000000746000000, 0x0000000746200000|  0%| F|  |TAMS 0x0000000746000000, 0x0000000746000000| Untracked 
|  35|0x0000000746200000, 0x0000000746200000, 0x0000000746400000|  0%| F|  |TAMS 0x0000000746200000, 0x0000000746200000| Untracked 
|  36|0x0000000746400000, 0x0000000746400000, 0x0000000746600000|  0%| F|  |TAMS 0x0000000746400000, 0x0000000746400000| Untracked 
|  37|0x0000000746600000, 0x0000000746600000, 0x0000000746800000|  0%| F|  |TAMS 0x0000000746600000, 0x0000000746600000| Untracked 
|  38|0x0000000746800000, 0x0000000746800000, 0x0000000746a00000|  0%| F|  |TAMS 0x0000000746800000, 0x0000000746800000| Untracked 
|  39|0x0000000746a00000, 0x0000000746a00000, 0x0000000746c00000|  0%| F|  |TAMS 0x0000000746a00000, 0x0000000746a00000| Untracked 
|  40|0x0000000746c00000, 0x0000000746c00000, 0x0000000746e00000|  0%| F|  |TAMS 0x0000000746c00000, 0x0000000746c00000| Untracked 
|  41|0x0000000746e00000, 0x0000000746e00000, 0x0000000747000000|  0%| F|  |TAMS 0x0000000746e00000, 0x0000000746e00000| Untracked 
|  42|0x0000000747000000, 0x0000000747000000, 0x0000000747200000|  0%| F|  |TAMS 0x0000000747000000, 0x0000000747000000| Untracked 
|  43|0x0000000747200000, 0x0000000747200000, 0x0000000747400000|  0%| F|  |TAMS 0x0000000747200000, 0x0000000747200000| Untracked 
|  44|0x0000000747400000, 0x0000000747400000, 0x0000000747600000|  0%| F|  |TAMS 0x0000000747400000, 0x0000000747400000| Untracked 
|  45|0x0000000747600000, 0x0000000747600000, 0x0000000747800000|  0%| F|  |TAMS 0x0000000747600000, 0x0000000747600000| Untracked 
|  46|0x0000000747800000, 0x0000000747800000, 0x0000000747a00000|  0%| F|  |TAMS 0x0000000747800000, 0x0000000747800000| Untracked 
|  47|0x0000000747a00000, 0x0000000747a00000, 0x0000000747c00000|  0%| F|  |TAMS 0x0000000747a00000, 0x0000000747a00000| Untracked 
|  48|0x0000000747c00000, 0x0000000747c00000, 0x0000000747e00000|  0%| F|  |TAMS 0x0000000747c00000, 0x0000000747c00000| Untracked 
|  49|0x0000000747e00000, 0x0000000747e00000, 0x0000000748000000|  0%| F|  |TAMS 0x0000000747e00000, 0x0000000747e00000| Untracked 
|  50|0x0000000748000000, 0x0000000748000000, 0x0000000748200000|  0%| F|  |TAMS 0x0000000748000000, 0x0000000748000000| Untracked 
|  51|0x0000000748200000, 0x0000000748200000, 0x0000000748400000|  0%| F|  |TAMS 0x0000000748200000, 0x0000000748200000| Untracked 
|  52|0x0000000748400000, 0x0000000748400000, 0x0000000748600000|  0%| F|  |TAMS 0x0000000748400000, 0x0000000748400000| Untracked 
|  53|0x0000000748600000, 0x0000000748600000, 0x0000000748800000|  0%| F|  |TAMS 0x0000000748600000, 0x0000000748600000| Untracked 
|  54|0x0000000748800000, 0x0000000748800000, 0x0000000748a00000|  0%| F|  |TAMS 0x0000000748800000, 0x0000000748800000| Untracked 
|  55|0x0000000748a00000, 0x0000000748a00000, 0x0000000748c00000|  0%| F|  |TAMS 0x0000000748a00000, 0x0000000748a00000| Untracked 
|  56|0x0000000748c00000, 0x0000000748c00000, 0x0000000748e00000|  0%| F|  |TAMS 0x0000000748c00000, 0x0000000748c00000| Untracked 
|  57|0x0000000748e00000, 0x0000000748e00000, 0x0000000749000000|  0%| F|  |TAMS 0x0000000748e00000, 0x0000000748e00000| Untracked 
|  58|0x0000000749000000, 0x0000000749000000, 0x0000000749200000|  0%| F|  |TAMS 0x0000000749000000, 0x0000000749000000| Untracked 
|  59|0x0000000749200000, 0x0000000749200000, 0x0000000749400000|  0%| F|  |TAMS 0x0000000749200000, 0x0000000749200000| Untracked 
|  60|0x0000000749400000, 0x0000000749400000, 0x0000000749600000|  0%| F|  |TAMS 0x0000000749400000, 0x0000000749400000| Untracked 
|  61|0x0000000749600000, 0x0000000749600000, 0x0000000749800000|  0%| F|  |TAMS 0x0000000749600000, 0x0000000749600000| Untracked 
|  62|0x0000000749800000, 0x0000000749800000, 0x0000000749a00000|  0%| F|  |TAMS 0x0000000749800000, 0x0000000749800000| Untracked 
|  63|0x0000000749a00000, 0x0000000749a00000, 0x0000000749c00000|  0%| F|  |TAMS 0x0000000749a00000, 0x0000000749a00000| Untracked 
|  64|0x0000000749c00000, 0x0000000749c00000, 0x0000000749e00000|  0%| F|  |TAMS 0x0000000749c00000, 0x0000000749c00000| Untracked 
|  65|0x0000000749e00000, 0x0000000749e00000, 0x000000074a000000|  0%| F|  |TAMS 0x0000000749e00000, 0x0000000749e00000| Untracked 
|  66|0x000000074a000000, 0x000000074a000000, 0x000000074a200000|  0%| F|  |TAMS 0x000000074a000000, 0x000000074a000000| Untracked 
|  67|0x000000074a200000, 0x000000074a200000, 0x000000074a400000|  0%| F|  |TAMS 0x000000074a200000, 0x000000074a200000| Untracked 
|  68|0x000000074a400000, 0x000000074a400000, 0x000000074a600000|  0%| F|  |TAMS 0x000000074a400000, 0x000000074a400000| Untracked 
|  69|0x000000074a600000, 0x000000074a600000, 0x000000074a800000|  0%| F|  |TAMS 0x000000074a600000, 0x000000074a600000| Untracked 
|  70|0x000000074a800000, 0x000000074a800000, 0x000000074aa00000|  0%| F|  |TAMS 0x000000074a800000, 0x000000074a800000| Untracked 
|  71|0x000000074aa00000, 0x000000074aa00000, 0x000000074ac00000|  0%| F|  |TAMS 0x000000074aa00000, 0x000000074aa00000| Untracked 
|  72|0x000000074ac00000, 0x000000074ac00000, 0x000000074ae00000|  0%| F|  |TAMS 0x000000074ac00000, 0x000000074ac00000| Untracked 
|  73|0x000000074ae00000, 0x000000074ae00000, 0x000000074b000000|  0%| F|  |TAMS 0x000000074ae00000, 0x000000074ae00000| Untracked 
|  74|0x000000074b000000, 0x000000074b000000, 0x000000074b200000|  0%| F|  |TAMS 0x000000074b000000, 0x000000074b000000| Untracked 
|  75|0x000000074b200000, 0x000000074b200000, 0x000000074b400000|  0%| F|  |TAMS 0x000000074b200000, 0x000000074b200000| Untracked 
|  76|0x000000074b400000, 0x000000074b400000, 0x000000074b600000|  0%| F|  |TAMS 0x000000074b400000, 0x000000074b400000| Untracked 
|  77|0x000000074b600000, 0x000000074b600000, 0x000000074b800000|  0%| F|  |TAMS 0x000000074b600000, 0x000000074b600000| Untracked 
|  78|0x000000074b800000, 0x000000074b800000, 0x000000074ba00000|  0%| F|  |TAMS 0x000000074b800000, 0x000000074b800000| Untracked 
|  79|0x000000074ba00000, 0x000000074ba00000, 0x000000074bc00000|  0%| F|  |TAMS 0x000000074ba00000, 0x000000074ba00000| Untracked 
|  80|0x000000074bc00000, 0x000000074bc00000, 0x000000074be00000|  0%| F|  |TAMS 0x000000074bc00000, 0x000000074bc00000| Untracked 
|  81|0x000000074be00000, 0x000000074be00000, 0x000000074c000000|  0%| F|  |TAMS 0x000000074be00000, 0x000000074be00000| Untracked 
|  82|0x000000074c000000, 0x000000074c000000, 0x000000074c200000|  0%| F|  |TAMS 0x000000074c000000, 0x000000074c000000| Untracked 
|  83|0x000000074c200000, 0x000000074c200000, 0x000000074c400000|  0%| F|  |TAMS 0x000000074c200000, 0x000000074c200000| Untracked 
|  84|0x000000074c400000, 0x000000074c400000, 0x000000074c600000|  0%| F|  |TAMS 0x000000074c400000, 0x000000074c400000| Untracked 
|  85|0x000000074c600000, 0x000000074c600000, 0x000000074c800000|  0%| F|  |TAMS 0x000000074c600000, 0x000000074c600000| Untracked 
|  86|0x000000074c800000, 0x000000074c800000, 0x000000074ca00000|  0%| F|  |TAMS 0x000000074c800000, 0x000000074c800000| Untracked 
|  87|0x000000074ca00000, 0x000000074ca00000, 0x000000074cc00000|  0%| F|  |TAMS 0x000000074ca00000, 0x000000074ca00000| Untracked 
|  88|0x000000074cc00000, 0x000000074cc00000, 0x000000074ce00000|  0%| F|  |TAMS 0x000000074cc00000, 0x000000074cc00000| Untracked 
|  89|0x000000074ce00000, 0x000000074ce00000, 0x000000074d000000|  0%| F|  |TAMS 0x000000074ce00000, 0x000000074ce00000| Untracked 
|  90|0x000000074d000000, 0x000000074d000000, 0x000000074d200000|  0%| F|  |TAMS 0x000000074d000000, 0x000000074d000000| Untracked 
|  91|0x000000074d200000, 0x000000074d200000, 0x000000074d400000|  0%| F|  |TAMS 0x000000074d200000, 0x000000074d200000| Untracked 
|  92|0x000000074d400000, 0x000000074d400000, 0x000000074d600000|  0%| F|  |TAMS 0x000000074d400000, 0x000000074d400000| Untracked 
|  93|0x000000074d600000, 0x000000074d67b688, 0x000000074d800000| 24%| E|  |TAMS 0x000000074d600000, 0x000000074d600000| Complete 
|  94|0x000000074d800000, 0x000000074da00000, 0x000000074da00000|100%| E|CS|TAMS 0x000000074d800000, 0x000000074d800000| Complete 
|  95|0x000000074da00000, 0x000000074dc00000, 0x000000074dc00000|100%| E|CS|TAMS 0x000000074da00000, 0x000000074da00000| Complete 

Card table byte_map: [0x000001c8fc910000,0x000001c8fcf10000] _byte_map_base: 0x000001c8f8f02000

Marking Bits (Prev, Next): (CMBitMap*) 0x000001c8f2d09cd0, (CMBitMap*) 0x000001c8f2d09d10
 Prev Bits: [0x000001c88f000000, 0x000001c891f90000)
 Next Bits: [0x000001c891f90000, 0x000001c894f20000)

Polling page: 0x000001c8f2d90000

Metaspace:

Usage:
  Non-class:      5.78 MB used.
      Class:    569.30 KB used.
       Both:      6.34 MB used.

Virtual space:
  Non-class space:        8.00 MB reserved,       5.88 MB ( 73%) committed,  1 nodes.
      Class space:        1.00 GB reserved,     640.00 KB ( <1%) committed,  1 nodes.
             Both:        1.01 GB reserved,       6.50 MB ( <1%) committed. 

Chunk freelists:
   Non-Class:  2.12 MB
       Class:  3.25 MB
        Both:  5.37 MB

MaxMetaspaceSize: unlimited
CompressedClassSpaceSize: 1.00 GB
Initial GC threshold: 21.00 MB
Current GC threshold: 21.00 MB
CDS: off
MetaspaceReclaimPolicy: balanced
 - commit_granule_bytes: 65536.
 - commit_granule_words: 8192.
 - virtual_space_node_default_size: 1048576.
 - enlarge_chunks_in_place: 1.
 - new_chunks_are_fully_committed: 0.
 - uncommit_free_chunks: 1.
 - use_allocation_guard: 0.
 - handle_deallocations: 1.


Internal statistics:

num_allocs_failed_limit: 0.
num_arena_births: 8.
num_arena_deaths: 0.
num_vsnodes_births: 2.
num_vsnodes_deaths: 0.
num_space_committed: 104.
num_space_uncommitted: 0.
num_chunks_returned_to_freelist: 0.
num_chunks_taken_from_freelist: 21.
num_chunk_merges: 0.
num_chunk_splits: 6.
num_chunks_enlarged: 3.
num_purges: 0.
num_inconsistent_stats: 0.

CodeHeap 'non-profiled nmethods': size=120000Kb used=85Kb max_used=85Kb free=119914Kb
 bounds [0x000001c887ad0000, 0x000001c887d40000, 0x000001c88f000000]
CodeHeap 'profiled nmethods': size=120000Kb used=458Kb max_used=458Kb free=119541Kb
 bounds [0x000001c8805a0000, 0x000001c880810000, 0x000001c887ad0000]
CodeHeap 'non-nmethods': size=5760Kb used=1102Kb max_used=1117Kb free=4657Kb
 bounds [0x000001c880000000, 0x000001c880270000, 0x000001c8805a0000]
 total_blobs=693 nmethods=316 adapters=290
 compilation: enabled
              stopped_count=0, restarted_count=0
 full_count=0

Compilation events (20 events):
Event: 0.195 Thread 0x000001c895844500 nmethod 244 0x000001c8805f5890 code [0x000001c8805f5a80, 0x000001c8805f5e38]
Event: 0.195 Thread 0x000001c895844500  245       3       java.util.stream.AbstractPipeline::sourceStageSpliterator (112 bytes)
Event: 0.195 Thread 0x000001c895844500 nmethod 245 0x000001c8805f5f90 code [0x000001c8805f61a0, 0x000001c8805f67b8]
Event: 0.196 Thread 0x000001c895844500  249       3       java.util.stream.Streams$StreamBuilderImpl::forEachRemaining (30 bytes)
Event: 0.196 Thread 0x000001c895844500 nmethod 249 0x000001c8805f6990 code [0x000001c8805f6b60, 0x000001c8805f6ef8]
Event: 0.196 Thread 0x000001c895844500  250       3       java.util.stream.ReduceOps$3ReducingSink::accept (15 bytes)
Event: 0.196 Thread 0x000001c895844500 nmethod 250 0x000001c8805f7090 code [0x000001c8805f7260, 0x000001c8805f7648]
Event: 0.196 Thread 0x000001c895844500  227       3       jdk.internal.module.ModulePath::lambda$jarPackages$5 (13 bytes)
Event: 0.196 Thread 0x000001c895844500 nmethod 227 0x000001c8805f7810 code [0x000001c8805f7a00, 0x000001c8805f7ee8]
Event: 0.196 Thread 0x000001c895844500  253       3       java.util.stream.AbstractPipeline::close (48 bytes)
Event: 0.197 Thread 0x000001c895844500 nmethod 253 0x000001c8805f8110 code [0x000001c8805f82c0, 0x000001c8805f8588]
Event: 0.197 Thread 0x000001c895844500  254       3       java.lang.String::lastIndexOf (10 bytes)
Event: 0.197 Thread 0x000001c895844500 nmethod 254 0x000001c8805f8690 code [0x000001c8805f8840, 0x000001c8805f8a88]
Event: 0.197 Thread 0x000001c895844500  231       3       java.util.zip.ZipEntry::isDirectory (10 bytes)
Event: 0.197 Thread 0x000001c895844500 nmethod 231 0x000001c8805f8b90 code [0x000001c8805f8d60, 0x000001c8805f9128]
Event: 0.197 Thread 0x000001c895844500  240       3       java.util.Optional::stream (19 bytes)
Event: 0.198 Thread 0x000001c895844500 nmethod 240 0x000001c8805f9310 code [0x000001c8805f9500, 0x000001c8805f9ab8]
Event: 0.198 Thread 0x000001c895844500  241       3       java.util.Optional::isPresent (13 bytes)
Event: 0.198 Thread 0x000001c895844500 nmethod 241 0x000001c8805f9c90 code [0x000001c8805f9e20, 0x000001c8805f9f98]
Event: 0.198 Thread 0x000001c895844500  243       3       java.util.Optional::<init> (10 bytes)

GC Heap History (0 events):
No events

Deoptimization events (0 events):
No events

Classes unloaded (0 events):
No events

Classes redefined (0 events):
No events

Internal exceptions (1 events):
Event: 0.165 Thread 0x000001c8f2cc5640 Exception <a 'java/lang/NoSuchMethodError'{0x000000074db5ee80}: 'void java.lang.invoke.DirectMethodHandle$Holder.invokeVirtual(java.lang.Object, java.lang.Object)'> (0x000000074db5ee80) 
thrown [t:\workspace\open\src\hotspot\share\interpreter\linkResolver.cpp, line 766]

VM Operations (0 events):
No events

Events (20 events):
Event: 0.164 loading class sun/nio/fs/WindowsDirectoryStream done
Event: 0.164 loading class java/nio/file/FileTreeWalker$DirectoryNode
Event: 0.164 loading class java/nio/file/FileTreeWalker$DirectoryNode done
Event: 0.164 loading class sun/nio/fs/WindowsDirectoryStream$WindowsDirectoryIterator
Event: 0.164 loading class sun/nio/fs/WindowsDirectoryStream$WindowsDirectoryIterator done
Event: 0.164 loading class java/nio/file/FileTreeWalker$Event
Event: 0.164 loading class java/nio/file/FileTreeWalker$Event done
Event: 0.164 loading class java/nio/file/FileTreeWalker$EventType
Event: 0.164 loading class java/nio/file/FileTreeWalker$EventType done
Event: 0.164 loading class java/util/Spliterators$IteratorSpliterator
Event: 0.165 loading class java/util/Spliterators$IteratorSpliterator done
Event: 0.165 loading class java/lang/NoSuchMethodError
Event: 0.165 loading class java/lang/IncompatibleClassChangeError
Event: 0.165 loading class java/lang/IncompatibleClassChangeError done
Event: 0.165 loading class java/lang/NoSuchMethodError done
Event: 0.167 loading class sun/nio/fs/WindowsPath$WindowsPathWithAttributes
Event: 0.167 loading class sun/nio/fs/BasicFileAttributesHolder
Event: 0.167 loading class sun/nio/fs/BasicFileAttributesHolder done
Event: 0.167 loading class sun/nio/fs/WindowsPath$WindowsPathWithAttributes done
Event: 0.181 Thread 0x000001c895995f90 Thread added: 0x000001c895995f90


Dynamic libraries:
0x00007ff64c850000 - 0x00007ff64c860000 	C:\Program Files\Java\jdk-17.0.2\bin\java.exe
0x00007fff30180000 - 0x00007fff3036d000 	C:\Windows\SYSTEM32\ntdll.dll
0x00007fff2d6b0000 - 0x00007fff2d764000 	C:\Windows\System32\KERNEL32.DLL
0x00007fff2c300000 - 0x00007fff2c594000 	C:\Windows\System32\KERNELBASE.dll
0x00007fff2d190000 - 0x00007fff2d28a000 	C:\Windows\System32\ucrtbase.dll
0x00007fff25470000 - 0x00007fff25488000 	C:\Program Files\Java\jdk-17.0.2\bin\jli.dll
0x00007fff1f170000 - 0x00007fff1f18a000 	C:\Program Files\Java\jdk-17.0.2\bin\VCRUNTIME140.dll
0x00007fff2d580000 - 0x00007fff2d627000 	C:\Windows\System32\ADVAPI32.dll
0x00007fff2e150000 - 0x00007fff2e1ee000 	C:\Windows\System32\msvcrt.dll
0x00007fff30020000 - 0x00007fff300bf000 	C:\Windows\System32\sechost.dll
0x00007fff2ddd0000 - 0x00007fff2deed000 	C:\Windows\System32\RPCRT4.dll
0x00007fff2d3e0000 - 0x00007fff2d577000 	C:\Windows\System32\USER32.dll
0x00007fff2c5a0000 - 0x00007fff2c5c0000 	C:\Windows\System32\win32u.dll
0x00007fff19500000 - 0x00007fff19779000 	C:\Windows\WinSxS\amd64_microsoft.windows.common-controls_6595b64144ccf1df_6.0.17763.2803_none_de6d9ee8534e8a05\COMCTL32.dll
0x00007fff2f900000 - 0x00007fff2f929000 	C:\Windows\System32\GDI32.dll
0x00007fff2fa90000 - 0x00007fff2fdbd000 	C:\Windows\System32\combase.dll
0x00007fff2c850000 - 0x00007fff2c9ec000 	C:\Windows\System32\gdi32full.dll
0x00007fff2c5c0000 - 0x00007fff2c642000 	C:\Windows\System32\bcryptPrimitives.dll
0x00007fff2d290000 - 0x00007fff2d330000 	C:\Windows\System32\msvcp_win.dll
0x00007fff26950000 - 0x00007fff2695a000 	C:\Windows\SYSTEM32\VERSION.dll
0x00007fff2ff90000 - 0x00007fff2ffbe000 	C:\Windows\System32\IMM32.DLL
0x00007fff28300000 - 0x00007fff2830c000 	C:\Program Files\Java\jdk-17.0.2\bin\vcruntime140_1.dll
0x00007ffef58d0000 - 0x00007ffef595d000 	C:\Program Files\Java\jdk-17.0.2\bin\msvcp140.dll
0x00007ffec9910000 - 0x00007ffeca4d1000 	C:\Program Files\Java\jdk-17.0.2\bin\server\jvm.dll
0x00007fff2d6a0000 - 0x00007fff2d6a8000 	C:\Windows\System32\PSAPI.DLL
0x00007fff19300000 - 0x00007fff19309000 	C:\Windows\SYSTEM32\WSOCK32.dll
0x00007fff2d630000 - 0x00007fff2d69d000 	C:\Windows\System32\WS2_32.dll
0x00007fff27dc0000 - 0x00007fff27de4000 	C:\Windows\SYSTEM32\WINMM.dll
0x00007fff27d90000 - 0x00007fff27dbd000 	C:\Windows\SYSTEM32\winmmbase.dll
0x00007fff2c9f0000 - 0x00007fff2ca3a000 	C:\Windows\System32\cfgmgr32.dll
0x00007fff2c130000 - 0x00007fff2c141000 	C:\Windows\System32\kernel.appcore.dll
0x00007fff282d0000 - 0x00007fff282da000 	C:\Program Files\Java\jdk-17.0.2\bin\jimage.dll
0x00007fff2aa10000 - 0x00007fff2abfd000 	C:\Windows\SYSTEM32\DBGHELP.DLL
0x00007fff17360000 - 0x00007fff1738a000 	C:\Windows\SYSTEM32\dbgcore.DLL
0x00007fff1f140000 - 0x00007fff1f165000 	C:\Program Files\Java\jdk-17.0.2\bin\java.dll
0x00007ffef42c0000 - 0x00007ffef4396000 	C:\Program Files\Java\jdk-17.0.2\bin\jsvml.dll
0x00007fff2e330000 - 0x00007fff2f828000 	C:\Windows\System32\SHELL32.dll
0x00007fff2df70000 - 0x00007fff2e018000 	C:\Windows\System32\shcore.dll
0x00007fff2ca40000 - 0x00007fff2d188000 	C:\Windows\System32\windows.storage.dll
0x00007fff2c1b0000 - 0x00007fff2c1d4000 	C:\Windows\System32\profapi.dll
0x00007fff2c150000 - 0x00007fff2c1ad000 	C:\Windows\System32\powrprof.dll
0x00007fff300c0000 - 0x00007fff30112000 	C:\Windows\System32\shlwapi.dll
0x00007fff2d360000 - 0x00007fff2d377000 	C:\Windows\System32\cryptsp.dll
0x00007fff1f120000 - 0x00007fff1f139000 	C:\Program Files\Java\jdk-17.0.2\bin\net.dll
0x00007fff1dea0000 - 0x00007fff1df91000 	C:\Windows\SYSTEM32\WINHTTP.dll
0x00007fff2b960000 - 0x00007fff2b9c7000 	C:\Windows\system32\mswsock.dll
0x00007fff1dc50000 - 0x00007fff1dc66000 	C:\Program Files\Java\jdk-17.0.2\bin\nio.dll
0x00007fff1a000000 - 0x00007fff1a018000 	C:\Program Files\Java\jdk-17.0.2\bin\zip.dll

dbghelp: loaded successfully - version: 4.0.5 - missing functions: none
symbol engine: initialized successfully - sym options: 0x614 - pdb path: .;C:\Program Files\Java\jdk-17.0.2\bin;C:\Windows\SYSTEM32;C:\Windows\WinSxS\amd64_microsoft.windows.common-controls_6595b64144ccf1df_6.0.17763.2803_none_de6d9ee8534e8a05;C:\Program Files\Java\jdk-17.0.2\bin\server

VM Arguments:
jvm_args: -Dfile.encoding=windows-1252 -Duser.country=US -Duser.language=en -Duser.variant --module-path=D:\study\Sfour\POO\TP\build\libs\tp-1.0-SNAPSHOT.jar;D:\study\Sfour\POO\TP\build\classes\java\main;C:\Users\pc\.gradle\caches\modules-2\files-2.1\org.openjfx\javafx-fxml\17.0.1\3c4928d8de8e84617b28d370ac1115a1a2267c68\javafx-fxml-17.0.1-win.jar;C:\Users\pc\.gradle\caches\modules-2\files-2.1\org.openjfx\javafx-controls\17.0.1\dd2e517c9638c07325836d17557a365b484fd6c7\javafx-controls-17.0.1-win.jar;C:\Users\pc\.gradle\caches\modules-2\files-2.1\org.openjfx\javafx-controls\17.0.1\4aa202089425f7b3bac4566e98da4b94ad10ee00\javafx-controls-17.0.1.jar;C:\Users\pc\.gradle\caches\modules-2\files-2.1\org.openjfx\javafx-graphics\17.0.1\5e29de2d1e6320c2c8c4af9fef186d82f3953155\javafx-graphics-17.0.1-win.jar;C:\Users\pc\.gradle\caches\modules-2\files-2.1\org.openjfx\javafx-graphics\17.0.1\324fd0f6c9c55330fc64a44dde0887d9646e800a\javafx-graphics-17.0.1.jar;C:\Users\pc\.gradle\caches\modules-2\files-2.1\org.openjfx\javafx-base\17.0.1\174ca1357249f26d154583886cda6f20ba1b7887\javafx-base-17.0.1-win.jar;C:\Users\pc\.gradle\caches\modules-2\files-2.1\org.openjfx\javafx-base\17.0.1\2c53dcf0d89ff42a63b09d941cab75c5a052ef32\javafx-base-17.0.1.jar -Djdk.module.main=com.company.tp 
java_command: com.company.tp/com.company.tp.HelloApplication
java_class_path (initial): D:\study\Sfour\POO\TP\build\resources\main
Launcher Type: SUN_STANDARD

[Global flags]
     intx CICompilerCount                          = 3                                         {product} {ergonomic}
     uint ConcGCThreads                            = 1                                         {product} {ergonomic}
     uint G1ConcRefinementThreads                  = 4                                         {product} {ergonomic}
   size_t G1HeapRegionSize                         = 2097152                                   {product} {ergonomic}
    uintx GCDrainStackTargetSize                   = 64                                        {product} {ergonomic}
   size_t InitialHeapSize                          = 201326592                                 {product} {ergonomic}
   size_t MarkStackSize                            = 4194304                                   {product} {ergonomic}
   size_t MaxHeapSize                              = 3191865344                                {product} {ergonomic}
   size_t MaxNewSize                               = 1914699776                                {product} {ergonomic}
   size_t MinHeapDeltaBytes                        = 2097152                                   {product} {ergonomic}
   size_t MinHeapSize                              = 8388608                                   {product} {ergonomic}
    uintx NonNMethodCodeHeapSize                   = 5832780                                {pd product} {ergonomic}
    uintx NonProfiledCodeHeapSize                  = 122912730                              {pd product} {ergonomic}
    uintx ProfiledCodeHeapSize                     = 122912730                              {pd product} {ergonomic}
    uintx ReservedCodeCacheSize                    = 251658240                              {pd product} {ergonomic}
     bool SegmentedCodeCache                       = true                                      {product} {ergonomic}
   size_t SoftMaxHeapSize                          = 3191865344                             {manageable} {ergonomic}
     bool UseCompressedClassPointers               = true                           {product lp64_product} {ergonomic}
     bool UseCompressedOops                        = true                           {product lp64_product} {ergonomic}
     bool UseG1GC                                  = true                                      {product} {ergonomic}
     bool UseLargePagesIndividualAllocation        = false                                  {pd product} {ergonomic}

Logging:
Log output configuration:
 #0: stdout all=warning uptime,level,tags
 #1: stderr all=off uptime,level,tags

Environment Variables:
PATH=C:\Program Files\Common Files\Oracle\Java\javapath;C:\Python310\Scripts\;C:\Python310\;C:\texlive\2000\bin\win32;C:\Program Files (x86)\Common Files\Intel\Shared Libraries\redist\intel64\compiler;C:\Program Files (x86)\Common Files\Oracle\Java\javapath;C:\Windows\system32;C:\Windows;C:\Windows\System32\Wbem;C:\Windows\System32\WindowsPowerShell\v1.0\;C:\Windows\System32\OpenSSH\;C:\MinGW\bin;C:\Program Files\Vim\vim82;C:\tools\nvim-win64\Neovim\bin;C:\Program Files (x86)\Vim\vim82;C:\Program Files\Git\cmd;C:\Program Files\PuTTY\;C:\Program Files\Graphviz\bin;C:\Program Files\nodejs\;C:\ProgramData\chocolatey\bin;C:\Program Files (x86)\NoteBook FanControl\;C:\Program Files (x86)\Common Files\Oracle\Java\javapath;C:\Windows\system32;C:\Windows;C:\Windows\System32\Wbem;C:\Windows\System32\WindowsPowerShell\v1.0\;C:\Windows\System32\OpenSSH\;C:\Users\pc\AppData\Local\Microsoft\WindowsApps;C:\adb\;C:\Users\pc\AppData\Local\hyper\app-3.0.2\resources\bin;C:\Users\pc\AppData\Local\Programs\Microsoft VS Code\bin;C:\Users\pc\AppData\Local\JpegminiPro3\;C:\Users\pc\AppData\Local\GitHubDesktop\bin;C:\ProgramData\pc\GitHubDesktop\bin;C:\src\flutter\bin;C:\Users\pc\AppData\Local\Android\Sdk\tools;C:\Users\pc\AppData\Local\Android\Sdk\platform-tools;C:\Users\pc\AppData\Roaming\npm;C:\Program Files\JetBrains\IntelliJ IDEA Community Edition 2021.3.2\bin;
USERNAME=pc
OS=Windows_NT
PROCESSOR_IDENTIFIER=Intel64 Family 6 Model 142 Stepping 9, GenuineIntel



---------------  S Y S T E M  ---------------

OS:
 Windows 10 , 64 bit Build 17763 (10.0.17763.2803)
OS uptime: 1 days 22:34 hours

CPU: total 4 (initial active 4) (2 cores per cpu, 2 threads per core) family 6 model 142 stepping 9 microcode 0xde, cx8, cmov, fxsr, ht, mmx, 3dnowpref, sse, sse2, sse3, ssse3, sse4.1, sse4.2, popcnt, lzcnt, tsc, tscinvbit, avx, avx2, aes, erms, clmul, bmi1, bmi2, adx, fma, vzeroupper, clflush, clflushopt

Memory: 4k page, system-wide physical 12169M (1087M free)
TotalPageFile size 12169M (AvailPageFile size 2M)
current process WorkingSet (physical memory assigned to process): 37M, peak: 37M
current process commit charge ("private bytes"): 266M, peak: 266M

vm_info: Java HotSpot(TM) 64-Bit Server VM (17.0.2+8-LTS-86) for windows-amd64 JRE (17.0.2+8-LTS-86), built on Dec  7 2021 21:51:03 by "mach5one" with MS VC++ 16.8 / 16.9 (VS2019)

END.
