#
# There is insufficient memory for the Java Runtime Environment to continue.
# Native memory allocation (malloc) failed to allocate 235536 bytes for Chunk::new
# Possible reasons:
#   The system is out of physical RAM or swap space
#   The process is running with CompressedOops enabled, and the Java Heap may be blocking the growth of the native heap
# Possible solutions:
#   Reduce memory load on the system
#   Increase physical memory or swap space
#   Check if swap backing store is full
#   Decrease Java heap size (-Xmx/-Xms)
#   Decrease number of Java threads
#   Decrease Java thread stack sizes (-Xss)
#   Set larger code cache with -XX:ReservedCodeCacheSize=
#   JVM is running with Zero Based Compressed Oops mode in which the Java heap is
#     placed in the first 32GB address space. The Java Heap base address is the
#     maximum limit for the native heap growth. Please use -XX:HeapBaseMinAddress
#     to set the Java Heap base and to place the Java Heap above 32GB virtual address.
# This output file may be truncated or incomplete.
#
#  Out of Memory Error (arena.cpp:189), pid=10756, tid=11172
#
# JRE version: Java(TM) SE Runtime Environment (17.0.2+8) (build 17.0.2+8-LTS-86)
# Java VM: Java HotSpot(TM) 64-Bit Server VM (17.0.2+8-LTS-86, mixed mode, sharing, tiered, compressed oops, compressed class ptrs, g1 gc, windows-amd64)
# No core dump will be written. Minidumps are not enabled by default on client versions of Windows
#

---------------  S U M M A R Y ------------

Command Line: -Dfile.encoding=windows-1252 -Duser.country=US -Duser.language=en -Duser.variant --module-path=D:\study\Sfour\POO\TP\build\libs\tp-1.0-SNAPSHOT.jar;D:\study\Sfour\POO\TP\build\classes\java\main;C:\Users\pc\.gradle\caches\modules-2\files-2.1\org.openjfx\javafx-fxml\17.0.1\3c4928d8de8e84617b28d370ac1115a1a2267c68\javafx-fxml-17.0.1-win.jar;C:\Users\pc\.gradle\caches\modules-2\files-2.1\org.openjfx\javafx-controls\17.0.1\dd2e517c9638c07325836d17557a365b484fd6c7\javafx-controls-17.0.1-win.jar;C:\Users\pc\.gradle\caches\modules-2\files-2.1\org.openjfx\javafx-controls\17.0.1\4aa202089425f7b3bac4566e98da4b94ad10ee00\javafx-controls-17.0.1.jar;C:\Users\pc\.gradle\caches\modules-2\files-2.1\org.openjfx\javafx-graphics\17.0.1\5e29de2d1e6320c2c8c4af9fef186d82f3953155\javafx-graphics-17.0.1-win.jar;C:\Users\pc\.gradle\caches\modules-2\files-2.1\org.openjfx\javafx-graphics\17.0.1\324fd0f6c9c55330fc64a44dde0887d9646e800a\javafx-graphics-17.0.1.jar;C:\Users\pc\.gradle\caches\modules-2\files-2.1\org.openjfx\javafx-base\17.0.1\174ca1357249f26d154583886cda6f20ba1b7887\javafx-base-17.0.1-win.jar;C:\Users\pc\.gradle\caches\modules-2\files-2.1\org.openjfx\javafx-base\17.0.1\2c53dcf0d89ff42a63b09d941cab75c5a052ef32\javafx-base-17.0.1.jar -Djdk.module.main=com.company.tp com.company.tp/com.company.tp.HelloApplication

Host: Intel(R) Core(TM) i7-7500U CPU @ 2.70GHz, 4 cores, 11G,  Windows 10 , 64 bit Build 17763 (10.0.17763.2803)
Time: Wed May 11 06:01:52 2022 W. Central Africa Standard Time elapsed time: 0.791336 seconds (0d 0h 0m 0s)

---------------  T H R E A D  ---------------

Current thread (0x0000022a620a0e70):  JavaThread "C2 CompilerThread0" daemon [_thread_in_native, id=11172, stack(0x0000002c22800000,0x0000002c22900000)]


Current CompileTask:
C2:    791 1112       4       jdk.internal.org.objectweb.asm.SymbolTable::addConstantUtf8 (98 bytes)

Stack: [0x0000002c22800000,0x0000002c22900000]
Native frames: (J=compiled Java code, j=interpreted, Vv=VM code, C=native code)
V  [jvm.dll+0x670baa]
V  [jvm.dll+0x7cfcb4]
V  [jvm.dll+0x7d145e]
V  [jvm.dll+0x7d1ac3]
V  [jvm.dll+0x242bc5]
V  [jvm.dll+0xaa57b]
V  [jvm.dll+0xaab0c]
V  [jvm.dll+0x35fcb2]
V  [jvm.dll+0x32a331]
V  [jvm.dll+0x3297da]
V  [jvm.dll+0x215c91]
V  [jvm.dll+0x2150b1]
V  [jvm.dll+0x1a1bbd]
V  [jvm.dll+0x224908]
V  [jvm.dll+0x222a6c]
V  [jvm.dll+0x7859bb]
V  [jvm.dll+0x77ff7a]
V  [jvm.dll+0x66fa35]
C  [ucrtbase.dll+0x2268a]
C  [KERNEL32.DLL+0x17974]
C  [ntdll.dll+0x5a2f1]


---------------  P R O C E S S  ---------------

Threads class SMR info:
_java_thread_list=0x0000022a6362eaa0, length=18, elements={
0x0000022a402f67f0, 0x0000022a620800d0, 0x0000022a62081b00, 0x0000022a62094860,
0x0000022a62096420, 0x0000022a62099aa0, 0x0000022a6209f520, 0x0000022a620a0e70,
0x0000022a620a2ce0, 0x0000022a620a62a0, 0x0000022a403b8720, 0x0000022a62cad840,
0x0000022a62eb7ab0, 0x0000022a63220180, 0x0000022a634a5bb0, 0x0000022a634a6bf0,
0x0000022a6362fa20, 0x0000022a63665ef0
}

Java Threads: ( => current thread )
  0x0000022a402f67f0 JavaThread "main" [_thread_blocked, id=16800, stack(0x0000002c21b00000,0x0000002c21c00000)]
  0x0000022a620800d0 JavaThread "Reference Handler" daemon [_thread_blocked, id=1772, stack(0x0000002c22200000,0x0000002c22300000)]
  0x0000022a62081b00 JavaThread "Finalizer" daemon [_thread_blocked, id=9204, stack(0x0000002c22300000,0x0000002c22400000)]
  0x0000022a62094860 JavaThread "Signal Dispatcher" daemon [_thread_blocked, id=4660, stack(0x0000002c22400000,0x0000002c22500000)]
  0x0000022a62096420 JavaThread "Attach Listener" daemon [_thread_blocked, id=10948, stack(0x0000002c22500000,0x0000002c22600000)]
  0x0000022a62099aa0 JavaThread "Service Thread" daemon [_thread_blocked, id=10440, stack(0x0000002c22600000,0x0000002c22700000)]
  0x0000022a6209f520 JavaThread "Monitor Deflation Thread" daemon [_thread_blocked, id=3496, stack(0x0000002c22700000,0x0000002c22800000)]
=>0x0000022a620a0e70 JavaThread "C2 CompilerThread0" daemon [_thread_in_native, id=11172, stack(0x0000002c22800000,0x0000002c22900000)]
  0x0000022a620a2ce0 JavaThread "C1 CompilerThread0" daemon [_thread_blocked, id=10684, stack(0x0000002c22900000,0x0000002c22a00000)]
  0x0000022a620a62a0 JavaThread "Sweeper thread" daemon [_thread_blocked, id=14384, stack(0x0000002c22a00000,0x0000002c22b00000)]
  0x0000022a403b8720 JavaThread "Common-Cleaner" daemon [_thread_blocked, id=16412, stack(0x0000002c22b00000,0x0000002c22c00000)]
  0x0000022a62cad840 JavaThread "C2 CompilerThread1" daemon [_thread_blocked, id=1804, stack(0x0000002c22c00000,0x0000002c22d00000)]
  0x0000022a62eb7ab0 JavaThread "Notification Thread" daemon [_thread_blocked, id=14600, stack(0x0000002c22d00000,0x0000002c22e00000)]
  0x0000022a63220180 JavaThread "QuantumRenderer-0" daemon [_thread_blocked, id=15404, stack(0x0000002c23200000,0x0000002c23300000)]
  0x0000022a634a5bb0 JavaThread "InvokeLaterDispatcher" daemon [_thread_blocked, id=15580, stack(0x0000002c23300000,0x0000002c23400000)]
  0x0000022a634a6bf0 JavaThread "JavaFX Application Thread" [_thread_in_vm, id=16460, stack(0x0000002c23400000,0x0000002c23500000)]
  0x0000022a6362fa20 JavaThread "JavaFX-Launcher" [_thread_blocked, id=7952, stack(0x0000002c23900000,0x0000002c23a00000)]
  0x0000022a63665ef0 JavaThread "Thread-2" daemon [_thread_in_native, id=9644, stack(0x0000002c23800000,0x0000002c23900000)]

Other Threads:
  0x0000022a6207b030 VMThread "VM Thread" [stack: 0x0000002c22100000,0x0000002c22200000] [id=16008]
  0x0000022a401eafb0 WatcherThread [stack: 0x0000002c22e00000,0x0000002c22f00000] [id=11560]
  0x0000022a40334420 GCTaskThread "GC Thread#0" [stack: 0x0000002c21c00000,0x0000002c21d00000] [id=10516]
  0x0000022a6313a530 GCTaskThread "GC Thread#1" [stack: 0x0000002c22f00000,0x0000002c23000000] [id=15068]
  0x0000022a631ecb20 GCTaskThread "GC Thread#2" [stack: 0x0000002c23000000,0x0000002c23100000] [id=10608]
  0x0000022a631ecdd0 GCTaskThread "GC Thread#3" [stack: 0x0000002c23100000,0x0000002c23200000] [id=13048]
  0x0000022a403421b0 ConcurrentGCThread "G1 Main Marker" [stack: 0x0000002c21d00000,0x0000002c21e00000] [id=16628]
  0x0000022a40344b90 ConcurrentGCThread "G1 Conc#0" [stack: 0x0000002c21e00000,0x0000002c21f00000] [id=15424]
  0x0000022a403a4b00 ConcurrentGCThread "G1 Refine#0" [stack: 0x0000002c21f00000,0x0000002c22000000] [id=2936]
  0x0000022a403a5520 ConcurrentGCThread "G1 Service" [stack: 0x0000002c22000000,0x0000002c22100000] [id=8688]

Threads with active compile tasks:
C2 CompilerThread0      829 1112       4       jdk.internal.org.objectweb.asm.SymbolTable::addConstantUtf8 (98 bytes)

VM state: not at safepoint (normal execution)

VM Mutex/Monitor currently owned by a thread: None

Heap address: 0x0000000741c00000, size: 3044 MB, Compressed Oops mode: Zero based, Oop shift amount: 3

CDS archive(s) mapped at: [0x0000000800000000-0x0000000800bc0000-0x0000000800bc0000), size 12320768, SharedBaseAddress: 0x0000000800000000, ArchiveRelocationMode: 0.
Compressed class space mapped at: 0x0000000800c00000-0x0000000840c00000, reserved size: 1073741824
Narrow klass base: 0x0000000800000000, Narrow klass shift: 0, Narrow klass range: 0x100000000

GC Precious Log:
 CPUs: 4 total, 4 available
 Memory: 12169M
 Large Page Support: Disabled
 NUMA Support: Disabled
 Compressed Oops: Enabled (Zero based)
 Heap Region Size: 2M
 Heap Min Capacity: 8M
 Heap Initial Capacity: 192M
 Heap Max Capacity: 3044M
 Pre-touch: Disabled
 Parallel Workers: 4
 Concurrent Workers: 1
 Concurrent Refinement Workers: 4
 Periodic GC: Disabled

Heap:
 garbage-first heap   total 196608K, used 5755K [0x0000000741c00000, 0x0000000800000000)
  region size 2048K, 4 young (8192K), 2 survivors (4096K)
 Metaspace       used 8289K, committed 8448K, reserved 1064960K
  class space    used 1091K, committed 1152K, reserved 1048576K

Heap Regions: E=young(eden), S=young(survivor), O=old, HS=humongous(starts), HC=humongous(continues), CS=collection set, F=free, OA=open archive, CA=closed archive, TAMS=top-at-mark-start (previous, next)
|   0|0x0000000741c00000, 0x0000000741c00000, 0x0000000741e00000|  0%| F|  |TAMS 0x0000000741c00000, 0x0000000741c00000| Untracked 
|   1|0x0000000741e00000, 0x0000000741e00000, 0x0000000742000000|  0%| F|  |TAMS 0x0000000741e00000, 0x0000000741e00000| Untracked 
|   2|0x0000000742000000, 0x0000000742000000, 0x0000000742200000|  0%| F|  |TAMS 0x0000000742000000, 0x0000000742000000| Untracked 
|   3|0x0000000742200000, 0x0000000742200000, 0x0000000742400000|  0%| F|  |TAMS 0x0000000742200000, 0x0000000742200000| Untracked 
|   4|0x0000000742400000, 0x0000000742400000, 0x0000000742600000|  0%| F|  |TAMS 0x0000000742400000, 0x0000000742400000| Untracked 
|   5|0x0000000742600000, 0x0000000742600000, 0x0000000742800000|  0%| F|  |TAMS 0x0000000742600000, 0x0000000742600000| Untracked 
|   6|0x0000000742800000, 0x0000000742800000, 0x0000000742a00000|  0%| F|  |TAMS 0x0000000742800000, 0x0000000742800000| Untracked 
|   7|0x0000000742a00000, 0x0000000742a00000, 0x0000000742c00000|  0%| F|  |TAMS 0x0000000742a00000, 0x0000000742a00000| Untracked 
|   8|0x0000000742c00000, 0x0000000742c00000, 0x0000000742e00000|  0%| F|  |TAMS 0x0000000742c00000, 0x0000000742c00000| Untracked 
|   9|0x0000000742e00000, 0x0000000742e00000, 0x0000000743000000|  0%| F|  |TAMS 0x0000000742e00000, 0x0000000742e00000| Untracked 
|  10|0x0000000743000000, 0x0000000743000000, 0x0000000743200000|  0%| F|  |TAMS 0x0000000743000000, 0x0000000743000000| Untracked 
|  11|0x0000000743200000, 0x0000000743200000, 0x0000000743400000|  0%| F|  |TAMS 0x0000000743200000, 0x0000000743200000| Untracked 
|  12|0x0000000743400000, 0x0000000743400000, 0x0000000743600000|  0%| F|  |TAMS 0x0000000743400000, 0x0000000743400000| Untracked 
|  13|0x0000000743600000, 0x0000000743600000, 0x0000000743800000|  0%| F|  |TAMS 0x0000000743600000, 0x0000000743600000| Untracked 
|  14|0x0000000743800000, 0x0000000743800000, 0x0000000743a00000|  0%| F|  |TAMS 0x0000000743800000, 0x0000000743800000| Untracked 
|  15|0x0000000743a00000, 0x0000000743a00000, 0x0000000743c00000|  0%| F|  |TAMS 0x0000000743a00000, 0x0000000743a00000| Untracked 
|  16|0x0000000743c00000, 0x0000000743c00000, 0x0000000743e00000|  0%| F|  |TAMS 0x0000000743c00000, 0x0000000743c00000| Untracked 
|  17|0x0000000743e00000, 0x0000000743e00000, 0x0000000744000000|  0%| F|  |TAMS 0x0000000743e00000, 0x0000000743e00000| Untracked 
|  18|0x0000000744000000, 0x0000000744000000, 0x0000000744200000|  0%| F|  |TAMS 0x0000000744000000, 0x0000000744000000| Untracked 
|  19|0x0000000744200000, 0x0000000744200000, 0x0000000744400000|  0%| F|  |TAMS 0x0000000744200000, 0x0000000744200000| Untracked 
|  20|0x0000000744400000, 0x0000000744400000, 0x0000000744600000|  0%| F|  |TAMS 0x0000000744400000, 0x0000000744400000| Untracked 
|  21|0x0000000744600000, 0x0000000744600000, 0x0000000744800000|  0%| F|  |TAMS 0x0000000744600000, 0x0000000744600000| Untracked 
|  22|0x0000000744800000, 0x0000000744800000, 0x0000000744a00000|  0%| F|  |TAMS 0x0000000744800000, 0x0000000744800000| Untracked 
|  23|0x0000000744a00000, 0x0000000744a00000, 0x0000000744c00000|  0%| F|  |TAMS 0x0000000744a00000, 0x0000000744a00000| Untracked 
|  24|0x0000000744c00000, 0x0000000744c00000, 0x0000000744e00000|  0%| F|  |TAMS 0x0000000744c00000, 0x0000000744c00000| Untracked 
|  25|0x0000000744e00000, 0x0000000744e00000, 0x0000000745000000|  0%| F|  |TAMS 0x0000000744e00000, 0x0000000744e00000| Untracked 
|  26|0x0000000745000000, 0x0000000745000000, 0x0000000745200000|  0%| F|  |TAMS 0x0000000745000000, 0x0000000745000000| Untracked 
|  27|0x0000000745200000, 0x0000000745200000, 0x0000000745400000|  0%| F|  |TAMS 0x0000000745200000, 0x0000000745200000| Untracked 
|  28|0x0000000745400000, 0x0000000745400000, 0x0000000745600000|  0%| F|  |TAMS 0x0000000745400000, 0x0000000745400000| Untracked 
|  29|0x0000000745600000, 0x0000000745600000, 0x0000000745800000|  0%| F|  |TAMS 0x0000000745600000, 0x0000000745600000| Untracked 
|  30|0x0000000745800000, 0x0000000745800000, 0x0000000745a00000|  0%| F|  |TAMS 0x0000000745800000, 0x0000000745800000| Untracked 
|  31|0x0000000745a00000, 0x0000000745a00000, 0x0000000745c00000|  0%| F|  |TAMS 0x0000000745a00000, 0x0000000745a00000| Untracked 
|  32|0x0000000745c00000, 0x0000000745c00000, 0x0000000745e00000|  0%| F|  |TAMS 0x0000000745c00000, 0x0000000745c00000| Untracked 
|  33|0x0000000745e00000, 0x0000000745e00000, 0x0000000746000000|  0%| F|  |TAMS 0x0000000745e00000, 0x0000000745e00000| Untracked 
|  34|0x0000000746000000, 0x0000000746000000, 0x0000000746200000|  0%| F|  |TAMS 0x0000000746000000, 0x0000000746000000| Untracked 
|  35|0x0000000746200000, 0x0000000746200000, 0x0000000746400000|  0%| F|  |TAMS 0x0000000746200000, 0x0000000746200000| Untracked 
|  36|0x0000000746400000, 0x0000000746400000, 0x0000000746600000|  0%| F|  |TAMS 0x0000000746400000, 0x0000000746400000| Untracked 
|  37|0x0000000746600000, 0x0000000746600000, 0x0000000746800000|  0%| F|  |TAMS 0x0000000746600000, 0x0000000746600000| Untracked 
|  38|0x0000000746800000, 0x0000000746800000, 0x0000000746a00000|  0%| F|  |TAMS 0x0000000746800000, 0x0000000746800000| Untracked 
|  39|0x0000000746a00000, 0x0000000746a00000, 0x0000000746c00000|  0%| F|  |TAMS 0x0000000746a00000, 0x0000000746a00000| Untracked 
|  40|0x0000000746c00000, 0x0000000746c00000, 0x0000000746e00000|  0%| F|  |TAMS 0x0000000746c00000, 0x0000000746c00000| Untracked 
|  41|0x0000000746e00000, 0x0000000746e00000, 0x0000000747000000|  0%| F|  |TAMS 0x0000000746e00000, 0x0000000746e00000| Untracked 
|  42|0x0000000747000000, 0x0000000747000000, 0x0000000747200000|  0%| F|  |TAMS 0x0000000747000000, 0x0000000747000000| Untracked 
|  43|0x0000000747200000, 0x0000000747200000, 0x0000000747400000|  0%| F|  |TAMS 0x0000000747200000, 0x0000000747200000| Untracked 
|  44|0x0000000747400000, 0x0000000747400000, 0x0000000747600000|  0%| F|  |TAMS 0x0000000747400000, 0x0000000747400000| Untracked 
|  45|0x0000000747600000, 0x0000000747600000, 0x0000000747800000|  0%| F|  |TAMS 0x0000000747600000, 0x0000000747600000| Untracked 
|  46|0x0000000747800000, 0x0000000747800000, 0x0000000747a00000|  0%| F|  |TAMS 0x0000000747800000, 0x0000000747800000| Untracked 
|  47|0x0000000747a00000, 0x0000000747a00000, 0x0000000747c00000|  0%| F|  |TAMS 0x0000000747a00000, 0x0000000747a00000| Untracked 
|  48|0x0000000747c00000, 0x0000000747c00000, 0x0000000747e00000|  0%| F|  |TAMS 0x0000000747c00000, 0x0000000747c00000| Untracked 
|  49|0x0000000747e00000, 0x0000000747e00000, 0x0000000748000000|  0%| F|  |TAMS 0x0000000747e00000, 0x0000000747e00000| Untracked 
|  50|0x0000000748000000, 0x0000000748000000, 0x0000000748200000|  0%| F|  |TAMS 0x0000000748000000, 0x0000000748000000| Untracked 
|  51|0x0000000748200000, 0x0000000748200000, 0x0000000748400000|  0%| F|  |TAMS 0x0000000748200000, 0x0000000748200000| Untracked 
|  52|0x0000000748400000, 0x0000000748400000, 0x0000000748600000|  0%| F|  |TAMS 0x0000000748400000, 0x0000000748400000| Untracked 
|  53|0x0000000748600000, 0x0000000748600000, 0x0000000748800000|  0%| F|  |TAMS 0x0000000748600000, 0x0000000748600000| Untracked 
|  54|0x0000000748800000, 0x0000000748800000, 0x0000000748a00000|  0%| F|  |TAMS 0x0000000748800000, 0x0000000748800000| Untracked 
|  55|0x0000000748a00000, 0x0000000748a00000, 0x0000000748c00000|  0%| F|  |TAMS 0x0000000748a00000, 0x0000000748a00000| Untracked 
|  56|0x0000000748c00000, 0x0000000748c00000, 0x0000000748e00000|  0%| F|  |TAMS 0x0000000748c00000, 0x0000000748c00000| Untracked 
|  57|0x0000000748e00000, 0x0000000748e00000, 0x0000000749000000|  0%| F|  |TAMS 0x0000000748e00000, 0x0000000748e00000| Untracked 
|  58|0x0000000749000000, 0x0000000749000000, 0x0000000749200000|  0%| F|  |TAMS 0x0000000749000000, 0x0000000749000000| Untracked 
|  59|0x0000000749200000, 0x0000000749200000, 0x0000000749400000|  0%| F|  |TAMS 0x0000000749200000, 0x0000000749200000| Untracked 
|  60|0x0000000749400000, 0x0000000749400000, 0x0000000749600000|  0%| F|  |TAMS 0x0000000749400000, 0x0000000749400000| Untracked 
|  61|0x0000000749600000, 0x0000000749600000, 0x0000000749800000|  0%| F|  |TAMS 0x0000000749600000, 0x0000000749600000| Untracked 
|  62|0x0000000749800000, 0x0000000749800000, 0x0000000749a00000|  0%| F|  |TAMS 0x0000000749800000, 0x0000000749800000| Untracked 
|  63|0x0000000749a00000, 0x0000000749a00000, 0x0000000749c00000|  0%| F|  |TAMS 0x0000000749a00000, 0x0000000749a00000| Untracked 
|  64|0x0000000749c00000, 0x0000000749c00000, 0x0000000749e00000|  0%| F|  |TAMS 0x0000000749c00000, 0x0000000749c00000| Untracked 
|  65|0x0000000749e00000, 0x0000000749e00000, 0x000000074a000000|  0%| F|  |TAMS 0x0000000749e00000, 0x0000000749e00000| Untracked 
|  66|0x000000074a000000, 0x000000074a000000, 0x000000074a200000|  0%| F|  |TAMS 0x000000074a000000, 0x000000074a000000| Untracked 
|  67|0x000000074a200000, 0x000000074a200000, 0x000000074a400000|  0%| F|  |TAMS 0x000000074a200000, 0x000000074a200000| Untracked 
|  68|0x000000074a400000, 0x000000074a400000, 0x000000074a600000|  0%| F|  |TAMS 0x000000074a400000, 0x000000074a400000| Untracked 
|  69|0x000000074a600000, 0x000000074a600000, 0x000000074a800000|  0%| F|  |TAMS 0x000000074a600000, 0x000000074a600000| Untracked 
|  70|0x000000074a800000, 0x000000074a800000, 0x000000074aa00000|  0%| F|  |TAMS 0x000000074a800000, 0x000000074a800000| Untracked 
|  71|0x000000074aa00000, 0x000000074aa00000, 0x000000074ac00000|  0%| F|  |TAMS 0x000000074aa00000, 0x000000074aa00000| Untracked 
|  72|0x000000074ac00000, 0x000000074ac00000, 0x000000074ae00000|  0%| F|  |TAMS 0x000000074ac00000, 0x000000074ac00000| Untracked 
|  73|0x000000074ae00000, 0x000000074ae00000, 0x000000074b000000|  0%| F|  |TAMS 0x000000074ae00000, 0x000000074ae00000| Untracked 
|  74|0x000000074b000000, 0x000000074b000000, 0x000000074b200000|  0%| F|  |TAMS 0x000000074b000000, 0x000000074b000000| Untracked 
|  75|0x000000074b200000, 0x000000074b200000, 0x000000074b400000|  0%| F|  |TAMS 0x000000074b200000, 0x000000074b200000| Untracked 
|  76|0x000000074b400000, 0x000000074b400000, 0x000000074b600000|  0%| F|  |TAMS 0x000000074b400000, 0x000000074b400000| Untracked 
|  77|0x000000074b600000, 0x000000074b600000, 0x000000074b800000|  0%| F|  |TAMS 0x000000074b600000, 0x000000074b600000| Untracked 
|  78|0x000000074b800000, 0x000000074b800000, 0x000000074ba00000|  0%| F|  |TAMS 0x000000074b800000, 0x000000074b800000| Untracked 
|  79|0x000000074ba00000, 0x000000074ba00000, 0x000000074bc00000|  0%| F|  |TAMS 0x000000074ba00000, 0x000000074ba00000| Untracked 
|  80|0x000000074bc00000, 0x000000074bc00000, 0x000000074be00000|  0%| F|  |TAMS 0x000000074bc00000, 0x000000074bc00000| Untracked 
|  81|0x000000074be00000, 0x000000074be00000, 0x000000074c000000|  0%| F|  |TAMS 0x000000074be00000, 0x000000074be00000| Untracked 
|  82|0x000000074c000000, 0x000000074c000000, 0x000000074c200000|  0%| F|  |TAMS 0x000000074c000000, 0x000000074c000000| Untracked 
|  83|0x000000074c200000, 0x000000074c200000, 0x000000074c400000|  0%| F|  |TAMS 0x000000074c200000, 0x000000074c200000| Untracked 
|  84|0x000000074c400000, 0x000000074c400000, 0x000000074c600000|  0%| F|  |TAMS 0x000000074c400000, 0x000000074c400000| Untracked 
|  85|0x000000074c600000, 0x000000074c79edf8, 0x000000074c800000| 81%| S|CS|TAMS 0x000000074c600000, 0x000000074c600000| Complete 
|  86|0x000000074c800000, 0x000000074ca00000, 0x000000074ca00000|100%| S|CS|TAMS 0x000000074c800000, 0x000000074c800000| Complete 
|  87|0x000000074ca00000, 0x000000074ca00000, 0x000000074cc00000|  0%| F|  |TAMS 0x000000074ca00000, 0x000000074ca00000| Untracked 
|  88|0x000000074cc00000, 0x000000074cc00000, 0x000000074ce00000|  0%| F|  |TAMS 0x000000074cc00000, 0x000000074cc00000| Untracked 
|  89|0x000000074ce00000, 0x000000074ce00000, 0x000000074d000000|  0%| F|  |TAMS 0x000000074ce00000, 0x000000074ce00000| Untracked 
|  90|0x000000074d000000, 0x000000074d000000, 0x000000074d200000|  0%| F|  |TAMS 0x000000074d000000, 0x000000074d000000| Untracked 
|  91|0x000000074d200000, 0x000000074d200000, 0x000000074d400000|  0%| F|  |TAMS 0x000000074d200000, 0x000000074d200000| Untracked 
|  92|0x000000074d400000, 0x000000074d400000, 0x000000074d600000|  0%| F|  |TAMS 0x000000074d400000, 0x000000074d400000| Untracked 
|  93|0x000000074d600000, 0x000000074d700800, 0x000000074d800000| 50%| E|  |TAMS 0x000000074d600000, 0x000000074d600000| Complete 
|  94|0x000000074d800000, 0x000000074da00000, 0x000000074da00000|100%| E|CS|TAMS 0x000000074d800000, 0x000000074d800000| Complete 
|  95|0x000000074da00000, 0x000000074dc00000, 0x000000074dc00000|100%| E|CS|TAMS 0x000000074da00000, 0x000000074da00000| Complete 

Card table byte_map: [0x0000022a58f70000,0x0000022a59570000] _byte_map_base: 0x0000022a55562000

Marking Bits (Prev, Next): (CMBitMap*) 0x0000022a40335a40, (CMBitMap*) 0x0000022a40335a80
 Prev Bits: [0x0000022a59b70000, 0x0000022a5cb00000)
 Next Bits: [0x0000022a5cb00000, 0x0000022a5fa90000)

Polling page: 0x0000022a403c0000

Metaspace:

Usage:
  Non-class:      7.10 MB used.
      Class:      1.08 MB used.
       Both:      8.19 MB used.

Virtual space:
  Non-class space:       16.00 MB reserved,       7.19 MB ( 45%) committed,  2 nodes.
      Class space:        1.00 GB reserved,       1.13 MB ( <1%) committed,  1 nodes.
             Both:        1.02 GB reserved,       8.31 MB ( <1%) committed. 

Chunk freelists:
   Non-Class:  3.78 MB
       Class:  2.69 MB
        Both:  6.47 MB

MaxMetaspaceSize: unlimited
CompressedClassSpaceSize: 1.00 GB
Initial GC threshold: 21.00 MB
Current GC threshold: 21.00 MB
CDS: on
MetaspaceReclaimPolicy: balanced
 - commit_granule_bytes: 65536.
 - commit_granule_words: 8192.
 - virtual_space_node_default_size: 1048576.
 - enlarge_chunks_in_place: 1.
 - new_chunks_are_fully_committed: 0.
 - uncommit_free_chunks: 1.
 - use_allocation_guard: 0.
 - handle_deallocations: 1.


Internal statistics:

num_allocs_failed_limit: 0.
num_arena_births: 138.
num_arena_deaths: 0.
num_vsnodes_births: 3.
num_vsnodes_deaths: 0.
num_space_committed: 133.
num_space_uncommitted: 0.
num_chunks_returned_to_freelist: 0.
num_chunks_taken_from_freelist: 359.
num_chunk_merges: 0.
num_chunk_splits: 252.
num_chunks_enlarged: 196.
num_purges: 0.
num_inconsistent_stats: 0.

CodeHeap 'non-profiled nmethods': size=120000Kb used=400Kb max_used=400Kb free=119599Kb
 bounds [0x0000022a50e20000, 0x0000022a51090000, 0x0000022a58350000]
CodeHeap 'profiled nmethods': size=120000Kb used=1988Kb max_used=1988Kb free=118011Kb
 bounds [0x0000022a498f0000, 0x0000022a49b60000, 0x0000022a50e20000]
CodeHeap 'non-nmethods': size=5760Kb used=1249Kb max_used=1266Kb free=4511Kb
 bounds [0x0000022a49350000, 0x0000022a495c0000, 0x0000022a498f0000]
 total_blobs=1755 nmethods=1189 adapters=479
 compilation: enabled
              stopped_count=0, restarted_count=0
 full_count=0

Compilation events (20 events):
Event: 0.765 Thread 0x0000022a620a2ce0 nmethod 1108 0x0000022a49ab2210 code [0x0000022a49ab23a0, 0x0000022a49ab2518]
Event: 0.772 Thread 0x0000022a620a0e70 1109       4       java.util.Objects::equals (23 bytes)
Event: 0.773 Thread 0x0000022a620a2ce0 1110       3       java.lang.invoke.DirectMethodHandle::make (275 bytes)
Event: 0.773 Thread 0x0000022a620a0e70 nmethod 1109 0x0000022a50e7e790 code [0x0000022a50e7e900, 0x0000022a50e7e998]
Event: 0.773 Thread 0x0000022a620a0e70 1112       4       jdk.internal.org.objectweb.asm.SymbolTable::addConstantUtf8 (98 bytes)
Event: 0.774 Thread 0x0000022a620a2ce0 nmethod 1110 0x0000022a49ab2590 code [0x0000022a49ab2920, 0x0000022a49ab3db8]
Event: 0.774 Thread 0x0000022a620a2ce0 1111       3       java.lang.invoke.MemberName::isField (8 bytes)
Event: 0.774 Thread 0x0000022a620a2ce0 nmethod 1111 0x0000022a49ab4610 code [0x0000022a49ab47c0, 0x0000022a49ab49f8]
Event: 0.778 Thread 0x0000022a620a2ce0 1113       3       java.lang.Integer::stringSize (47 bytes)
Event: 0.779 Thread 0x0000022a620a2ce0 nmethod 1113 0x0000022a49ab4b10 code [0x0000022a49ab4cc0, 0x0000022a49ab4f18]
Event: 0.779 Thread 0x0000022a620a2ce0 1114       3       java.lang.Integer::getChars (131 bytes)
Event: 0.779 Thread 0x0000022a620a2ce0 nmethod 1114 0x0000022a49ab5010 code [0x0000022a49ab51e0, 0x0000022a49ab5618]
Event: 0.782 Thread 0x0000022a620a2ce0 1115       3       java.io.FileSystem::hasBooleanAttributes (17 bytes)
Event: 0.782 Thread 0x0000022a620a2ce0 nmethod 1115 0x0000022a49ab5890 code [0x0000022a49ab5a40, 0x0000022a49ab5be8]
Event: 0.785 Thread 0x0000022a62cad840 1117   !   4       java.util.zip.Inflater::inflate (418 bytes)
Event: 0.786 Thread 0x0000022a620a2ce0 1118       1       java.lang.Module::getName (5 bytes)
Event: 0.786 Thread 0x0000022a620a2ce0 nmethod 1118 0x0000022a50e7ee90 code [0x0000022a50e7f020, 0x0000022a50e7f0f8]
Event: 0.787 Thread 0x0000022a620a2ce0 1119       3       java.io.WinNTFileSystem::normalize (224 bytes)
Event: 0.789 Thread 0x0000022a620a2ce0 nmethod 1119 0x0000022a49ab5c90 code [0x0000022a49ab6080, 0x0000022a49ab7c18]
Event: 0.789 Thread 0x0000022a620a2ce0 1120       3       sun.nio.fs.WindowsPathParser::nextNonSlash (24 bytes)

GC Heap History (4 events):
Event: 0.441 GC heap before
{Heap before GC invocations=0 (full 0):
 garbage-first heap   total 196608K, used 12288K [0x0000000741c00000, 0x0000000800000000)
  region size 2048K, 6 young (12288K), 0 survivors (0K)
 Metaspace       used 2229K, committed 2432K, reserved 1056768K
  class space    used 239K, committed 320K, reserved 1048576K
}
Event: 0.443 GC heap after
{Heap after GC invocations=1 (full 0):
 garbage-first heap   total 196608K, used 1710K [0x0000000741c00000, 0x0000000800000000)
  region size 2048K, 1 young (2048K), 1 survivors (2048K)
 Metaspace       used 2229K, committed 2432K, reserved 1056768K
  class space    used 239K, committed 320K, reserved 1048576K
}
Event: 0.752 GC heap before
{Heap before GC invocations=1 (full 0):
 garbage-first heap   total 196608K, used 16046K [0x0000000741c00000, 0x0000000800000000)
  region size 2048K, 9 young (18432K), 1 survivors (2048K)
 Metaspace       used 7666K, committed 7872K, reserved 1056768K
  class space    used 1016K, committed 1088K, reserved 1048576K
}
Event: 0.756 GC heap after
{Heap after GC invocations=2 (full 0):
 garbage-first heap   total 196608K, used 3707K [0x0000000741c00000, 0x0000000800000000)
  region size 2048K, 2 young (4096K), 2 survivors (4096K)
 Metaspace       used 7666K, committed 7872K, reserved 1056768K
  class space    used 1016K, committed 1088K, reserved 1048576K
}

Deoptimization events (20 events):
Event: 0.716 Thread 0x0000022a634a6bf0 Uncommon trap: trap_request=0xffffffc6 fr.pc=0x0000022a50e76ba4 relative=0x00000000000005c4
Event: 0.716 Thread 0x0000022a634a6bf0 Uncommon trap: reason=bimorphic_or_optimized_type_check action=maybe_recompile pc=0x0000022a50e76ba4 method=java.util.concurrent.ConcurrentHashMap.get(Ljava/lang/Object;)Ljava/lang/Object; @ 149 c2
Event: 0.716 Thread 0x0000022a634a6bf0 DEOPT PACKING pc=0x0000022a50e76ba4 sp=0x0000002c234fd450
Event: 0.716 Thread 0x0000022a634a6bf0 DEOPT UNPACKING pc=0x0000022a493a23a3 sp=0x0000002c234fd3f0 mode 2
Event: 0.716 Thread 0x0000022a634a6bf0 Uncommon trap: trap_request=0xffffffc6 fr.pc=0x0000022a50e76ba4 relative=0x00000000000005c4
Event: 0.716 Thread 0x0000022a634a6bf0 Uncommon trap: reason=bimorphic_or_optimized_type_check action=maybe_recompile pc=0x0000022a50e76ba4 method=java.util.concurrent.ConcurrentHashMap.get(Ljava/lang/Object;)Ljava/lang/Object; @ 149 c2
Event: 0.716 Thread 0x0000022a634a6bf0 DEOPT PACKING pc=0x0000022a50e76ba4 sp=0x0000002c234fd450
Event: 0.716 Thread 0x0000022a634a6bf0 DEOPT UNPACKING pc=0x0000022a493a23a3 sp=0x0000002c234fd3f0 mode 2
Event: 0.716 Thread 0x0000022a634a6bf0 Uncommon trap: trap_request=0xffffffc6 fr.pc=0x0000022a50e76ba4 relative=0x00000000000005c4
Event: 0.716 Thread 0x0000022a634a6bf0 Uncommon trap: reason=bimorphic_or_optimized_type_check action=maybe_recompile pc=0x0000022a50e76ba4 method=java.util.concurrent.ConcurrentHashMap.get(Ljava/lang/Object;)Ljava/lang/Object; @ 149 c2
Event: 0.716 Thread 0x0000022a634a6bf0 DEOPT PACKING pc=0x0000022a50e76ba4 sp=0x0000002c234fd450
Event: 0.716 Thread 0x0000022a634a6bf0 DEOPT UNPACKING pc=0x0000022a493a23a3 sp=0x0000002c234fd3f0 mode 2
Event: 0.716 Thread 0x0000022a634a6bf0 Uncommon trap: trap_request=0xffffffc6 fr.pc=0x0000022a50e76ba4 relative=0x00000000000005c4
Event: 0.716 Thread 0x0000022a634a6bf0 Uncommon trap: reason=bimorphic_or_optimized_type_check action=maybe_recompile pc=0x0000022a50e76ba4 method=java.util.concurrent.ConcurrentHashMap.get(Ljava/lang/Object;)Ljava/lang/Object; @ 149 c2
Event: 0.716 Thread 0x0000022a634a6bf0 DEOPT PACKING pc=0x0000022a50e76ba4 sp=0x0000002c234fd450
Event: 0.716 Thread 0x0000022a634a6bf0 DEOPT UNPACKING pc=0x0000022a493a23a3 sp=0x0000002c234fd3f0 mode 2
Event: 0.746 Thread 0x0000022a634a6bf0 Uncommon trap: trap_request=0xffffff45 fr.pc=0x0000022a50e37538 relative=0x0000000000000038
Event: 0.746 Thread 0x0000022a634a6bf0 Uncommon trap: reason=unstable_if action=reinterpret pc=0x0000022a50e37538 method=java.lang.StringLatin1.canEncode(I)Z @ 4 c2
Event: 0.746 Thread 0x0000022a634a6bf0 DEOPT PACKING pc=0x0000022a50e37538 sp=0x0000002c234fb6d0
Event: 0.746 Thread 0x0000022a634a6bf0 DEOPT UNPACKING pc=0x0000022a493a23a3 sp=0x0000002c234fb660 mode 2

Classes unloaded (0 events):
No events

Classes redefined (0 events):
No events

Internal exceptions (17 events):
Event: 0.079 Thread 0x0000022a402f67f0 Exception <a 'java/lang/NoSuchMethodError'{0x000000074db47558}: 'void java.lang.invoke.DirectMethodHandle$Holder.invokeVirtual(java.lang.Object, java.lang.Object)'> (0x000000074db47558) 
thrown [t:\workspace\open\src\hotspot\share\interpreter\linkResolver.cpp, line 766]
Event: 0.167 Thread 0x0000022a402f67f0 Exception <a 'java/lang/NoSuchMethodError'{0x000000074d496b30}: 'java.lang.Object java.lang.invoke.DirectMethodHandle$Holder.invokeStaticInit(java.lang.Object)'> (0x000000074d496b30) 
thrown [t:\workspace\open\src\hotspot\share\interpreter\linkResolver.cpp, line 766]
Event: 0.170 Thread 0x0000022a402f67f0 Exception <a 'java/lang/NoSuchMethodError'{0x000000074d4a5270}: 'void java.lang.invoke.DirectMethodHandle$Holder.invokeStatic(java.lang.Object, java.lang.Object)'> (0x000000074d4a5270) 
thrown [t:\workspace\open\src\hotspot\share\interpreter\linkResolver.cpp, line 766]
Event: 0.450 Thread 0x0000022a402f67f0 Exception <a 'java/lang/NoSuchMethodError'{0x000000074dafe348}: 'void java.lang.invoke.DirectMethodHandle$Holder.invokeSpecial(java.lang.Object, java.lang.Object, java.lang.Object)'> (0x000000074dafe348) 
thrown [t:\workspace\open\src\hotspot\share\interpreter\linkResolver.cpp, line 766]
Event: 0.456 Thread 0x0000022a402f67f0 Exception <a 'java/lang/NoSuchMethodError'{0x000000074db354f8}: 'void java.lang.invoke.DirectMethodHandle$Holder.invokeStatic(java.lang.Object, java.lang.Object, java.lang.Object)'> (0x000000074db354f8) 
thrown [t:\workspace\open\src\hotspot\share\interpreter\linkResolver.cpp, line 766]
Event: 0.477 Thread 0x0000022a402f67f0 Exception <a 'java/lang/NoSuchMethodError'{0x000000074db52470}: 'int java.lang.invoke.DirectMethodHandle$Holder.invokeStaticInit(java.lang.Object, java.lang.Object, java.lang.Object)'> (0x000000074db52470) 
thrown [t:\workspace\open\src\hotspot\share\interpreter\linkResolver.cpp, line 766]
Event: 0.495 Thread 0x0000022a402f67f0 Exception <a 'java/lang/NoSuchMethodError'{0x000000074d8a4e08}: 'java.lang.Object java.lang.invoke.DirectMethodHandle$Holder.newInvokeSpecial(java.lang.Object, java.lang.Object, int, java.lang.Object)'> (0x000000074d8a4e08) 
thrown [t:\workspace\open\src\hotspot\share\interpreter\linkResolver.cpp, line 766]
Event: 0.495 Thread 0x0000022a402f67f0 Exception <a 'java/lang/NoSuchMethodError'{0x000000074d8a91e8}: 'java.lang.Object java.lang.invoke.DirectMethodHandle$Holder.invokeSpecial(java.lang.Object, java.lang.Object, java.lang.Object, int, java.lang.Object)'> (0x000000074d8a91e8) 
thrown [t:\workspace\open\src\hotspot\share\interpreter\linkResolver.cpp, line 766]
Event: 0.537 Thread 0x0000022a634a6bf0 Exception <a 'java/lang/NoSuchMethodError'{0x000000074d740740}: 'void java.lang.invoke.DirectMethodHandle$Holder.invokeStaticInit(java.lang.Object)'> (0x000000074d740740) 
thrown [t:\workspace\open\src\hotspot\share\interpreter\linkResolver.cpp, line 766]
Event: 0.539 Thread 0x0000022a402f67f0 Exception <a 'java/lang/NoSuchMethodError'{0x000000074d8e7470}: 'java.lang.Object java.lang.invoke.DirectMethodHandle$Holder.newInvokeSpecial(java.lang.Object, java.lang.Object, java.lang.Object, java.lang.Object, java.lang.Object, java.lang.Object)'> (0x000000074d8e7470) 
thrown [t:\workspace\open\src\hotspot\share\interpreter\linkResolver.cpp, line 766]
Event: 0.556 Thread 0x0000022a402f67f0 Exception <a 'java/lang/NoSuchMethodError'{0x000000074d917d60}: 'java.lang.Object java.lang.invoke.DirectMethodHandle$Holder.newInvokeSpecial(java.lang.Object, java.lang.Object, java.lang.Object, java.lang.Object, java.lang.Object)'> (0x000000074d917d60) 
thrown [t:\workspace\open\src\hotspot\share\interpreter\linkResolver.cpp, line 766]
Event: 0.557 Thread 0x0000022a6362fa20 Exception <a 'java/lang/NoSuchMethodError'{0x000000074d7c3d60}: 'void java.lang.invoke.DirectMethodHandle$Holder.invokeStatic(java.lang.Object, java.lang.Object, java.lang.Object, java.lang.Object)'> (0x000000074d7c3d60) 
thrown [t:\workspace\open\src\hotspot\share\interpreter\linkResolver.cpp, line 766]
Event: 0.660 Thread 0x0000022a634a6bf0 Exception <a 'java/lang/NoSuchMethodError'{0x000000074cc37d38}: 'java.lang.Object java.lang.invoke.DirectMethodHandle$Holder.invokeStaticInit(java.lang.Object, java.lang.Object, java.lang.Object, java.lang.Object)'> (0x000000074cc37d38) 
thrown [t:\workspace\open\src\hotspot\share\interpreter\linkResolver.cpp, line 766]
Event: 0.661 Thread 0x0000022a634a6bf0 Exception <a 'java/lang/NullPointerException'{0x000000074cc43af0}> (0x000000074cc43af0) 
thrown [t:\workspace\open\src\hotspot\share\interpreter\linkResolver.cpp, line 1357]
Event: 0.751 Thread 0x0000022a634a6bf0 Exception <a 'java/lang/ClassNotFoundException'{0x000000074cbf71c8}: com/sun/glass/ui/win/themes> (0x000000074cbf71c8) 
thrown [t:\workspace\open\src\hotspot\share\prims\jni.cpp, line 535]
Event: 0.757 Thread 0x0000022a634a6bf0 Exception <a 'java/lang/ClassNotFoundException'{0x000000074da04dd0}: com/sun/glass/ui/win/themes_en> (0x000000074da04dd0) 
thrown [t:\workspace\open\src\hotspot\share\prims\jni.cpp, line 535]
Event: 0.757 Thread 0x0000022a634a6bf0 Exception <a 'java/lang/ClassNotFoundException'{0x000000074da0ce18}: com/sun/glass/ui/win/themes_en_US> (0x000000074da0ce18) 
thrown [t:\workspace\open\src\hotspot\share\prims\jni.cpp, line 535]

VM Operations (12 events):
Event: 0.113 Executing VM operation: HandshakeAllThreads
Event: 0.113 Executing VM operation: HandshakeAllThreads done
Event: 0.148 Executing VM operation: HandshakeAllThreads
Event: 0.148 Executing VM operation: HandshakeAllThreads done
Event: 0.441 Executing VM operation: G1CollectForAllocation
Event: 0.443 Executing VM operation: G1CollectForAllocation done
Event: 0.485 Executing VM operation: HandshakeAllThreads
Event: 0.485 Executing VM operation: HandshakeAllThreads done
Event: 0.605 Executing VM operation: HandshakeAllThreads
Event: 0.605 Executing VM operation: HandshakeAllThreads done
Event: 0.752 Executing VM operation: G1CollectForAllocation
Event: 0.756 Executing VM operation: G1CollectForAllocation done

Events (20 events):
Event: 0.752 loading class sun/util/PropertyResourceBundleCharset$PropertiesFileDecoder done
Event: 0.757 loading class java/util/ResourceBundle$BundleReference
Event: 0.757 loading class java/util/ResourceBundle$BundleReference done
Event: 0.760 loading class java/net/URISyntaxException
Event: 0.760 loading class java/net/URISyntaxException done
Event: 0.761 loading class java/security/AccessControlException
Event: 0.761 loading class java/security/AccessControlException done
Event: 0.761 loading class java/security/PrivilegedActionException
Event: 0.761 loading class java/security/PrivilegedActionException done
Event: 0.761 loading class java/nio/charset/IllegalCharsetNameException
Event: 0.761 loading class java/nio/charset/IllegalCharsetNameException done
Event: 0.761 loading class java/nio/charset/UnsupportedCharsetException
Event: 0.761 loading class java/nio/charset/UnsupportedCharsetException done
Event: 0.761 loading class java/io/FileNotFoundException
Event: 0.761 loading class java/io/FileNotFoundException done
Event: 0.775 loading class java/text/CharacterIterator
Event: 0.775 loading class java/text/CharacterIterator done
Event: 0.777 loading class java/io/FilenameFilter
Event: 0.777 loading class java/io/FilenameFilter done
Event: 0.783 Loaded shared library C:\Users\pc\.openjfx\cache\17.0.1\javafx_font.dll


Dynamic libraries:
0x00007ff64c850000 - 0x00007ff64c860000 	C:\Program Files\Java\jdk-17.0.2\bin\java.exe
0x00007fff30180000 - 0x00007fff3036d000 	C:\Windows\SYSTEM32\ntdll.dll
0x00007fff2d6b0000 - 0x00007fff2d764000 	C:\Windows\System32\KERNEL32.DLL
0x00007fff2c300000 - 0x00007fff2c594000 	C:\Windows\System32\KERNELBASE.dll
0x00007fff2d190000 - 0x00007fff2d28a000 	C:\Windows\System32\ucrtbase.dll
0x00007fff25470000 - 0x00007fff25488000 	C:\Program Files\Java\jdk-17.0.2\bin\jli.dll
0x00007fff2d580000 - 0x00007fff2d627000 	C:\Windows\System32\ADVAPI32.dll
0x00007fff1f170000 - 0x00007fff1f18a000 	C:\Program Files\Java\jdk-17.0.2\bin\VCRUNTIME140.dll
0x00007fff2e150000 - 0x00007fff2e1ee000 	C:\Windows\System32\msvcrt.dll
0x00007fff30020000 - 0x00007fff300bf000 	C:\Windows\System32\sechost.dll
0x00007fff2ddd0000 - 0x00007fff2deed000 	C:\Windows\System32\RPCRT4.dll
0x00007fff2d3e0000 - 0x00007fff2d577000 	C:\Windows\System32\USER32.dll
0x00007fff2c5a0000 - 0x00007fff2c5c0000 	C:\Windows\System32\win32u.dll
0x00007fff2f900000 - 0x00007fff2f929000 	C:\Windows\System32\GDI32.dll
0x00007fff2c850000 - 0x00007fff2c9ec000 	C:\Windows\System32\gdi32full.dll
0x00007fff2d290000 - 0x00007fff2d330000 	C:\Windows\System32\msvcp_win.dll
0x00007fff19500000 - 0x00007fff19779000 	C:\Windows\WinSxS\amd64_microsoft.windows.common-controls_6595b64144ccf1df_6.0.17763.2803_none_de6d9ee8534e8a05\COMCTL32.dll
0x00007fff2fa90000 - 0x00007fff2fdbd000 	C:\Windows\System32\combase.dll
0x00007fff2c5c0000 - 0x00007fff2c642000 	C:\Windows\System32\bcryptPrimitives.dll
0x00007fff26950000 - 0x00007fff2695a000 	C:\Windows\SYSTEM32\VERSION.dll
0x00007fff2ff90000 - 0x00007fff2ffbe000 	C:\Windows\System32\IMM32.DLL
0x00007fff28300000 - 0x00007fff2830c000 	C:\Program Files\Java\jdk-17.0.2\bin\vcruntime140_1.dll
0x00007ffef58d0000 - 0x00007ffef595d000 	C:\Program Files\Java\jdk-17.0.2\bin\msvcp140.dll
0x00007ffec9910000 - 0x00007ffeca4d1000 	C:\Program Files\Java\jdk-17.0.2\bin\server\jvm.dll
0x00007fff2d6a0000 - 0x00007fff2d6a8000 	C:\Windows\System32\PSAPI.DLL
0x00007fff19300000 - 0x00007fff19309000 	C:\Windows\SYSTEM32\WSOCK32.dll
0x00007fff2d630000 - 0x00007fff2d69d000 	C:\Windows\System32\WS2_32.dll
0x00007fff27dc0000 - 0x00007fff27de4000 	C:\Windows\SYSTEM32\WINMM.dll
0x00007fff27d90000 - 0x00007fff27dbd000 	C:\Windows\SYSTEM32\WINMMBASE.dll
0x00007fff2c9f0000 - 0x00007fff2ca3a000 	C:\Windows\System32\cfgmgr32.dll
0x00007fff2c130000 - 0x00007fff2c141000 	C:\Windows\System32\kernel.appcore.dll
0x00007fff282d0000 - 0x00007fff282da000 	C:\Program Files\Java\jdk-17.0.2\bin\jimage.dll
0x00007fff2aa10000 - 0x00007fff2abfd000 	C:\Windows\SYSTEM32\DBGHELP.DLL
0x00007fff17360000 - 0x00007fff1738a000 	C:\Windows\SYSTEM32\dbgcore.DLL
0x00007fff1f140000 - 0x00007fff1f165000 	C:\Program Files\Java\jdk-17.0.2\bin\java.dll
0x00007ffef42c0000 - 0x00007ffef4396000 	C:\Program Files\Java\jdk-17.0.2\bin\jsvml.dll
0x00007fff2e330000 - 0x00007fff2f828000 	C:\Windows\System32\SHELL32.dll
0x00007fff2df70000 - 0x00007fff2e018000 	C:\Windows\System32\shcore.dll
0x00007fff2ca40000 - 0x00007fff2d188000 	C:\Windows\System32\windows.storage.dll
0x00007fff2c1b0000 - 0x00007fff2c1d4000 	C:\Windows\System32\profapi.dll
0x00007fff2c150000 - 0x00007fff2c1ad000 	C:\Windows\System32\powrprof.dll
0x00007fff300c0000 - 0x00007fff30112000 	C:\Windows\System32\shlwapi.dll
0x00007fff2d360000 - 0x00007fff2d377000 	C:\Windows\System32\cryptsp.dll
0x00007fff1f120000 - 0x00007fff1f139000 	C:\Program Files\Java\jdk-17.0.2\bin\net.dll
0x00007fff1dea0000 - 0x00007fff1df91000 	C:\Windows\SYSTEM32\WINHTTP.dll
0x00007fff2b960000 - 0x00007fff2b9c7000 	C:\Windows\system32\mswsock.dll
0x00007fff1dc50000 - 0x00007fff1dc66000 	C:\Program Files\Java\jdk-17.0.2\bin\nio.dll
0x00007fff1a000000 - 0x00007fff1a018000 	C:\Program Files\Java\jdk-17.0.2\bin\zip.dll
0x0000022a40400000 - 0x0000022a40403000 	C:\Users\pc\.openjfx\cache\17.0.1\api-ms-win-core-console-l1-1-0.dll
0x0000022a40410000 - 0x0000022a40413000 	C:\Users\pc\.openjfx\cache\17.0.1\api-ms-win-core-console-l1-2-0.dll
0x0000022a62210000 - 0x0000022a62213000 	C:\Users\pc\.openjfx\cache\17.0.1\api-ms-win-core-datetime-l1-1-0.dll
0x0000022a62220000 - 0x0000022a62223000 	C:\Users\pc\.openjfx\cache\17.0.1\api-ms-win-core-debug-l1-1-0.dll
0x0000022a62230000 - 0x0000022a62233000 	C:\Users\pc\.openjfx\cache\17.0.1\api-ms-win-core-errorhandling-l1-1-0.dll
0x0000022a62240000 - 0x0000022a62244000 	C:\Users\pc\.openjfx\cache\17.0.1\api-ms-win-core-file-l1-1-0.dll
0x0000022a62250000 - 0x0000022a62253000 	C:\Users\pc\.openjfx\cache\17.0.1\api-ms-win-core-file-l1-2-0.dll
0x0000022a62260000 - 0x0000022a62263000 	C:\Users\pc\.openjfx\cache\17.0.1\api-ms-win-core-file-l2-1-0.dll
0x0000022a62270000 - 0x0000022a62273000 	C:\Users\pc\.openjfx\cache\17.0.1\api-ms-win-core-handle-l1-1-0.dll
0x0000022a62280000 - 0x0000022a62283000 	C:\Users\pc\.openjfx\cache\17.0.1\api-ms-win-core-heap-l1-1-0.dll
0x0000022a62290000 - 0x0000022a62293000 	C:\Users\pc\.openjfx\cache\17.0.1\api-ms-win-core-interlocked-l1-1-0.dll
0x0000022a622a0000 - 0x0000022a622a3000 	C:\Users\pc\.openjfx\cache\17.0.1\api-ms-win-core-libraryloader-l1-1-0.dll
0x0000022a622b0000 - 0x0000022a622b3000 	C:\Users\pc\.openjfx\cache\17.0.1\api-ms-win-core-localization-l1-2-0.dll
0x0000022a622c0000 - 0x0000022a622c3000 	C:\Users\pc\.openjfx\cache\17.0.1\api-ms-win-core-memory-l1-1-0.dll
0x0000022a622d0000 - 0x0000022a622d3000 	C:\Users\pc\.openjfx\cache\17.0.1\api-ms-win-core-namedpipe-l1-1-0.dll
0x0000022a622e0000 - 0x0000022a622e3000 	C:\Users\pc\.openjfx\cache\17.0.1\api-ms-win-core-processenvironment-l1-1-0.dll
0x0000022a622f0000 - 0x0000022a622f3000 	C:\Users\pc\.openjfx\cache\17.0.1\api-ms-win-core-processthreads-l1-1-0.dll
0x0000022a62300000 - 0x0000022a62303000 	C:\Users\pc\.openjfx\cache\17.0.1\api-ms-win-core-processthreads-l1-1-1.dll
0x0000022a62310000 - 0x0000022a62313000 	C:\Users\pc\.openjfx\cache\17.0.1\api-ms-win-core-profile-l1-1-0.dll
0x0000022a62320000 - 0x0000022a62323000 	C:\Users\pc\.openjfx\cache\17.0.1\api-ms-win-core-rtlsupport-l1-1-0.dll
0x0000022a62330000 - 0x0000022a62333000 	C:\Users\pc\.openjfx\cache\17.0.1\api-ms-win-core-string-l1-1-0.dll
0x0000022a62340000 - 0x0000022a62343000 	C:\Users\pc\.openjfx\cache\17.0.1\api-ms-win-core-synch-l1-1-0.dll
0x0000022a62350000 - 0x0000022a62353000 	C:\Users\pc\.openjfx\cache\17.0.1\api-ms-win-core-synch-l1-2-0.dll
0x0000022a62360000 - 0x0000022a62363000 	C:\Users\pc\.openjfx\cache\17.0.1\api-ms-win-core-sysinfo-l1-1-0.dll
0x0000022a62370000 - 0x0000022a62373000 	C:\Users\pc\.openjfx\cache\17.0.1\api-ms-win-core-timezone-l1-1-0.dll
0x0000022a62380000 - 0x0000022a62383000 	C:\Users\pc\.openjfx\cache\17.0.1\api-ms-win-core-util-l1-1-0.dll
0x0000022a62390000 - 0x0000022a62393000 	C:\Users\pc\.openjfx\cache\17.0.1\api-ms-win-crt-conio-l1-1-0.dll
0x0000022a623a0000 - 0x0000022a623a4000 	C:\Users\pc\.openjfx\cache\17.0.1\api-ms-win-crt-convert-l1-1-0.dll
0x0000022a623b0000 - 0x0000022a623b3000 	C:\Users\pc\.openjfx\cache\17.0.1\api-ms-win-crt-environment-l1-1-0.dll
0x0000022a623c0000 - 0x0000022a623c3000 	C:\Users\pc\.openjfx\cache\17.0.1\api-ms-win-crt-filesystem-l1-1-0.dll
0x0000022a623d0000 - 0x0000022a623d3000 	C:\Users\pc\.openjfx\cache\17.0.1\api-ms-win-crt-heap-l1-1-0.dll
0x0000022a623e0000 - 0x0000022a623e3000 	C:\Users\pc\.openjfx\cache\17.0.1\api-ms-win-crt-locale-l1-1-0.dll
0x0000022a623f0000 - 0x0000022a623f5000 	C:\Users\pc\.openjfx\cache\17.0.1\api-ms-win-crt-math-l1-1-0.dll
0x0000022a63800000 - 0x0000022a63805000 	C:\Users\pc\.openjfx\cache\17.0.1\api-ms-win-crt-multibyte-l1-1-0.dll
0x0000022a63810000 - 0x0000022a63820000 	C:\Users\pc\.openjfx\cache\17.0.1\api-ms-win-crt-private-l1-1-0.dll
0x0000022a63820000 - 0x0000022a63823000 	C:\Users\pc\.openjfx\cache\17.0.1\api-ms-win-crt-process-l1-1-0.dll
0x0000022a63830000 - 0x0000022a63834000 	C:\Users\pc\.openjfx\cache\17.0.1\api-ms-win-crt-runtime-l1-1-0.dll
0x0000022a63840000 - 0x0000022a63844000 	C:\Users\pc\.openjfx\cache\17.0.1\api-ms-win-crt-stdio-l1-1-0.dll
0x0000022a63850000 - 0x0000022a63854000 	C:\Users\pc\.openjfx\cache\17.0.1\api-ms-win-crt-string-l1-1-0.dll
0x0000022a63860000 - 0x0000022a63863000 	C:\Users\pc\.openjfx\cache\17.0.1\api-ms-win-crt-time-l1-1-0.dll
0x0000022a63870000 - 0x0000022a63873000 	C:\Users\pc\.openjfx\cache\17.0.1\api-ms-win-crt-utility-l1-1-0.dll
0x00007ffef5b10000 - 0x00007ffef5c0c000 	C:\Users\pc\.openjfx\cache\17.0.1\ucrtbase.dll
0x00007fff11490000 - 0x00007fff114aa000 	C:\Users\pc\.openjfx\cache\17.0.1\vcruntime140.dll
0x00007fff1d9f0000 - 0x00007fff1d9fc000 	C:\Users\pc\.openjfx\cache\17.0.1\vcruntime140_1.dll
0x00007ffef5a80000 - 0x00007ffef5b0d000 	C:\Users\pc\.openjfx\cache\17.0.1\msvcp140.dll
0x00007fff11460000 - 0x00007fff1148a000 	C:\Users\pc\.openjfx\cache\17.0.1\prism_d3d.dll
0x00007ffef5730000 - 0x00007ffef58ce000 	C:\Windows\system32\d3d9.dll
0x00007fff2a370000 - 0x00007fff2a39e000 	C:\Windows\SYSTEM32\dwmapi.dll
0x00007fff2c650000 - 0x00007fff2c845000 	C:\Windows\System32\CRYPT32.dll
0x00007fff2c110000 - 0x00007fff2c122000 	C:\Windows\System32\MSASN1.dll
0x00007fff29700000 - 0x00007fff2979c000 	C:\Windows\system32\uxtheme.dll
0x00007ffedcdb0000 - 0x00007ffedcf13000 	C:\Windows\System32\DriverStore\FileRepository\igdlh64.inf_amd64_2cec8fd58a80e6ea\igdumdim64.dll
0x00007ffed93a0000 - 0x00007ffedcda4000 	C:\Windows\System32\DriverStore\FileRepository\igdlh64.inf_amd64_2cec8fd58a80e6ea\igd9dxva64.dll
0x00007fff2f930000 - 0x00007fff2fa86000 	C:\Windows\System32\ole32.dll
0x00007fff2f830000 - 0x00007fff2f8f4000 	C:\Windows\System32\OLEAUT32.dll
0x00007fff2d770000 - 0x00007fff2dbe6000 	C:\Windows\System32\SETUPAPI.dll
0x00007fff2d330000 - 0x00007fff2d356000 	C:\Windows\System32\bcrypt.dll
0x00007fff230f0000 - 0x00007fff2332f000 	C:\Windows\System32\DriverStore\FileRepository\igdlh64.inf_amd64_2cec8fd58a80e6ea\igdgmm64.dll
0x00007ffef54a0000 - 0x00007ffef54e2000 	C:\Users\pc\.openjfx\cache\17.0.1\glass.dll
0x00007fff2e1f0000 - 0x00007fff2e317000 	C:\Windows\System32\COMDLG32.dll
0x00007fff2fdc0000 - 0x00007fff2ff2b000 	C:\Windows\System32\MSCTF.dll
0x00007ffef5610000 - 0x00007ffef5637000 	C:\Windows\System32\DriverStore\FileRepository\igdlh64.inf_amd64_2cec8fd58a80e6ea\igdinfo64.dll
0x00007fff1fd40000 - 0x00007fff229a2000 	C:\Windows\System32\DriverStore\FileRepository\igdlh64.inf_amd64_2cec8fd58a80e6ea\igc64.dll
0x00007fff0c060000 - 0x00007fff0c074000 	C:\Users\pc\.openjfx\cache\17.0.1\javafx_font.dll

dbghelp: loaded successfully - version: 4.0.5 - missing functions: none
symbol engine: initialized successfully - sym options: 0x614 - pdb path: .;C:\Program Files\Java\jdk-17.0.2\bin;C:\Windows\SYSTEM32;C:\Windows\WinSxS\amd64_microsoft.windows.common-controls_6595b64144ccf1df_6.0.17763.2803_none_de6d9ee8534e8a05;C:\Program Files\Java\jdk-17.0.2\bin\server;C:\Users\pc\.openjfx\cache\17.0.1;C:\Windows\System32\DriverStore\FileRepository\igdlh64.inf_amd64_2cec8fd58a80e6ea

VM Arguments:
jvm_args: -Dfile.encoding=windows-1252 -Duser.country=US -Duser.language=en -Duser.variant --module-path=D:\study\Sfour\POO\TP\build\libs\tp-1.0-SNAPSHOT.jar;D:\study\Sfour\POO\TP\build\classes\java\main;C:\Users\pc\.gradle\caches\modules-2\files-2.1\org.openjfx\javafx-fxml\17.0.1\3c4928d8de8e84617b28d370ac1115a1a2267c68\javafx-fxml-17.0.1-win.jar;C:\Users\pc\.gradle\caches\modules-2\files-2.1\org.openjfx\javafx-controls\17.0.1\dd2e517c9638c07325836d17557a365b484fd6c7\javafx-controls-17.0.1-win.jar;C:\Users\pc\.gradle\caches\modules-2\files-2.1\org.openjfx\javafx-controls\17.0.1\4aa202089425f7b3bac4566e98da4b94ad10ee00\javafx-controls-17.0.1.jar;C:\Users\pc\.gradle\caches\modules-2\files-2.1\org.openjfx\javafx-graphics\17.0.1\5e29de2d1e6320c2c8c4af9fef186d82f3953155\javafx-graphics-17.0.1-win.jar;C:\Users\pc\.gradle\caches\modules-2\files-2.1\org.openjfx\javafx-graphics\17.0.1\324fd0f6c9c55330fc64a44dde0887d9646e800a\javafx-graphics-17.0.1.jar;C:\Users\pc\.gradle\caches\modules-2\files-2.1\org.openjfx\javafx-base\17.0.1\174ca1357249f26d154583886cda6f20ba1b7887\javafx-base-17.0.1-win.jar;C:\Users\pc\.gradle\caches\modules-2\files-2.1\org.openjfx\javafx-base\17.0.1\2c53dcf0d89ff42a63b09d941cab75c5a052ef32\javafx-base-17.0.1.jar -Djdk.module.main=com.company.tp 
java_command: com.company.tp/com.company.tp.HelloApplication
java_class_path (initial): D:\study\Sfour\POO\TP\build\resources\main
Launcher Type: SUN_STANDARD

[Global flags]
     intx CICompilerCount                          = 3                                         {product} {ergonomic}
     uint ConcGCThreads                            = 1                                         {product} {ergonomic}
     uint G1ConcRefinementThreads                  = 4                                         {product} {ergonomic}
   size_t G1HeapRegionSize                         = 2097152                                   {product} {ergonomic}
    uintx GCDrainStackTargetSize                   = 64                                        {product} {ergonomic}
   size_t InitialHeapSize                          = 201326592                                 {product} {ergonomic}
   size_t MarkStackSize                            = 4194304                                   {product} {ergonomic}
   size_t MaxHeapSize                              = 3191865344                                {product} {ergonomic}
   size_t MaxNewSize                               = 1914699776                                {product} {ergonomic}
   size_t MinHeapDeltaBytes                        = 2097152                                   {product} {ergonomic}
   size_t MinHeapSize                              = 8388608                                   {product} {ergonomic}
    uintx NonNMethodCodeHeapSize                   = 5832780                                {pd product} {ergonomic}
    uintx NonProfiledCodeHeapSize                  = 122912730                              {pd product} {ergonomic}
    uintx ProfiledCodeHeapSize                     = 122912730                              {pd product} {ergonomic}
    uintx ReservedCodeCacheSize                    = 251658240                              {pd product} {ergonomic}
     bool SegmentedCodeCache                       = true                                      {product} {ergonomic}
   size_t SoftMaxHeapSize                          = 3191865344                             {manageable} {ergonomic}
     bool UseCompressedClassPointers               = true                           {product lp64_product} {ergonomic}
     bool UseCompressedOops                        = true                           {product lp64_product} {ergonomic}
     bool UseG1GC                                  = true                                      {product} {ergonomic}
     bool UseLargePagesIndividualAllocation        = false                                  {pd product} {ergonomic}

Logging:
Log output configuration:
 #0: stdout all=warning uptime,level,tags
 #1: stderr all=off uptime,level,tags

Environment Variables:
PATH=C:\Program Files\Common Files\Oracle\Java\javapath;C:\Python310\Scripts\;C:\Python310\;C:\texlive\2000\bin\win32;C:\Program Files (x86)\Common Files\Intel\Shared Libraries\redist\intel64\compiler;C:\Program Files (x86)\Common Files\Oracle\Java\javapath;C:\Windows\system32;C:\Windows;C:\Windows\System32\Wbem;C:\Windows\System32\WindowsPowerShell\v1.0\;C:\Windows\System32\OpenSSH\;C:\MinGW\bin;C:\Program Files\Vim\vim82;C:\tools\nvim-win64\Neovim\bin;C:\Program Files (x86)\Vim\vim82;C:\Program Files\Git\cmd;C:\Program Files\PuTTY\;C:\Program Files\Graphviz\bin;C:\Program Files\nodejs\;C:\ProgramData\chocolatey\bin;C:\Program Files (x86)\NoteBook FanControl\;C:\Program Files (x86)\Common Files\Oracle\Java\javapath;C:\Windows\system32;C:\Windows;C:\Windows\System32\Wbem;C:\Windows\System32\WindowsPowerShell\v1.0\;C:\Windows\System32\OpenSSH\;C:\Users\pc\AppData\Local\Microsoft\WindowsApps;C:\adb\;C:\Users\pc\AppData\Local\hyper\app-3.0.2\resources\bin;C:\Users\pc\AppData\Local\Programs\Microsoft VS Code\bin;C:\Users\pc\AppData\Local\JpegminiPro3\;C:\Users\pc\AppData\Local\GitHubDesktop\bin;C:\ProgramData\pc\GitHubDesktop\bin;C:\src\flutter\bin;C:\Users\pc\AppData\Local\Android\Sdk\tools;C:\Users\pc\AppData\Local\Android\Sdk\platform-tools;C:\Users\pc\AppData\Roaming\npm;C:\Program Files\JetBrains\IntelliJ IDEA Community Edition 2021.3.2\bin;
USERNAME=pc
OS=Windows_NT
PROCESSOR_IDENTIFIER=Intel64 Family 6 Model 142 Stepping 9, GenuineIntel



---------------  S Y S T E M  ---------------

OS:
 Windows 10 , 64 bit Build 17763 (10.0.17763.2803)
OS uptime: 1 days 22:33 hours

CPU: total 4 (initial active 4) (2 cores per cpu, 2 threads per core) family 6 model 142 stepping 9 microcode 0xde, cx8, cmov, fxsr, ht, mmx, 3dnowpref, sse, sse2, sse3, ssse3, sse4.1, sse4.2, popcnt, lzcnt, tsc, tscinvbit, avx, avx2, aes, erms, clmul, bmi1, bmi2, adx, fma, vzeroupper, clflush, clflushopt

Memory: 4k page, system-wide physical 12169M (1092M free)
TotalPageFile size 12169M (AvailPageFile size 4M)
current process WorkingSet (physical memory assigned to process): 93M, peak: 93M
current process commit charge ("private bytes"): 305M, peak: 305M

vm_info: Java HotSpot(TM) 64-Bit Server VM (17.0.2+8-LTS-86) for windows-amd64 JRE (17.0.2+8-LTS-86), built on Dec  7 2021 21:51:03 by "mach5one" with MS VC++ 16.8 / 16.9 (VS2019)

END.
