#
# There is insufficient memory for the Java Runtime Environment to continue.
# Native memory allocation (mmap) failed to map 201326592 bytes for G1 virtual space
# Possible reasons:
#   The system is out of physical RAM or swap space
#   The process is running with CompressedOops enabled, and the Java Heap may be blocking the growth of the native heap
# Possible solutions:
#   Reduce memory load on the system
#   Increase physical memory or swap space
#   Check if swap backing store is full
#   Decrease Java heap size (-Xmx/-Xms)
#   Decrease number of Java threads
#   Decrease Java thread stack sizes (-Xss)
#   Set larger code cache with -XX:ReservedCodeCacheSize=
#   JVM is running with Zero Based Compressed Oops mode in which the Java heap is
#     placed in the first 32GB address space. The Java Heap base address is the
#     maximum limit for the native heap growth. Please use -XX:HeapBaseMinAddress
#     to set the Java Heap base and to place the Java Heap above 32GB virtual address.
# This output file may be truncated or incomplete.
#
#  Out of Memory Error (os_windows.cpp:3532), pid=6824, tid=16360
#
# JRE version:  (17.0.2+8) (build )
# Java VM: Java HotSpot(TM) 64-Bit Server VM (17.0.2+8-LTS-86, mixed mode, sharing, tiered, compressed oops, compressed class ptrs, g1 gc, windows-amd64)
# No core dump will be written. Minidumps are not enabled by default on client versions of Windows
#

---------------  S U M M A R Y ------------

Command Line: -Dfile.encoding=windows-1252 -Duser.country=US -Duser.language=en -Duser.variant --module-path=D:\study\Sfour\POO\TP\build\libs\tp-1.0-SNAPSHOT.jar;D:\study\Sfour\POO\TP\build\classes\java\main;C:\Users\pc\.gradle\caches\modules-2\files-2.1\org.openjfx\javafx-fxml\17.0.1\3c4928d8de8e84617b28d370ac1115a1a2267c68\javafx-fxml-17.0.1-win.jar;C:\Users\pc\.gradle\caches\modules-2\files-2.1\org.openjfx\javafx-controls\17.0.1\dd2e517c9638c07325836d17557a365b484fd6c7\javafx-controls-17.0.1-win.jar;C:\Users\pc\.gradle\caches\modules-2\files-2.1\org.openjfx\javafx-controls\17.0.1\4aa202089425f7b3bac4566e98da4b94ad10ee00\javafx-controls-17.0.1.jar;C:\Users\pc\.gradle\caches\modules-2\files-2.1\org.openjfx\javafx-graphics\17.0.1\5e29de2d1e6320c2c8c4af9fef186d82f3953155\javafx-graphics-17.0.1-win.jar;C:\Users\pc\.gradle\caches\modules-2\files-2.1\org.openjfx\javafx-graphics\17.0.1\324fd0f6c9c55330fc64a44dde0887d9646e800a\javafx-graphics-17.0.1.jar;C:\Users\pc\.gradle\caches\modules-2\files-2.1\org.openjfx\javafx-base\17.0.1\174ca1357249f26d154583886cda6f20ba1b7887\javafx-base-17.0.1-win.jar;C:\Users\pc\.gradle\caches\modules-2\files-2.1\org.openjfx\javafx-base\17.0.1\2c53dcf0d89ff42a63b09d941cab75c5a052ef32\javafx-base-17.0.1.jar -Djdk.module.main=com.company.tp com.company.tp/com.company.tp.HelloApplication

Host: Intel(R) Core(TM) i7-7500U CPU @ 2.70GHz, 4 cores, 11G,  Windows 10 , 64 bit Build 17763 (10.0.17763.2803)
Time: Wed May 11 06:02:19 2022 W. Central Africa Standard Time elapsed time: 0.017513 seconds (0d 0h 0m 0s)

---------------  T H R E A D  ---------------

Current thread (0x000001e938a667f0):  JavaThread "Unknown thread" [_thread_in_vm, id=16360, stack(0x0000001919800000,0x0000001919900000)]

Stack: [0x0000001919800000,0x0000001919900000]
Native frames: (J=compiled Java code, j=interpreted, Vv=VM code, C=native code)
V  [jvm.dll+0x670baa]
V  [jvm.dll+0x7cfcb4]
V  [jvm.dll+0x7d145e]
V  [jvm.dll+0x7d1ac3]
V  [jvm.dll+0x242bc5]
V  [jvm.dll+0x66dac9]
V  [jvm.dll+0x662412]
V  [jvm.dll+0x300c0b]
V  [jvm.dll+0x3081a6]
V  [jvm.dll+0x357d0e]
V  [jvm.dll+0x357f3f]
V  [jvm.dll+0x2d7ec8]
V  [jvm.dll+0x2d8e34]
V  [jvm.dll+0x7a18c1]
V  [jvm.dll+0x365a91]
V  [jvm.dll+0x780d2c]
V  [jvm.dll+0x3e845f]
V  [jvm.dll+0x3e9f01]
C  [jli.dll+0x527b]
C  [ucrtbase.dll+0x2268a]
C  [KERNEL32.DLL+0x17974]
C  [ntdll.dll+0x5a2f1]


---------------  P R O C E S S  ---------------

Threads class SMR info:
_java_thread_list=0x00007ffeca3a9858, length=0, elements={
}

Java Threads: ( => current thread )

Other Threads:
  0x000001e938aa58d0 GCTaskThread "GC Thread#0" [stack: 0x0000001919900000,0x0000001919a00000] [id=13484]
  0x000001e938ab3a60 ConcurrentGCThread "G1 Main Marker" [stack: 0x0000001919a00000,0x0000001919b00000] [id=15644]
  0x000001e938ab5480 ConcurrentGCThread "G1 Conc#0" [stack: 0x0000001919b00000,0x0000001919c00000] [id=14712]

[error occurred during error reporting (printing all threads), id 0xc0000005, EXCEPTION_ACCESS_VIOLATION (0xc0000005) at pc=0x00007ffec9bf88a7]

VM state: not at safepoint (not fully initialized)

VM Mutex/Monitor currently owned by a thread:  ([mutex/lock_event])
[0x000001e938a63570] Heap_lock - owner thread: 0x000001e938a667f0

Heap address: 0x0000000741c00000, size: 3044 MB, Compressed Oops mode: Zero based, Oop shift amount: 3

CDS archive(s) mapped at: [0x0000000000000000-0x0000000000000000-0x0000000000000000), size 0, SharedBaseAddress: 0x0000000800000000, ArchiveRelocationMode: 0.
Narrow klass base: 0x0000000000000000, Narrow klass shift: 0, Narrow klass range: 0x0

GC Precious Log:
<Empty>

Heap:
 garbage-first heap   total 0K, used 0K [0x0000000741c00000, 0x0000000800000000)
  region size 2048K, 0 young (0K), 0 survivors (0K)

[error occurred during error reporting (printing heap information), id 0xc0000005, EXCEPTION_ACCESS_VIOLATION (0xc0000005) at pc=0x00007ffec9fd9f19]

GC Heap History (0 events):
No events

Deoptimization events (0 events):
No events

Classes unloaded (0 events):
No events

Classes redefined (0 events):
No events

Internal exceptions (0 events):
No events

VM Operations (0 events):
No events

Events (1 events):
Event: 0.009 Loaded shared library C:\Program Files\Java\jdk-17.0.2\bin\java.dll


Dynamic libraries:
0x00007ff64c850000 - 0x00007ff64c860000 	C:\Program Files\Java\jdk-17.0.2\bin\java.exe
0x00007fff30180000 - 0x00007fff3036d000 	C:\Windows\SYSTEM32\ntdll.dll
0x00007fff2d6b0000 - 0x00007fff2d764000 	C:\Windows\System32\KERNEL32.DLL
0x00007fff2c300000 - 0x00007fff2c594000 	C:\Windows\System32\KERNELBASE.dll
0x00007fff2d190000 - 0x00007fff2d28a000 	C:\Windows\System32\ucrtbase.dll
0x00007fff25470000 - 0x00007fff25488000 	C:\Program Files\Java\jdk-17.0.2\bin\jli.dll
0x00007fff2d580000 - 0x00007fff2d627000 	C:\Windows\System32\ADVAPI32.dll
0x00007fff2e150000 - 0x00007fff2e1ee000 	C:\Windows\System32\msvcrt.dll
0x00007fff30020000 - 0x00007fff300bf000 	C:\Windows\System32\sechost.dll
0x00007fff2ddd0000 - 0x00007fff2deed000 	C:\Windows\System32\RPCRT4.dll
0x00007fff2d3e0000 - 0x00007fff2d577000 	C:\Windows\System32\USER32.dll
0x00007fff2c5a0000 - 0x00007fff2c5c0000 	C:\Windows\System32\win32u.dll
0x00007fff2f900000 - 0x00007fff2f929000 	C:\Windows\System32\GDI32.dll
0x00007fff2c850000 - 0x00007fff2c9ec000 	C:\Windows\System32\gdi32full.dll
0x00007fff2d290000 - 0x00007fff2d330000 	C:\Windows\System32\msvcp_win.dll
0x00007fff1f170000 - 0x00007fff1f18a000 	C:\Program Files\Java\jdk-17.0.2\bin\VCRUNTIME140.dll
0x00007fff19500000 - 0x00007fff19779000 	C:\Windows\WinSxS\amd64_microsoft.windows.common-controls_6595b64144ccf1df_6.0.17763.2803_none_de6d9ee8534e8a05\COMCTL32.dll
0x00007fff2fa90000 - 0x00007fff2fdbd000 	C:\Windows\System32\combase.dll
0x00007fff2c5c0000 - 0x00007fff2c642000 	C:\Windows\System32\bcryptPrimitives.dll
0x00007fff26950000 - 0x00007fff2695a000 	C:\Windows\SYSTEM32\VERSION.dll
0x00007fff2ff90000 - 0x00007fff2ffbe000 	C:\Windows\System32\IMM32.DLL
0x00007fff28300000 - 0x00007fff2830c000 	C:\Program Files\Java\jdk-17.0.2\bin\vcruntime140_1.dll
0x00007ffef58d0000 - 0x00007ffef595d000 	C:\Program Files\Java\jdk-17.0.2\bin\msvcp140.dll
0x00007ffec9910000 - 0x00007ffeca4d1000 	C:\Program Files\Java\jdk-17.0.2\bin\server\jvm.dll
0x00007fff2d6a0000 - 0x00007fff2d6a8000 	C:\Windows\System32\PSAPI.DLL
0x00007fff19300000 - 0x00007fff19309000 	C:\Windows\SYSTEM32\WSOCK32.dll
0x00007fff2d630000 - 0x00007fff2d69d000 	C:\Windows\System32\WS2_32.dll
0x00007fff27dc0000 - 0x00007fff27de4000 	C:\Windows\SYSTEM32\WINMM.dll
0x00007fff27d90000 - 0x00007fff27dbd000 	C:\Windows\SYSTEM32\WINMMBASE.dll
0x00007fff2c9f0000 - 0x00007fff2ca3a000 	C:\Windows\System32\cfgmgr32.dll
0x00007fff2c130000 - 0x00007fff2c141000 	C:\Windows\System32\kernel.appcore.dll
0x00007fff282d0000 - 0x00007fff282da000 	C:\Program Files\Java\jdk-17.0.2\bin\jimage.dll
0x00007fff2aa10000 - 0x00007fff2abfd000 	C:\Windows\SYSTEM32\DBGHELP.DLL
0x00007fff17360000 - 0x00007fff1738a000 	C:\Windows\SYSTEM32\dbgcore.DLL
0x00007fff1f140000 - 0x00007fff1f165000 	C:\Program Files\Java\jdk-17.0.2\bin\java.dll

dbghelp: loaded successfully - version: 4.0.5 - missing functions: none
symbol engine: initialized successfully - sym options: 0x614 - pdb path: .;C:\Program Files\Java\jdk-17.0.2\bin;C:\Windows\SYSTEM32;C:\Windows\WinSxS\amd64_microsoft.windows.common-controls_6595b64144ccf1df_6.0.17763.2803_none_de6d9ee8534e8a05;C:\Program Files\Java\jdk-17.0.2\bin\server

VM Arguments:
jvm_args: -Dfile.encoding=windows-1252 -Duser.country=US -Duser.language=en -Duser.variant --module-path=D:\study\Sfour\POO\TP\build\libs\tp-1.0-SNAPSHOT.jar;D:\study\Sfour\POO\TP\build\classes\java\main;C:\Users\pc\.gradle\caches\modules-2\files-2.1\org.openjfx\javafx-fxml\17.0.1\3c4928d8de8e84617b28d370ac1115a1a2267c68\javafx-fxml-17.0.1-win.jar;C:\Users\pc\.gradle\caches\modules-2\files-2.1\org.openjfx\javafx-controls\17.0.1\dd2e517c9638c07325836d17557a365b484fd6c7\javafx-controls-17.0.1-win.jar;C:\Users\pc\.gradle\caches\modules-2\files-2.1\org.openjfx\javafx-controls\17.0.1\4aa202089425f7b3bac4566e98da4b94ad10ee00\javafx-controls-17.0.1.jar;C:\Users\pc\.gradle\caches\modules-2\files-2.1\org.openjfx\javafx-graphics\17.0.1\5e29de2d1e6320c2c8c4af9fef186d82f3953155\javafx-graphics-17.0.1-win.jar;C:\Users\pc\.gradle\caches\modules-2\files-2.1\org.openjfx\javafx-graphics\17.0.1\324fd0f6c9c55330fc64a44dde0887d9646e800a\javafx-graphics-17.0.1.jar;C:\Users\pc\.gradle\caches\modules-2\files-2.1\org.openjfx\javafx-base\17.0.1\174ca1357249f26d154583886cda6f20ba1b7887\javafx-base-17.0.1-win.jar;C:\Users\pc\.gradle\caches\modules-2\files-2.1\org.openjfx\javafx-base\17.0.1\2c53dcf0d89ff42a63b09d941cab75c5a052ef32\javafx-base-17.0.1.jar -Djdk.module.main=com.company.tp 
java_command: com.company.tp/com.company.tp.HelloApplication
java_class_path (initial): D:\study\Sfour\POO\TP\build\resources\main
Launcher Type: SUN_STANDARD

[Global flags]
     intx CICompilerCount                          = 3                                         {product} {ergonomic}
     uint ConcGCThreads                            = 1                                         {product} {ergonomic}
     uint G1ConcRefinementThreads                  = 4                                         {product} {ergonomic}
   size_t G1HeapRegionSize                         = 2097152                                   {product} {ergonomic}
    uintx GCDrainStackTargetSize                   = 64                                        {product} {ergonomic}
   size_t InitialHeapSize                          = 201326592                                 {product} {ergonomic}
   size_t MarkStackSize                            = 4194304                                   {product} {ergonomic}
   size_t MaxHeapSize                              = 3191865344                                {product} {ergonomic}
   size_t MinHeapDeltaBytes                        = 2097152                                   {product} {ergonomic}
   size_t MinHeapSize                              = 8388608                                   {product} {ergonomic}
    uintx NonNMethodCodeHeapSize                   = 5832780                                {pd product} {ergonomic}
    uintx NonProfiledCodeHeapSize                  = 122912730                              {pd product} {ergonomic}
    uintx ProfiledCodeHeapSize                     = 122912730                              {pd product} {ergonomic}
    uintx ReservedCodeCacheSize                    = 251658240                              {pd product} {ergonomic}
     bool SegmentedCodeCache                       = true                                      {product} {ergonomic}
   size_t SoftMaxHeapSize                          = 3191865344                             {manageable} {ergonomic}
     bool UseCompressedClassPointers               = true                           {product lp64_product} {ergonomic}
     bool UseCompressedOops                        = true                           {product lp64_product} {ergonomic}
     bool UseG1GC                                  = true                                      {product} {ergonomic}
     bool UseLargePagesIndividualAllocation        = false                                  {pd product} {ergonomic}

Logging:
Log output configuration:
 #0: stdout all=warning uptime,level,tags
 #1: stderr all=off uptime,level,tags

Environment Variables:
PATH=C:\Program Files\Common Files\Oracle\Java\javapath;C:\Python310\Scripts\;C:\Python310\;C:\texlive\2000\bin\win32;C:\Program Files (x86)\Common Files\Intel\Shared Libraries\redist\intel64\compiler;C:\Program Files (x86)\Common Files\Oracle\Java\javapath;C:\Windows\system32;C:\Windows;C:\Windows\System32\Wbem;C:\Windows\System32\WindowsPowerShell\v1.0\;C:\Windows\System32\OpenSSH\;C:\MinGW\bin;C:\Program Files\Vim\vim82;C:\tools\nvim-win64\Neovim\bin;C:\Program Files (x86)\Vim\vim82;C:\Program Files\Git\cmd;C:\Program Files\PuTTY\;C:\Program Files\Graphviz\bin;C:\Program Files\nodejs\;C:\ProgramData\chocolatey\bin;C:\Program Files (x86)\NoteBook FanControl\;C:\Program Files (x86)\Common Files\Oracle\Java\javapath;C:\Windows\system32;C:\Windows;C:\Windows\System32\Wbem;C:\Windows\System32\WindowsPowerShell\v1.0\;C:\Windows\System32\OpenSSH\;C:\Users\pc\AppData\Local\Microsoft\WindowsApps;C:\adb\;C:\Users\pc\AppData\Local\hyper\app-3.0.2\resources\bin;C:\Users\pc\AppData\Local\Programs\Microsoft VS Code\bin;C:\Users\pc\AppData\Local\JpegminiPro3\;C:\Users\pc\AppData\Local\GitHubDesktop\bin;C:\ProgramData\pc\GitHubDesktop\bin;C:\src\flutter\bin;C:\Users\pc\AppData\Local\Android\Sdk\tools;C:\Users\pc\AppData\Local\Android\Sdk\platform-tools;C:\Users\pc\AppData\Roaming\npm;C:\Program Files\JetBrains\IntelliJ IDEA Community Edition 2021.3.2\bin;
USERNAME=pc
OS=Windows_NT
PROCESSOR_IDENTIFIER=Intel64 Family 6 Model 142 Stepping 9, GenuineIntel



---------------  S Y S T E M  ---------------

OS:
 Windows 10 , 64 bit Build 17763 (10.0.17763.2803)
OS uptime: 1 days 22:34 hours

CPU: total 4 (initial active 4) (2 cores per cpu, 2 threads per core) family 6 model 142 stepping 9 microcode 0xde, cx8, cmov, fxsr, ht, mmx, 3dnowpref, sse, sse2, sse3, ssse3, sse4.1, sse4.2, popcnt, lzcnt, tsc, tscinvbit, avx, avx2, aes, erms, clmul, bmi1, bmi2, adx, fma, vzeroupper, clflush, clflushopt

Memory: 4k page, system-wide physical 12169M (1101M free)
TotalPageFile size 12169M (AvailPageFile size 194M)
current process WorkingSet (physical memory assigned to process): 10M, peak: 10M
current process commit charge ("private bytes"): 51M, peak: 243M

vm_info: Java HotSpot(TM) 64-Bit Server VM (17.0.2+8-LTS-86) for windows-amd64 JRE (17.0.2+8-LTS-86), built on Dec  7 2021 21:51:03 by "mach5one" with MS VC++ 16.8 / 16.9 (VS2019)

END.
